============================================================
Album : https://anh.moe/album/Kuzu_ep.W47nD
Thread: kuzu
============================================================
[album page 1] https://anh.moe/album/Kuzu_ep.W47nD
  → 27 view links (27 new)

Total view pages to scrape: 27

  [  1/27] ✓  Kuzu-eporner-29-h360
  [  2/27] ✓  Kuzu-eporner-28-h360
  [  3/27] ✓  Kuzu-eporner-27-h480
  [  4/27] ✓  Kuzu-eporner-26-h480
  [  5/27] ✓  Kuzu-eporner-25-h360
  [  6/27] ✓  Kuzu-epoener-24-h480
  [  7/27] ✓  Kuzu-eporner-23-h360
  [  8/27] ✓  Kuzu-eporner-22-h480
  [  9/27] ✓  Kuzu-eporner-21-h480
  [ 10/27] ✓  Kuzu-eporner-20-h480
  [ 11/27] ✓  Kuzu-eporner-19-h360
  [ 12/27] ✓  Kuzu-eporner-18-h480
  [ 13/27] ✓  Kuzu-eporner-17-h360
  [ 14/27] ✓  Kuzu-eporner-16-h480
  [ 15/27] ✓  Kuzu-eporner-15-h480
  [ 16/27] ✓  Kuzu-eporner-14-h240
  [ 17/27] ✓  Kuzu-eporner-13-h360
  [ 18/27] ✓  Kuzu-eporner-11-h240
  [ 19/27] ✓  Kuzu-eporner-10-h480
  [ 20/27] ✓  Kuzu-eporner-9-h480
  [ 21/27] ✓  Kuzu-eporner-8-h480
  [ 22/27] ✓  Kuzu-eporner-7-h480
  [ 23/27] ✓  Kuzu-eporner-6-h480
  [ 24/27] ✓  Kuzu-eporner-5-h480
  [ 25/27] ✓  Kuzu-eporner-4-h480
  [ 26/27] ✓  Kuzu-eporner-3-h480m
  [ 27/27] ✓  Kuzu-eporner-2-h480

============================================================
Videos found : 27
Failed/skipped: 0
First 5:
  https://cdn.save.moe/s12/RzOMUg.mp4
  https://cdn.save.moe/s11/dlaKz2X.mp4
  https://cdn.save.moe/s11/CL2k6mwi.mp4
  https://cdn.save.moe/s4/4Iiy78r.mp4
  https://cdn.save.moe/s4/buhHKJt.mp4
  Replaced existing thread 'kuzu' (90 → 27 videos)
  Total videos across all threads: 42796

Saved → videos.json  +  videos-data.js
