============================================================
Album : https://anh.moe/album/C%C3%81C-VIDE============================================================
Album : https://anh.moe/album/C%C3%81C-VIDEO-HAY.s6C6
Thread: Phim Âu Mỹ
============================================================
[album page 1] https://anh.moe/album/C%C3%81C-VIDEO-HAY.s6C6
  → 36 view links (36 new)
[album page 2] https://anh.moe/album/C%C3%81C-VIDEO-HAY.s6C6/?page=2&seek=2026-02-19+23%3A03%3A57.7R7EQr4I
  → 36 view links (36 new)
[album page 3] https://anh.moe/album/C%C3%81C-VIDEO-HAY.s6C6/?page=3&seek=2026-02-08+02%3A59%3A39.7R7XO7g0
  → 36 view links (36 new)
[album page 4] https://anh.moe/album/C%C3%81C-VIDEO-HAY.s6C6/?page=4&seek=2026-01-26+00%3A35%3A13.Zql6Ck
  → 36 view links (36 new)
[album page 5] https://anh.moe/album/C%C3%81C-VIDEO-HAY.s6C6/?page=5&seek=2026-01-05+07%3A55%3A27.ZOpDDo
  → 36 view links (36 new)
[album page 6] https://anh.moe/album/C%C3%81C-VIDEO-HAY.s6C6/?page=6&seek=2025-02-27+06%3A55%3A02.bEZwz3
  → 36 view links (36 new)
[album page 7] https://anh.moe/album/C%C3%81C-VIDEO-HAY.s6C6/?page=7&seek=2025-02-07+07%3A07%3A26.b5vtcx
  → 36 view links (36 new)
[album page 8] https://anh.moe/album/C%C3%81C-VIDEO-HAY.s6C6/?page=8&seek=2025-01-20+13%3A54%3A15.bBKZyF
  → 25 view links (25 new)

Total view pages to scrape: 277

  [  1/277] ✓  WowGirls 19 04 14 Stacy Bloom Pink Mirror XXX 1080p HEV
  [  2/277] ✓  BrazzersExxtra 26 02 28 Geishakyd Slutty Sleuth XXX 108
  [  3/277] ✓  SexArt 26 02 25 Vixi Rafi Look At Us XXX 1080p HEVC x26
  [  4/277] ✓  Milfy 25 07 23 Nickey Huntsman Naughty Blonde Doctor Ri
  [  5/277] ✓  ATKGirlfriends 26 02 26 Dez Hansen Florida 5 XXX 1080p 
  [  6/277] ✓  AuntJudysXXX 26 02 24 Penny Barber XXX 1080p HEVC x265 
  [  7/277] ✓  Milfy 25 04 23 Taylor Trophy Wife Gets Caught Cheating 
  [  8/277] ✓  TeenyTaboo 26 02 20 Gracey Snow aka Gracey Fox XXX 1080
  [  9/277] ✓  CuckHunter 26 02 23 Angelica Amore XXX 1080p HEVC x265 
  [ 10/277] ✓  Milfy 25 03 05 Crystal Clark Fit Blonde MILF Handles Co
  [ 11/277] ✓  BangPOV 26 02 24 Ashley Alexander XXX 1080p HEVC x265 P
  [ 12/277] ✓  SweetSinner 26 02 24 Melissa Stratton Playing With My S
  [ 13/277] ✓  WowGirls 19 02 14 Piper Perry Tiny Girl Who Loves Big C
  [ 14/277] ✓  SexMex 26 02 23 Emily Thorne XXX 1080p HEVC x265 PRT
  [ 15/277] ✓  FuckStudies 26 02 23 Marsa Dream XXX 1080p HEVC x265 PR
  [ 16/277] ✓  MyFriendsHotMom 26 02 24 Morgan Shipley XXX 1080p HEVC 
  [ 17/277] ✓  TeenSexMania 26 02 21 Emma Tatcher XXX 1080p HEVC x265 
  [ 18/277] ✓  SexArt 26 02 22 Rika Fane Do It Just For Me XXX 1080p H
  [ 19/277] ✓  WowGirls 18 12 16 Mila Azul Fruit Of Love XXX 1080p HEV
  [ 20/277] ✓  NetGirl 26 02 18 Jojo XXX 1080p HEVC x265 PRT
  [ 21/277] ✓  Rim4K 26 02 19 Ashly Rabbit XXX 1080p HEVC x265 PRT
  [ 22/277] ✓  NeighborAffair 26 02 22 Madison Morgan XXX 1080p HEVC x
  [ 23/277] ✓  HomeGrownEurope 26 02 22 Cum Compilation XXX 1080p HEVC
  [ 24/277] ✓  BBCPie 26 02 21 Aurora Vixen Helpful Neighbor XXX 1080p
  [ 25/277] ✓  BrazzersExxtra 26 02 21 Kayley Gunner Can You Handle He
  [ 26/277] ✓  FamilySwap 26 02 22 Myra Moans And Scarlett Mae Our Fre
  [ 27/277] ✓  WowGirls 18 11 15 Sybil My Best Friends Boyfriend XXX 1
  [ 28/277] ✓  RealityJunkies 26 02 20 Reagan Foxx Cuck Him XXX 1080p 
  [ 29/277] ✓  BlackedRaw 26 02 20 Melztube Petite Cutie Can Barely Fi
  [ 30/277] ✓  BrazzersExxtra 26 02 20 Alanna Pow Bathtub Cock Deliver
  [ 31/277] ✓  BrattySis 26 02 20 Dolly Paige I Saw Your Dads Dick XXX
  [ 32/277] ✓  RKPrime 26 02 20 Kay Kay Content House Josue And Kay Ka
  [ 33/277] ✓  TabooHeat 26 02 19 Lilibet Saunders XXX 1080p HEVC x265
  [ 34/277] ✓  JaysPOV 26 02 18 Demi Nova XXX 1080p HEVC x265 PRT
  [ 35/277] ✓  LegalPorno 2025 Sofa Weber 2 XXX 1080p HEVC x265 PRT
  [ 36/277] ✓  ATKGirlfriends 26 02 19 Cecelia Taylor Compilation XXX 
  [ 37/277] ✓  HijabMylfs 26 02 19 Violet Voss XXX 1080p HEVC x265 PRT
  [ 38/277] ✓  SweetSinner 26 02 17 Gal Ritchie Satisfying My Stepmoth
  [ 39/277] ✓  SexArt 26 02 18 Cherry Crush Sensual Tenderness XXX 108
  [ 40/277] ✓  MyFirstSexTeacher 26 02 17 Ella Reese XXX 1080p HEVC x2
  [ 41/277] ✓  MrLuckyRAW 26 01 21 Khloe Kapri Teases A Horny Stud To 
  [ 42/277] ✓  Vixen 26 02 16 Meagan Moore Sexy Blonde Influencer Gets
  [ 43/277] ✓  CzechBoobs 26 02 16 Amuse Adore XXX 1080p HEVC x265 PRT
  [ 44/277] ✓  SexArt 26 02 15 Ada Lapiedra Love Language XXX 1080p HE
  [ 45/277] ✓  WowPorn 18 10 03 Charli Red Less Talking More Fucking X
  [ 46/277] ✓  FamilyXXX 26 02 13 Lovely Lo XXX 1080p HEVC x265 PRT
  [ 47/277] ✓  FamilyTherapyXXX 1080p HEVC x265 PRT
  [ 48/277] ✓  BrattySis 26 02 13 Della Cate Did You Jerk Off To My Mo
  [ 49/277] ✓  BrazzersExxtra 26 02 13 Asia The Late Date XXX 1080p HE
  [ 50/277] ✓  RealityJunkies 26 02 13 Lexi Luna She Likes It Cucked X
  [ 51/277] ✓  FTVGirls 26 02 07 Bella Sensually Figured XXX 1080p HEV
  [ 52/277] ✓  FillUpMyMom 26 02 12 Lauren Phillips Fed Up Stepmom Get
  [ 53/277] ✓  ATKGirlfriends 26 02 13 Nicole Nichols Sarasota 6 XXX 1
  [ 54/277] ✓  SexArt 26 02 11 Alice Ross Long Time Love XXX 1080p HEV
  [ 55/277] ✓  PornstarWife 26 02 11 Alexa Chains XXX 1080p HEVC x265 
  [ 56/277] ✓  PrincessCum 26 02 10 Selina Imai Cumming In Cupid On Va
  [ 57/277] ✓  Nubiles 26 02 10 Nika One Sultry Sleeveless XXX 1080p H
  [ 58/277] ✓  MyBabysittersClub 26 02 11 Isabella Jules XXX 1080p HEV
  [ 59/277] ✓  NetGirl 26 02 04 Violet XXX 1080p HEVC x265 PRT
  [ 60/277] ✓  DatingMyStepson 26 02 10 Talia Mint Show Me That Youre 
  [ 61/277] ✓  Vixen 25 11 28 Gypsy Rose Blonde Hottie Has The Most In
  [ 62/277] ✓  Catherine-Knight-Freeze-Coin
  [ 63/277] ✓  NFBusty 20 08 28 Alexa Black Pleasure Before Business X
  [ 64/277] ✓  SweetSinner 22 12 20 Jessica Ryan The Swingers XXX 1080
  [ 65/277] ✓  Spizoo 26 02 04 Sofia Smith Before Receiving A Messy Fa
  [ 66/277] ✓  LegalPorno 25 10 21 Polly Yangs 2 XXX 1080p HEVC x265 P
  [ 67/277] ✓  LegalPorno 25 10 18 Novella Night XXX 1080p HEVC x265 P
  [ 68/277] ✓  Trailer
  [ 69/277] ✓  Trailer
  [ 70/277] ✓  Nubiles 26 02 07 Ginger Emma Lift Crave XXX 1080p HEVC 
  [ 71/277] ✓  ClubSweethearts 26 02 08 Amelia Ost Hardcore XXX 1080p 
  [ 72/277] ✓  BrazzersExxtra 26 02 08 Rossa Vaxx I Dont Want Your Mon
  [ 73/277] ✓  ATKGirlfriends 26 02 07 Lily Jordan Compilation XXX 108
  [ 74/277] ✓  Fit18 E199 Matty Mila Perez Initial Casting And Creampi
  [ 75/277] ✓  Trailer
  [ 76/277] ✓  %5BHustler%5D-Ana-Foxxx-My-First-Black-Girl-Scene-5-%28
  [ 77/277] ✓  MomSwapped 26 02 06 Scarlette Moon And Whitney OC XXX 1
  [ 78/277] ✓  SweetSinner 26 02 03 Melissa Stratton Stepmother Seduct
  [ 79/277] ✓  MomsTeachSex 26 02 04 Scarlette Moon My Stepson And I T
  [ 80/277] ✓  SexArt 26 02 04 Anna Bella Touch More XXX 1080p HEVC x2
  [ 81/277] ✓  SexMex 26 02 01 Melany XXX 1080p HEVC x265 PRT
  [ 82/277] ✓  Spizoo 25 12 24 Zoey Uso Gets Sweaty From An Intense Fu
  [ 83/277] ✓  SexArt 26 02 01 Bonnie Dolce In Your Hands XXX 1080p HE
  [ 84/277] ✓  NubileFilms 26 02 03 Evie Christian An Old Spark Ignite
  [ 85/277] ✓  LegalPorno 2025 Bella Mur 3 XXX 1080p HEVC x265 PRT
  [ 86/277] ✓  Blacked 26 02 02 Jessi Rae Flawless Redhead Jessi Gets 
  [ 87/277] ✓  CuckHunter 26 02 02 Pixie Kinzi XXX 1080p HEVC x265 PRT
  [ 88/277] ✓  OldHans 26 02 01 Samantha Cruz XXX 1080p HEVC x265 PRT
  [ 89/277] ✓  BrazzersExxtra 26 01 31 Luna Star Horny Wife Happy Hous
  [ 90/277] ✓  PornMegaLoad 26 01 30 Anai Love Hardcore 42138 XXX 1080
  [ 91/277] ✓  Ana-Foxxx-The-Mistress-4-Scene-2
  [ 92/277] ✓  Lovita-Fate-Talk-To-Me
  [ 93/277] ✓  %5BBang%5D-Rihanna-Rimes-Booty-Bash-%282019%29
  [ 94/277] ✓  SensualHeat 26 01 28 Anna Lynx XXX 1080p HEVC x265 PRT
  [ 95/277] ✓  ExxxtraSmall 26 01 30 Evie Christian XXX 1080p HEVC x26
  [ 96/277] ✓  SexMex 26 01 28 Emily Thorne XXX 1080p HEVC x265 PRT
  [ 97/277] ✓  Scarlet-Skies-Heartbreak-Cure
  [ 98/277] ✓  Milfed 25 02 20 Annie   [100/277] ✓  JaysPOV 26 01 28 Justine Jakobs XXX 1080p HEVC x265 PRT
  [101/277] ✓  SexArt 26 01 25 M  [100/277] ✓  JaysPOV 26 01 28 Justine Jakobs XXX 1080p HEVC x265 PRT
  [101/277] ✓  SexArt 26 01 25 Matty What I Love About You XXX 1080p H
  [102/277] ✓  MySistersHotFriend 26 01 25 Ivy Mayhem XXX 1080p HEVC x
  [103/277] ✓  IntimatePOV 26 01 24 Melody Marks The Most Exciting Gir
  [104/277] ✓  GangbangCreampie 26 01 23 Rachel Ramsey XXX 1080p HEVC 
  [105/277] ✓  Cuck4K 26 01 12 Lexy Flexy XXX 1080p HEVC x265 PRT
  [106/277] ✓  Veronica-Leal-Prison-Bitch
  [107/277] ✓  FakeHostel 26 01 21 Athenea Rose XXX 1080p HEVC x265 PR
  [108/277] ✓  Nubiles 26 01 21 Liliana Couch Seduction XXX 1080p HEVC
  [109/277] ✓  SexArt 26 01 21 Olivia Westsun Stretch XXX 1080p HEVC x
  [110/277] ✓  ATKHairy 26 01 22 Flashback Favorites XXX 1080p HEVC x2
  [111/277] ✓  BrazzersExxtra 26 01 22 Destiny Mira And Cyber Doll Win
  [112/277] ✓  OldHans 26 01 18 Jessie Ames XXX 1080p HEVC x265 PRT
  [113/277] ✓  ATKGirlfriends 26 01 21 Dez Hansen Florida 1 XXX 1080p 
  [114/277] ✓  Barbie-Brill-The-Lab-Rat
  [115/277] ✓  Emiri-Momota-Milfa-Vs-Cumboro
  [116/277] ✓  PerfectFuckingStrangers 26 01 20 Alexa Chains XXX 1080p
  [117/277] ✓  Stacy-Cruz-Creampie-Czech-Maid
  [118/277] ✓  BrazzersExxtra 26 01 19 Sarah Arabic Shirtcocking For T
  [119/277] ✓  Hunt4K 25 12 28 Sofa Weber XXX 1080p HEVC x265 PRT
  [120/277] ✓  LegalPorno 2025 Sara Bork And Lina Babyface XXX 1080p H
  [121/277] ✓  Blacked 26 01 18 Zara Petite Beauty Gets Filled Up By B
  [122/277] ✓  Vixen 26 01 17 Rissa May And Hazel Moore Curvy Rissa Lo
  [123/277] ✓  LegalPorno 25 10 05 Rossa Vaxx XXX 1080p HEVC x265 PRT
  [124/277] ✓  Freeze-2024-03-02-A-Quiet-Place
  [125/277] ✓  BrattySis 26 01 16 Lucy Foxx My Stepbro Loves Tall Girl
  [126/277] ✓  LegalPorno 25 09 30 Anna Claire Clouds XXX 1080p HEVC x
  [127/277] ✓  SexArt 26 01 14 Amalia Davis All For You XXX 1080p HEVC
  [128/277] ✓  Nubiles 26 01 14 Amber Slashh Sheer Seduction XXX 1080p
  [129/277] ✓  Vixen 26 01 12 Summer Kline Stunning Blonde Has The Mos
  [130/277] ✓  BrazzersExxtra 26 01 14 Melody Marks Wrong Gloryhole XX
  [131/277] ✓  NubileFilms 26 01 12 Melody Marks Getting Warmed Up XXX
  [132/277] ✓  Debt4K 25 12 12 Nikoletta Queen XXX 1080p HEVC x265 PRT
  [133/277] ✓  Housewife1On1 26 01 11 Brooklyn Chase REMASTERED XXX 10
  [134/277] ✓  Nubiles 26 01 11 Milky Playful Dress XXX 1080p HEVC x26
  [135/277] ✓  BrazzersExxtra 26 01 11 Abigaiil Morris Out Of The Bath
  [136/277] ✓  Little-Puck-Becoming-Superhuman
  [137/277] ✓  Hunt4K 25 12 09 Cherry Crush XXX 1080p HEVC x265 PRT
  [138/277] ✓  MyPervyFamily 26 01 08 Violet Voss My Stepmoms Skin Car
  [139/277] ✓  Transfixed 26 01 07 Ariel Demure and Nicole Kitt Her Be
  [140/277] ✓  DatingMyStepson 26 01 06 Sharon White I Have To Have He
  [141/277] ✓  SweetSinner 26 01 06 Addison Vodka Sneaking Around XXX 
  [142/277] ✓  SexArt 26 01 04 Leya Desantis Tic Tac Passion XXX 1080p
  [143/277] ✓  SexMex 26 01 05 Emily Thorne XXX 1080p HEVC x265 PRT
  [144/277] ✓  MyFriendsHotGirl 26 01 04 Dolly Paige XXX 1080p HEVC x2
  [145/277] ✓  MorePOV 25 03 18 Zlata Shine And Kira Queen Impromptu T
  [146/277] ✓  MorePOV 25 08 06 Ava Black Things To Do In The Gym Afte
  [147/277] ✓  MorePOV 25 01 07 Cherry Kiss Hot House Call XXX 1080p H
  [148/277] ✓  MorePOV 25 07 09 Arteya Sexual Knowledge XXX 1080p HEVC
  [149/277] ✓  DigitalPlayground 26 01 01 Lilith Grace Wellness And En
  [150/277] ✓  PrincessCum 26 01 01 Harley Love January 2026 Flavor Of
  [151/277] ✓  GirlsOutWest 25 12 28 Maxy XXX 1080p HEVC x265 PRT
  [152/277] ✓  CaughtFapping 25 12 29 Kimora Quin XXX 1080p HEVC x265 
  [153/277] ✓  SexMex 25 12 29 Lina Henao XXX 1080p HEVC x265 PRT
  [154/277] ✓  ILovePOV 25 12 29 Lia Lin Sealing The Deal With Lia XXX
  [155/277] ✓  Alice-Peachy-Unknown-Outsider
  [156/277] ✓  Clemence-Audiard-Taxi-Driver
  [157/277] ✓  Leana-Lovings-Family-Comes-First
  [158/277] ✓  AllOver30 25 12 18 Anita Anis XXX 1080p HEVC x265 PRT
  [159/277] ✓  LegalPorno 25 08 23 Ashby Winter XXX 1080p HEVC x265 PR
  [160/277] ✓  365-Days-This-Day-2022
  [161/277] ✓  Sniper-Assassins-End-2020
  [162/277] ✓  Ana-Foxxx-Boundless
  [163/277] ✓  Hellraiser-2022
  [164/277] ✓  Birds-of-Prey-2020
  [165/277] ✓  365-Days-2020
  [166/277] ✓  Return-of-Sister-in-law-2021
  [167/277] ✓  Delusyon-2025
  [168/277] ✓  Once-Upon-A-Time-In-Indochine-2024
  [169/277] ✓  Dragon-2011
  [170/277] ✓  Texas-Chainsaw-Massacre-2022
  [171/277] ✓  The-Devils-Deception
  [172/277] ✓  The-Prot%C3%A9g%C3%A9-2021
  [173/277] ✓  2-Mortal-Kombat-2021
  [174/277] ✓  Mortal-Kombat-2021
  [175/277] ✓  Blonde-babe-Sky-Wonderland-takes-a-new-cock-during-spri
  [176/277] ✓  Rachael-Cavalli-Concept-Sex-Teacher-Part-2
  [177/277] ✓  Walker-2025
  [178/277] ✓  Nicole-Kitt-Finally-Gets-Fucked-Hard
  [179/277] ✓  2-Maryang-Palad-2024
  [180/277] ✓  Maryang-Palad-2024
  [181/277] ✓  2-Ungol-2024
  [182/277] ✓  Ungol-2024
  [183/277] ✓  2-Tokyo-Nights-2025
  [184/277] ✓  Tokyo-Nights-2025
  [185/277] ✓  Companion-2025
  [186/277] ✓  Fullmetal-Alchemist-Final-Transmutation-2022
  [187/277] ✓  Losmen-Melati-2023
  [188/277] ✓  2-Wifelike-2022
  [189/277] ✓  Wifelike-2022
  [190/277] ✓  Bleach-2018
  [191/277] ✓  Abigail-2024
  [192/277] ✓  Boy-Kaldag-2024
  [193/277] ✓  Fighting-Immortal-Statue-2020
  [194/277] ✓  Baligtaran-2024
  [195/277] ✓  1pondo-080615-128-Miyu-Shiina
  [196/277] ✓  Fullmetal-Alchemist-The-Revenge-of-Scar-2022
  [197/277] ✓  Song-of-the-Assassins-2022
  [198/277] ✓  Nia-Nacci-Nacci-Full-Gold
  [199/277] ✓  Lights-Out-2016
  [200/277] ✓  Barbie-Rous-Once-You-Go-Black-You-Never-Go-Back
  [201/277] ✓  Friend-Phoenix-Marie-fucking-in-the-bed-with-her-tits
  [202/277] ✓  3-Evil-Dead-2013
  [203/277] ✓  2-Evil-Dead-2013
  [204/277] ✓  Evil-Dead-2013
  [205/277] ✓  2-The-Gray-Man-2022
  [206/277] ✓  The-Gray-Man-2022
  [207/277] ✓  Fullmetal-Alchemist-2017
  [208/277] ✓  2-City-Hunter-2024
  [209/277] ✓  City-Hunter-2024
  [210/277] ✓  The-Prosecutor-2024
  [211/277] ✓  Pet-Sematary-Bloodlines-2023
  [212/277] ✓  Blood-Red-Sky-2021
  [213/277] ✓  Cherie-Deville-Obey-Your-Step-Mommy
  [214/277] ✓  Khun-Phaen-Begins-2019
  [215/277] ✓  Dynasty-Warriors-2021
  [216/277] ✓  Ibu-2024
  [217/277] ✓  Raven-Swallowz-Little-Blue-Pill-Problem
  [218/277] ✓  Ana-Foxxx-Creampie-Lover
  [219/277] ✓  Ex-Machina-2015
  [220/277] ✓  Train-To-Busan-2-Peninsula-2020
  [221/277] ✓  Pacopacomama-020125-100-Rio-Fukuda
  [222/277] ✓  Melody-Marks-February-2025-Fantasy-Of-The-Month
  [223/277] ✓  The-Wrath-of-Becky-2023
  [224/277] ✓  Becky-2020
  [225/277] ✓  Viking-Wolf-2022
  [226/277] ✓  Revenge-2017
  [227/277] ✓  The-Yin-Yang-Master-2021
  [228/277] ✓  The-Yin-Yang-Master-Dream-of-Eternity-2021
  [229/277] ✓  Cracked-2022
  [230/277] ✓  Man-On-The-Edge-2022
  [231/277] ✓  Till-Death-2021
  [232/277] ✓  Gabbie-Carter-Gabbie-turned-19-years-old-amazing-boobs
  [233/277] ✓  Domino-L%E1%BB%91i-Tho%C3%A1t-Cu%E1%BB%91i-C%C3%B9ng
  [234/277] ✓  Cumflation-Zaawaadi
  [235/277] ✓  Condor-Hero-2025
  [236/277] ✓  C%E1%BB%97-Xe-Ch%E1%BA%BFt-Ch%C3%B3c
  [237/277] ✓  Death-Proof-2007
  [238/277] ✓  God-Is-a-Bullet-2023
  [239/277] ✓  Exhuma-2024
  [240/277] ✓  Operation-Undead-2024
  [241/277] ✓  Secret-Sessions-2024
  [242/277] ✓  Rebel-Ridge-2024
  [243/277] ✓  Hiram-na-Sandali-2025
  [244/277] ✓  Hazel-Moore-Lubed-Lust
  [245/277] ✓  Hounds-of-War-2024
  [246/277] ✓  Interceptor-2022
  [247/277] ✓  Caribbeancom-010119-826-Nene-Sakura
  [248/277] ✓  Triad-Wars-2008
  [249/277] ✓  Halimuyak-2025
  [250/277] ✓  Ng%C6%B0%E1%BB%9Di-S%C3%B3i-Werewolves-2024
  [251/277] ✓  Ng%C6%B0%E1%BB%9Di-Gi%E1%BA%A5u-M%E1%BA%B7t-The-Hidden-
  [252/277] ✓  Josephine-Jackson-HEYZO-3514
  [253/277] ✓  Phong-Th%E1%BA%A7n-B%E1%BA%A3ng-League-of-Gods
  [254/277] ✓  Talbis-Iblis-2022
  [255/277] ✓  Morbius-2022
  [256/277] ✓  Wrong-Turn-2-2007
  [257/277] ✓  The-Comeback-2023
  [258/277] ✓  The-Wild-Blade-of-Strangers-2024
  [259/277] ✓  Fistful-of-Vengeance-2022
  [260/277] ✓  Losmen-Melati-2023
  [261/277] ✓  Freaky-2020
  [262/277] ✓  The-Grudge-2019
  [263/277] ✓  The-Queen-Of-Black-Magic
  [264/277] ✓  Kate-2021
  [265/277] ✓  The-Babysitter-2017
  [266/277] ✓  The-Babysitter-Killer-Queen-2020
  [267/277] ✓  The-Thing-2011
  [268/277] ✓  Terminator-3-Rise-of-the-Machines-2003
  [269/277] ✓  DreadOut-2019
  [270/277] ✓  The-Killer-2024
  [271/277] ✓  Ballerina-2023
  [272/277] ✓  The-Substance-2024
  [273/277] ✓  Outside-2024
  [274/277] ✓  HighLow-The-Worst-2019
  [275/277] ✓  Strange-Darling-2023
  [276/277] ✓  The-End-Of-The-Beginning-2014
  [277/277] ✓  C%C3%B4-D%C3%A2u-B%C3%A1o-Th%C3%B9-2-S%C6%B0-Ph%E1%BB%A

============================================================
Videos found : 277
Failed/skipped: 0
First 5:
  https://cdn.save.moe/s4/VFILX6V.webm
  https://cdn.save.moe/s4/s33gD.webm
  https://cdn.save.moe/s3/IqgTHY.webm
  https://cdn.save.moe/s3/KSjzvW.webm
  https://cdn.save.moe/s3/z0MR4Bp.webm
  Replaced existing thread 'Phim Âu Mỹ' (277 → 277 videos)
  Total videos across all threads: 43046

Saved → videos.json  +  videos-data.js
