============================================================
URL  : https://anh.moe/maihuyhoang
Tag  : Clip-Tiktok
Max  : 100 pages
============================================================
[page 1] https://anh.moe/maihuyhoang
  → 36 view links (36 new)
[page 2] https://anh.moe/maihuyhoang/?page=2&seek=2025-08-01+12%3A18%3A55.ftE8aT
  → 36 view links (36 new)
[page 3] https://anh.moe/maihuyhoang/?page=3&seek=2025-07-28+14%3A48%3A53.fgSPJd
  → 36 view links (36 new)
[page 4] https://anh.moe/maihuyhoang/?page=4&seek=2025-07-13+06%3A47%3A04.fmcbQo
  → 36 view links (36 new)
[page 5] https://anh.moe/maihuyhoang/?page=5&seek=2025-07-03+13%3A35%3A36.fMYrDJ
  → 36 view links (36 new)
[page 6] https://anh.moe/maihuyhoang/?page=6&seek=2025-06-07+09%3A42%3A25.AoFiCb
  → 36 view links (36 new)
[page 7] https://anh.moe/maihuyhoang/?page=7&seek=2025-05-28+14%3A48%3A28.AutMJh
  → 36 view links (36 new)
[page 8] https://anh.moe/maihuyhoang/?page=8&seek=2025-05-28+14%3A31%3A18.Aus4LH
  → 36 view links (36 new)
[page 9] https://anh.moe/maihuyhoang/?page=9&seek=2025-05-28+14%3A22%3A36.AuqX6F
  → 36 view links (36 new)
[page 10] https://anh.moe/maihuyhoang/?page=10&seek=2025-05-24+09%3A03%3A52.AOgola
  → 36 view links (36 new)
[page 11] https://anh.moe/maihuyhoang/?page=11&seek=2025-05-22+11%3A27%3A29.A3WnYX
  → 36 view links (36 new)
[page 12] https://anh.moe/maihuyhoang/?page=12&seek=2025-05-20+10%3A16%3A36.A21B50
  → 36 view links (36 new)
[page 13] https://anh.moe/maihuyhoang/?page=13&seek=2025-05-20+10%3A11%3A14.A2kqXD
  → 36 view links (36 new)
[page 14] https://anh.moe/maihuyhoang/?page=14&seek=2025-05-16+11%3A07%3A42.A9aAvT
  → 36 view links (36 new)
[page 15] https://anh.moe/maihuyhoang/?page=15&seek=2025-05-16+10%3A38%3A26.A9F8qI
  → 36 view links (36 new)
[page 16] https://anh.moe/maihuyhoang/?page=16&seek=2025-05-15+07%3A31%3A28.AbrmZs
  → 36 view links (36 new)
[page 17] https://anh.moe/maihuyhoang/?page=17&seek=2025-05-13+15%3A35%3A36.AJfgvh
  → 36 view links (36 new)
[page 18] https://anh.moe/maihuyhoang/?page=18&seek=2025-05-11+08%3A29%3A43.A7iuqI
  → 31 view links (31 new)

Total view pages: 643

  [  1/643] ✓  snapvideo Facebook Video 86 1406
  [  2/643] ✓  v14044g50000d4c13f7og65v10pbb1c0
  [  3/643] ✓  IMG 5083
  [  4/643] ✓  IMG 5084
  [  5/643] ✓  IMG 5085
  [  6/643] ✓  v1c044g50000d4cmkjnog65ks2q2mdp0
  [  7/643] ✓  snapvideo Facebook Video 42 6845
  [  8/643] ✓  snapvideo Facebook 43 7742
  [  9/643] ✓  IMG 5106
  [ 10/643] ✓  IMG 5105
  [ 11/643] ✓  snapvideo Facebook Video 85 5341
  [ 12/643] ✓  ScreenRecording 09 07 2025 20 13 55 1
  [ 13/643] ✓  ScreenRecording 09 07 2025 20 11 39 1
  [ 14/643] ✓  Facebook 33 4493
  [ 15/643] ✓  Facebook 3 786
  [ 16/643] ✓  Facebook Video 87 4018
  [ 17/643] ✓  Facebook Video 1 9039
  [ 18/643] ✓  Facebook 58 6329
  [ 19/643] ✓  Facebook 13 4098
  [ 20/643] ✓  v14044g50000d2a4a97og65mavmqfui0
  [ 21/643] ✓  v14044g50000d29j0pfog65vdbg9vcug
  [ 22/643] ✓  export 1754667181124
  [ 23/643] ✓  v10044g50000d2aljh7og65ju2bonovg
  [ 24/643] ✓  v14044g50000d283i3nog65qpka4u1m0
  [ 25/643] ✓  v14044g50000d2bd7bnog65u67r21mm0
  [ 26/643] ✓  snapvideo co Facebook 74 3405
  [ 27/643] ✓  att NA3feTmZipdoGCPgSvLLwEI2UCwRN9iMTR1X7eMvbhE
  [ 28/643] ✓  att WeJ3kGa5BPTrgdn5RkB 7F9UYjqmMox4LBoomylkMnI
  [ 29/643] ✓  att G4577QrlxHasMlgdxw2lE3q0SNJgy56FpJDXaTTmUxA
  [ 30/643] ✓  att R1ED0aAAEh0bcm2RrwBcCn FZpAXjv3g7o4Y1Eq3Icg
  [ 31/643] ✓  att ItWrcmJS0TBcJoA24936rtuAt95Zf iJhjA 6WMsr50
  [ 32/643] ✓  Video 1767124
  [ 33/643] ✓  Video 1767123
  [ 34/643] ✓  Video 1767122
  [ 35/643] ✓  Video 1767121
  [ 36/643] ✓  Video 1767120
  [ 37/643] ✓  Video 1767119
  [ 38/643] ✓  Video 1767118
  [ 39/643] ✓  Video 1767117
  [ 40/643] ✓  Video 1767115
  [ 41/643] ✓  Video 1767114
  [ 42/643] ✓  Video 1767113
  [ 43/643] ✓  Video 1767112
  [ 44/643] ✓  Video 1767111
  [ 45/643] ✓  Video 1767109
  [ 46/643] ✓  Video 1767108
  [ 47/643] ✓  Video 1767107
  [ 48/643] ✓  Video 1767106
  [ 49/643] ✓  Video 1767105
  [ 50/643] ✓  Video 1767104
  [ 51/643] ✓  Video 1767103
  [ 52/643] ✓  Video 1767102
  [ 53/643] ✓  snapvideo co Chinh ch%E1%BA%B9p qu%C3%A1 lu%C3%B4n th%E
  [ 54/643] ✓  snapvideo co D%E1%BB%8B l%C3%A0 %C4%91%E1%BA%B9p d%E1%B
  [ 55/643] ✓  Video 1767099
  [ 56/643] ✓  Video 1767098
  [ 57/643] ✓  Video 1767097
  [ 58/643] ✓  snapvideo co H%E1%BB%9F hang ch%C6%B0a ch%E1%BA%AFc %C4
  [ 59/643] ✓  snapvideo co Tiktok Video 40 1357
  [ 60/643] ✓  snapvideo co 16 %C4%91%E1%BB%99 m%C3%A0 kh%C3%A1ch v%E1
  [ 61/643] ✓  snapvideo co body n%C3%B3ng b%E1%BB%8Fng c%E1%BB%A7a %C
  [ 62/643] ✓  Video 1767092
  [ 63/643] ✓  snapvideo co Huhu ngh%E1%BB%89 t%E1%BA%ADp 1 tu%E1%BA%A
  [ 64/643] ✓  Video 1764905
  [ 65/643] ✓  Video 1764904
  [ 66/643] ✓  Video 1764903
  [ 67/643] ✓  Video 1755025
  [ 68/643] ✓  Video 1755024
  [ 69/643] ✓  Video 1755023
  [ 70/643] ✓  Video 1755022
  [ 71/643] ✓  snapvideo co Tiktok Video 81 1128
  [ 72/643] ✓  Video 1755020
  [ 73/643] ✓  Video 1755019
  [ 74/643] ✓  Video 1755018
  [ 75/643] ✓  Video 1755017
  [ 76/643] ✓  snapvideo co Team m%C3%AA b%E1%BB%A5ng v%C3%A0 l%C6%B0n
  [ 77/643] ✓  Video 1755015
  [ 78/643] ✓  Video 1755013
  [ 79/643] ✓  Video 1755012
  [ 80/643] ✓  Video 1755011
  [ 81/643] ✓  Video 1755010
  [ 82/643] ✓  Video 1755009
  [ 83/643] ✓  Video 1755008
  [ 84/643] ✓  Video 1755007
  [ 85/643] ✓  Video 1755006
  [ 86/643] ✓  Video 1755005
  [ 87/643] ✓  Video 1755004
  [ 88/643] ✓  Video 1755003
  [ 89/643] ✓  Video 1755002
  [ 90/643] ✓  Video 1755001
  [ 91/643] ✓  Video 1755000
  [ 92/643] ✓  Video 1754999
  [ 93/643] ✓  Video 1754824
  [ 94/643] ✓  Video 1754823
  [ 95/643] ✓  ScreenRecording 07 23 2025 22 07 54 1
  [ 96/643] ✓  ScreenRecording 07 27 2025 22 43 12 1
  [ 97/643] ✓  Image 1754720
  [ 98/643] ✓  Image 1754718
  [ 99/643] ✓  Video 1720637
  [100/643] ✓  Video 1720636
  [101/643] ✓  Video 1720635
  [102/643] ✓  Video 1720634
  [103/643] ✓  Video 1720633
  [104/643] ✓  Video 1720632
  [105/643] ✓  Video 1699449
  [106/643] ✓  Video 1699442
  [107/643] ✓  Video 1699433
  [108/643] ✓  Video 1699431
  [109/643] ✓  Video 1699427
  [110/643] ✓  Video 1699422
  [111/643] ✓  Video 1699421
  [112/643] ✓  Video 1699420
  [113/643] ✓  IMG 2499
  [114/643] ✓  IMG 2498
  [115/643] ✓  IMG 2500
  [116/643] ✓  IMG 2549
  [117/643] ✓  IMG 2554
  [118/643] ✓  Video 1683267
  [119/643] ✓  Video 1679369
  [120/643] ✓  Video 1675244
  [121/643] ✓  Video 1675243
  [122/643] ✓  Video 1675242
  [123/643] ✓  Video 1675241
  [124/643] ✓  snapvideo co Glute hyperextension mu%E1%BB%91n t%C3%A1c
  [125/643] ✓  Video 1675238
  [126/643] ✓  snapvideo co Bi%E1%BA%BFn h%C3%ACnh gym gymlife fyp gym
  [127/643] ✓  snapvideo co CapCut CapCut coaching coachonline 1 1 632
  [128/643] ✓  snapvideo co Ch%E1%BB%89 %C4%91%E1%BB%8Bnh %C4%91i b%C6
  [129/643] ✓  snapvideo co Th%E1%BA%A7n ti%C3%AAn t%E1%BB%B7 t%E1%BB%
  [130/643] ✓  snapvideo co Th%E1%BB%A7 t%E1%BB%A5c tr%C6%B0%E1%BB%9Bc
  [131/643] ✓  snapvideo co Gi%C3%A0 r%E1%BB%93i c%C3%B3 m%E1%BA%A5y c
  [132/643] ✓  snapvideo co Tiktok Video 55 7408
  [133/643] ✓  snapvideo co Tiktok Video 60 4293
  [134/643] ✓  snapvideo co b%E1%BB%99 l%C3%A0y n%E1%BB%AFaxuhuong tre
  [135/643] ✓  snapvideo co Anh nh%E1%BB%9B h%E1%BB%93i %C4%91%C3%B3 e
  [136/643] ✓  snapvideo co G%C3%A3 s%C4%83n t%E1%BA%A1 viral 6543
  [137/643] ✓  snapvideo co Nh%E1%BB%AFng %C4%91i%E1%BB%81u tuy%E1%BB%
  [138/643] ✓  IMG 2385
  [139/643] ✓  IMG 2394
  [140/643] ✓  Video 1675223
  [141/643] ✓  Video 1675222
  [142/643] ✓  snapvideo co B%C6%A1i %C4%91%C3%AAmmm 2168
  [143/643] ✓  Video 1665133
  [144/643] ✓  snapvideo co %C4%91%E1%BB%8F m%E1%BA%B7c v%E1%BB%9Bi tr
  [145/643] ✓  Video 1665131
  [146/643] ✓  Video 1628752
  [147/643] ✓  Video 1628751
  [148/643] ✓  IMG 1892
  [149/643] ✓  Video 1592346
  [150/643] ✓  IMG 1911
  [151/643] ✓  Video 1578260
  [152/643] ✓  IMG 1859
  [153/643] ✓  Video 1578258
  [154/643] ✓  ScreenRecording 06 12 2025 14 03 30 1
  [155/643] ✓  Video 1578256
  [156/643] ✓  Video 1578254
  [157/643] ✓  ScreenRecording 06 12 2025 14 05 03 1
  [158/643] ✓  ScreenRecording 06 12 2025 14 06 32 1
  [159/643] ✓  IMG 1872
  [160/643] ✓  Video 1572992
  [161/643] ✓  Video 1572990
  [162/643] ✓  IMG 1827
  [163/643] ✓  Video 1572988
  [164/643] ✓  Video 1572986
  [165/643] ✓  Video 1572985
  [166/643] ✓  Video 1572050
  [167/643] ✓  Video 1565765
  [168/643] ✓  Video 1565764
  [169/643] ✓  Video 1565763
  [170/643] ✓  ScreenRecording 06 07 2025 23 16 49 1
  [171/643] ✓  Video 1565660
  [172/643] ✓  Video 1565658
  [173/643] ✓  Video 1565656
  [174/643] ✓  Video 1565654
  [175/643] ✓  Video 1565653
  [176/643] ✓  Video 1565652
  [177/643] ✓  Video 1565651
  [178/643] ✓  Video 1565649
  [179/643] ✓  Video 1565647
  [180/643] ✓  Video 1565646
  [181/643] ✓  Video 1562907
  [182/643] ✓  IMG 1787
  [183/643] ✓  IMG 1788
  [184/643] ✓  Video 1562903
  [185/643] ✓  IMG 1798
  [186/643] ✓  Video 1559512
  [187/643] ✓  Video 1559510
  [188/643] ✓  Video 1559509
  [189/643] ✓  Video 1559508
  [190/643] ✓  Video 1559507
  [191/643] ✓  Video 1559505
  [192/643] ✓  Video 1559504
  [193/643] ✓  Video 1559503
  [194/643] ✓  Video 1559502
  [195/643] ✓  Video 1559501
  [196/643] ✓  Video 1559500
  [197/643] ✓  Video 1559499
  [198/643] ✓  Video 1559497
  [199/643] ✓  Video 1559496
  [200/643] ✓  Video 1559495
  [201/643] ✓  Video 1559494
  [202/643] ✓  Video 1559493
  [203/643] ✓  Video 1559491
  [204/643] ✓  Video 1559489
  [205/643] ✓  Video 1559488
  [206/643] ✓  Video 1540695
  [207/643] ✓  ScreenRecording 05 28 2025 17 29 04 1
  [208/643] ✓  Video 1529747
  [209/643] ✓  Video 1529746
  [210/643] ✓  Video 1529745
  [211/643] ✓  Video 1529744
  [212/643] ✓  Video 1529743
  [213/643] ✓  Video 1529741
  [214/643] ✓  Video 1529740
  [215/643] ✓  Video 1529739
  [216/643] ✓  ScreenRecording 05 28 2025 17 18 43 1
  [217/643] ✓  Video 1529736
  [218/643] ✓  Video 1529733
  [219/643] ✓  Video 1529731
  [220/643] ✓  Video 1529730
  [221/643] ✓  Video 1529729
  [222/643] ✓  ScreenRecording 05 28 2025 17 17 09 1
  [223/643] ✓  Video 1529726
  [224/643] ✓  Video 1529725
  [225/643] ✓  ScreenRecording 05 28 2025 16 37 17 1
  [226/643] ✓  Video 1529720
  [227/643] ✓  Video 1529719
  [228/643] ✓  Video 1529718
  [229/643] ✓  Video 1529712
  [230/643] ✓  Video 1529711
  [231/643] ✓  Video 1529710
  [232/643] ✓  Video 1529709
  [233/643] ✓  Video 1529708
  [234/643] ✓  Video 1529707
  [235/643] ✓  Video 1529706
  [236/643] ✓  Video 1529705
  [237/643] ✓  Video 1529704
  [238/643] ✓  Video 1529701
  [239/643] ✓  ScreenRecording 05 27 2025 16 30 00 1
  [240/643] ✓  Video 1529699
  [241/643] ✓  Video 1529698
  [242/643] ✓  Video 1529697
  [243/643] ✓  Video 1529696
  [244/643] ✓  Video 1529695
  [245/643] ✓  Video 1529694
  [246/643] ✓  Video 1529693
  [247/643] ✓  Video 1529692
  [248/643] ✓  Video 1529691
  [249/643] ✓  Video 1529689
  [250/643] ✓  Video 1529688
  [251/643] ✓  Video 1529687
  [252/643] ✓  Video 1529686
  [253/643] ✓  Video 1529685
  [254/643] ✓  Video 1529684
  [255/643] ✓  Video 1529683
  [256/643] ✓  Video 1529682
  [257/643] ✓  Video 1529681
  [258/643] ✓  Video 1529680
  [259/643] ✓  Video 1529679
  [260/643] ✓  Video 1529678
  [261/643] ✓  Video 1529677
  [262/643] ✓  Video 1529675
  [263/643] ✓  Video 1529673
  [264/643] ✓  Video 1529672
  [265/643] ✓  Video 1529669
  [266/643] ✓  Video 1529667
  [267/643] ✓  Video 1529666
  [268/643] ✓  Video 1529665
  [269/643] ✓  Video 1529664
  [270/643] ✓  Video 1529663
  [271/643] ✓  Video 1529662
  [272/643] ✓  Video 1529661
  [273/643] ✓  Video 1529660
  [274/643] ✓  Video 1529659
  [275/643] ✓  Video 1529658
  [276/643] ✓  Video 1529657
  [277/643] ✓  Video 1529656
  [278/643] ✓  Video 1529655
  [279/643] ✓  Video 1529654
  [280/643] ✓  Video 1529653
  [281/643] ✓  Video 1529652
  [282/643] ✓  Video 1529632
  [283/643] ✓  Video 1529631
  [284/643] ✓  Video 1529630
  [285/643] ✓  Video 1529629
  [286/643] ✓  Video 1529628
  [287/643] ✓  Video 1529627
  [288/643] ✓  Video 1529626
  [289/643] ✓  Video 1529625
  [290/643] ✓  Video 1529624
  [291/643] ✓  export 1748440084713
  [292/643] ✓  Video 1529622
  [293/643] ✓  Video 1529621
  [294/643] ✓  Video 1529619
  [295/643] ✓  Video 1529618
  [296/643] ✓  Video 1529617
  [297/643] ✓  Video 1529616
  [298/643] ✓  Video 1529614
  [299/643] ✓  Video 1529613
  [300/643] ✓  Video 1529612
  [301/643] ✓  Video 1529611
  [302/643] ✓  Video 1529610
  [303/643] ✓  Video 1529609
  [304/643] ✓  Video 1529608
  [305/643] ✓  Video 1529607
  [306/643] ✓  Video 1529606
  [307/643] ✓  Video 1529605
  [308/643] ✓  Video 1529604
  [309/643] ✓  Video 1529603
  [310/643] ✓  Video 1529602
  [311/643] ✓  Video 1529601
  [312/643] ✓  Video 1514806
  [313/643] ✓  Video 1514804
  [314/643] ✓  Video 1514802
  [315/643] ✓  Video 1514801
  [316/643] ✓  Video 1514800
  [317/643] ✓  Video 1514798
  [318/643] ✓  Video 1514797
  [319/643] ✓  Video 1514796
  [320/643] ✓  Video 1514795
  [321/643] ✓  Video 1514794
  [322/643] ✓  Video 1514793
  [323/643] ✓  Video 1514792
  [324/643] ✓  Video 1514791
  [325/643] ✓  Video 1514790
  [326/643] ✓  Video 1514789
  [327/643] ✓  Video 1514788
  [328/643] ✓  Video 1514787
  [329/643] ✓  Video 1514786
  [330/643] ✓  Video 1514785
  [331/643] ✓  Video 1514784
  [332/643] ✓  Video 1514783
  [333/643] ✓  Video 1514782
  [334/643] ✓  Video 1514781
  [335/643] ✓  Video 1514780
  [336/643] ✓  export 1748077006820
  [337/643] ✓  Video 1514777
  [338/643] ✓  Video 1514776
  [339/643] ✓  Video 1514775
  [340/643] ✓  Video 1514773
  [341/643] ✓  Video 1514772
  [342/643] ✓  Video 1513105
  [343/643] ✓  Video 1510540
  [344/643] ✓  Video 1507743
  [345/643] ✓  Video 1507742
  [346/643] ✓  Video 1507741
  [347/643] ✓  Video 1507740
  [348/643] ✓  Video 1507339
  [349/643] ✓  Video 1507338
  [350/643] ✓  Video 1507337
  [351/643] ✓  Video 1507336
  [352/643] ✓  Video 1507335
  [353/643] ✓  Video 1507333
  [354/643] ✓  Video 1507332
  [355/643] ✓  Video 1507331
  [356/643] ✓  Video 1507330
  [357/643] ✓  Video 1507329
  [358/643] ✓  Video 1507328
  [359/643] ✓  Video 1507327
  [360/643] ✓  Video 1507326
  [361/643] ✓  Video 1507325
  [362/643] ✓  Video 1507324
  [363/643] ✓  Video 1507323
  [364/643] ✓  Video 1507322
  [365/643] ✓  Video 1507320
  [366/643] ✓  Video 1507318
  [367/643] ✓  Video 1507315
  [368/643] ✓  Video 1507314
  [369/643] ✓  Video 1507313
  [370/643] ✓  Video 1507312
  [371/643] ✓  Video 1507311
  [372/643] ✓  Video 1504178
  [373/643] ✓  Video 1504177
  [374/643] ✓  IMG 1395
  [375/643] ✓  Video 1504175
  [376/643] ✓  Video 1504174
  [377/643] ✓  Video 1504173
  [378/643] ✓  Video 1504172
  [379/643] ✓  Video 1504171
  [380/643] ✓  Video 1500804
  [381/643] ✓  Video 1500795
  [382/643] ✓  Video 1500794
  [383/643] ✓  Video 1500793
  [384/643] ✓  Video 1500792
  [385/643] ✓  Video 1500791
  [386/643] ✓  Video 1500790
  [387/643] ✓  Video 1500786
  [388/643] ✓  Video 1500785
  [389/643] ✓  Video 1500784
  [390/643] ✓  Video 1500782
  [391/643] ✓  Video 1500781
  [392/643] ✓  Video 1500780
  [393/643] ✓  Video 1500779
  [394/643] ✓  Video 1500778
  [395/643] ✓  Video 1500777
  [396/643] ✓  Video 1500776
  [397/643] ✓  Video 1500775
  [398/643] ✓  Video 1500774
  [399/643] ✓  Video 1500773
  [400/643] ✓  Video 1500772
  [401/643] ✓  Video 1500771
  [402/643] ✓  Video 1500770
  [403/643] ✓  Video 1500769
  [404/643] ✓  Video 1500768
  [405/643] ✓  Video 1500767
  [406/643] ✓  Video 1500766
  [407/643] ✓  Video 1500765
  [408/643] ✓  Video 1500764
  [409/643] ✓  Video 1500763
  [410/643] ✓  Video 1500762
  [411/643] ✓  Video 1500761
  [412/643] ✓  Video 1500760
  [413/643] ✓  Video 1500757
  [414/643] ✓  Video 1500756
  [415/643] ✓  Video 1500755
  [416/643] ✓  Video 1500754
  [417/643] ✓  Video 1500753
  [418/643] ✓  Video 1500752
  [419/643] ✓  Video 1500751
  [420/643] ✓  Video 1500749
  [421/643] ✓  Video 1500748
  [422/643] ✓  Video 1500747
  [423/643] ✓  Video 1500746
  [424/643] ✓  Video 1500745
  [425/643] ✓  Video 1500742
  [426/643] ✓  Video 1500741
  [427/643] ✓  Video 1500740
  [428/643] ✓  Video 1500738
  [429/643] ✓  Video 1500737
  [430/643] ✓  Video 1500735
  [431/643] ✓  Video 1500734
  [432/643] ✓  Video 1500733
  [433/643] ✓  Video 1500732
  [434/643] ✓  Video 1500731
  [435/643] ✓  Video 1500730
  [436/643] ✓  Video 1500729
  [437/643] ✓  Video 1500728
  [438/643] ✓  Video 1500727
  [439/643] ✓  Video 1500726
  [440/643] ✓  Video 1500725
  [441/643] ✓  Video 1500724
  [442/643] ✓  Video 1500723
  [443/643] ✓  Video 1497787
  [444/643] ✓  Video 1497786
  [445/643] ✓  Video 1497785
  [446/643] ✓  Video 1497784
  [447/643] ✓  ScreenRecording 05 19 2025 18 26 31 1
  [448/643] ✓  ScreenRecording 05 19 2025 18 25 27 1
  [449/643] ✓  Video 1497780
  [450/643] ✓  Video 1497778
  [451/643] ✓  Video 1497777
  [452/643] ✓  Video 1497776
  [453/643] ✓  Video 1497775
  [454/643] ✓  Video 1497774
  [455/643] ✓  Video 1497773
  [456/643] ✓  Video 1497772
  [457/643] ✓  Video 1497771
  [458/643] ✓  Video 1497770
  [459/643] ✓  Video 1497769
  [460/643] ✓  Video 1497764
  [461/643] ✓  Video 1497763
  [462/643] ✓  Video 1497762
  [463/643] ✓  Video 1497761
  [464/643] ✓  Video 1497760
  [465/643] ✓  Video 1497743
  [466/643] ✓  Video 1497742
  [467/643] ✓  Video 1497741
  [468/643] ✓  Video 1497740
  [469/643] ✓  Video 1489080
  [470/643] ✓  Video 1489079
  [471/643] ✓  Video 1489078
  [472/643] ✓  Video 1489077
  [473/643] ✓  Video 1489076
  [474/643] ✓  Video 1489075
  [475/643] ✓  Video 1489074
  [476/643] ✓  Video 1489073
  [477/643] ✓  Video 1489072
  [478/643] ✓  Video 1489071
  [479/643] ✓  Video 1489070
  [480/643] ✓  ScreenRecording 05 16 2025 08 51 47 1
  [481/643] ✓  Video 1489035
  [482/643] ✓  Video 1489034
  [483/643] ✓  Video 1489032
  [484/643] ✓  Video 1489031
  [485/643] ✓  Video 1489030
  [486/643] ✓  Video 1489010
  [487/643] ✓  Video 1489009
  [488/643] ✓  Video 1489007
  [489/643] ✓  Video 1489006
  [490/643] ✓  Video 1489005
  [491/643] ✓  Video 1489004
  [492/643] ✓  Video 1489003
  [493/643] ✓  Video 1489002
  [494/643] ✓  Video 1489001
  [495/643] ✓  Video 1489000
  [496/643] ✓  Video 1488999
  [497/643] ✓  Video 1488998
  [498/643] ✓  Video 1488997
  [499/643] ✓  Video 1488996
  [500/643] ✓  Video 1488995
  [501/643] ✓  Video 1488994
  [502/643] ✓  Video 1488993
  [503/643] ✓  Video 1488992
  [504/643] ✓  Video 1488991
  [505/643] ✓  Video 1488990
  [506/643] ✓  Video 1488983
  [507/643] ✓  Video 1488981
  [508/643] ✓  Video 1488979
  [509/643] ✓  Video 1488977
  [510/643] ✓  Video 1488975
  [511/643] ✓  Video 1488974
  [512/643] ✓  Video 1488972
  [513/643] ✓  Video 1488952
  [514/643] ✓  Video 1488951
  [515/643] ✓  Video 1488947
  [516/643] ✓  Video 1486264
  [517/643] ✓  IMG 0909
  [518/643] ✓  Video 1486262
  [519/643] ✓  Video 1486261
  [520/643] ✓  Video 1486260
  [521/643] ✓  Video 1486259
  [522/643] ✓  Video 1485512
  [523/643] ✓  Video 1485363
  [524/643] ✓  Video 1485362
  [525/643] ✓  Video 1485360
  [526/643] ✓  Video 1485359
  [527/643] ✓  Video 1485358
  [528/643] ✓  Video 1485357
  [529/643] ✓  Video 1485356
  [530/643] ✓  Video 1485355
  [531/643] ✓  Video 1485353
  [532/643] ✓  Video 1485352
  [533/643] ✓  Video 1485351
  [534/643] ✓  Video 1485350
  [535/643] ✓  Video 1485327
  [536/643] ✓  Video 1485326
  [537/643] ✓  Video 1485325
  [538/643] ✓  Video 1485324
  [539/643] ✓  Video 1485323
  [540/643] ✓  Video 1485322
  [541/643] ✓  Video 1485321
  [542/643] ✓  Video 1485320
  [543/643] ✓  Video 1485319
  [544/643] ✓  Video 1485318
  [545/643] ✓  Video 1485317
  [546/643] ✓  Video 1485316
  [547/643] ✓  Video 1485315
  [548/643] ✓  Video 1485085
  [549/643] ✓  Video 1485084
  [550/643] ✓  Video 1485083
  [551/643] ✓  Video 1485082
  [552/643] ✓  Video 1485080
  [553/643] ✓  Video 1485077
  [554/643] ✓  Video 1485076
  [555/643] ✓  Video 1485071
  [556/643] ✓  Video 1485070
  [557/643] ✓  Video 1485068
  [558/643] ✓  Video 1485067
  [559/643] ✓  Video 1485066
  [560/643] ✓  Video 1485065
  [561/643] ✓  Video 1485062
  [562/643] ✓  Video 1485061
  [563/643] ✓  Video 1485060
  [564/643] ✓  Video 1485059
  [565/643] ✓  Video 1485027
  [566/643] ✓  Video 1485025
  [567/643] ✓  Video 1485024
  [568/643] ✓  Video 1485023
  [569/643] ✓  Video 1485022
  [570/643] ✓  Video 1485021
  [571/643] ✓  Video 1478098
  [572/643] ✓  Video 1478097
  [573/643] ✓  Video 1478096
  [574/643] ✓  Video 1478095
  [575/643] ✓  Video 1478093
  [576/643] ✓  Video 1478091
  [577/643] ✓  Video 1478090
  [578/643] ✓  Video 1478089
  [579/643] ✓  Video 1478086
  [580/643] ✓  Video 1478085
  [581/643] ✓  Video 1478083
  [582/643] ✓  Video 1477619
  [583/643] ✓  Video 1477618
  [584/643] ✓  Video 1477617
  [585/643] ✓  Video 1477616
  [586/643] ✓  Video 1477615
  [587/643] ✓  Video 1477614
  [588/643] ✓  Video 1477613
  [589/643] ✓  Video 1477612
  [590/643] ✓  Video 1477611
  [591/643] ✓  Video 1477610
  [592/643] ✓  Video 1477609
  [593/643] ✓  Video 1477608
  [594/643] ✓  Video 1477607
  [595/643] ✓  Video 1477485
  [596/643] ✓  Video 1477484
  [597/643] ✓  Video 1477483
  [598/643] ✓  Video 1477482
  [599/643] ✓  Video 1477481
  [600/643] ✓  Video 1477480
  [601/643] ✓  Video 1477479
  [602/643] ✓  Video 1477478
  [603/643] ✓  ScreenRecording 03 29 2025 19 13 45 1
  [604/643] ✓  Video 1477434
  [605/643] ✓  Video 1477433
  [606/643] ✓  Video 1477401
  [607/643] ✓  Video 1477398
  [608/643] ✓  Video 1477389
  [609/643] ✓  Video 1477387
  [610/643] ✓  Video 1477381
  [611/643] ✓  Video 1477377
  [612/643] ✓  Video 1471693
  [613/643] ✓  ScreenRecording 05 10 2025 21 01 59 1
  [614/643] ✓  Video 1471691
  [615/643] ✓  Video 1471690
  [616/643] ✓  Video 1471689
  [617/643] ✓  ScreenRecording 05 10 2025 21 00 14 1
  [618/643] ✓  ScreenRecording 05 06 2025 17 28 33 1
  [619/643] ✓  Video 1459821
  [620/643] ✓  ScreenRecording 05 06 2025 17 48 50 1
  [621/643] ✓  ScreenRecording 05 06 2025 17 31 13 1
  [622/643] ✓  ScreenRecording 05 06 2025 17 26 47 1
  [623/643] ✓  ScreenRecording 05 06 2025 17 48 14 1
  [624/643] ✓  ScreenRecording 05 05 2025 22 31 50 1
  [625/643] ✓  Video 1450540
  [626/643] ✓  Video 1450539
  [627/643] ✓  Video 1450538
  [628/643] ✓  Video 1450536
  [629/643] ✓  Video 1450533
  [630/643] ✓  Video 1450531
  [631/643] ✓  Video 1450529
  [632/643] ✓  Video 1441075
  [633/643] ✓  Video 1441073
  [634/643] ✓  Video 1441072
  [635/643] ✓  ScreenRecording 04 27 2025 23 45 49 1
  [636/643] ✓  export 1745405523773
  [637/643] ✓  Video 1406569
  [638/643] ✓  Video 1406565
  [639/643] ✓  Video 1406546
  [640/643] ✓  Video 1406544
  [641/643] ✓  Video 1406513
  [642/643] ✓  Video 1406510
  [643/643] ✓  Video 1405970

============================================================
Videos found : 643
Failed/skip  : 0
  Added 'Clip-Tiktok' to tags list
  existing: 0, new: 643, total: 643
[tags-data.js] video_items['Clip-Tiktok'] updated → 643 total videos
