============================================================
Album : https://anh.moe/album/Kuzu.7jdQy
Thread: kuzu
============================================================
[album page 1] https://anh.moe/album/Kuzu.7jdQy
  → 36 view links (36 new)
[album page 2] https://anh.moe/album/Kuzu.7jdQy/?page=2&seek=2025-08-02+10%3A32%3A39.fvSckn
  → 36 view links (36 new)
[album page 3] https://anh.moe/album/Kuzu.7jdQy/?page=3&seek=2025-07-31+09%3A43%3A33.ftx3MW
  → 18 view links (18 new)

Total view pages to scrape: 90

  [  1/90] ✓  Kuzu-101
  [  2/90] ✓  Kuzu-100
  [  3/90] ✓  Kuzu-99
  [  4/90] ✓  Kuzu-98
  [  5/90] ✓  Kuzu-97
  [  6/90] ✓  Kuzu-96
  [  7/90] ✓  Kuzu-95
  [  8/90] ✓  Kuzu-94
  [  9/90] ✓  Kuzu-93
  [ 10/90] ✓  Kuzu-92
  [ 11/90] ✓  Kuzu-91
  [ 12/90] ✓  Kuzu-90
  [ 13/90] ✓  Kuzu-89
  [ 14/90] ✓  Kuzu-88
  [ 15/90] ✓  Kuzu-84
  [ 16/90] ✓  Kuzu-82
  [ 17/90] ✓  Kuzu-81
  [ 18/90] ✓  Kuzu-80
  [ 19/90] ✓  Kuzu-79
  [ 20/90] ✓  Kuzu-78
  [ 21/90] ✓  Kuzu-70
  [ 22/90] ✓  Kuzu-68
  [ 23/90] ✓  Kuzu-69
  [ 24/90] ✓  Kuzu-67
  [ 25/90] ✓  Kuzu-66
  [ 26/90] ✓  Kuzu-64
  [ 27/90] ✓  Kuzu-65
  [ 28/90] ✓  Kuzu-63
  [ 29/90] ✓  Kuzu-61
  [ 30/90] ✓  Kuzu-62
  [ 31/90] ✓  Kuzu-60
  [ 32/90] ✓  Kuzu-59
  [ 33/90] ✓  Kuzu-58
  [ 34/90] ✓  Kuzu-57
  [ 35/90] ✓  Kuzu-56
  [ 36/90] ✓  Kuzu-55
  [ 37/90] ✓  Kuzu-54
  [ 38/90] ✓  Kuzu-53
  [ 39/90] ✓  Kuzu-52
  [ 40/90] ✓  Kuzu-51
  [ 41/90] ✓  Kuzu-50
  [ 42/90] ✓  Kuzu-49
  [ 43/90] ✓  Kuzu-47
  [ 44/90] ✓  Kuzu-48
  [ 45/90] ✓  Kuzu-46
  [ 46/90] ✓  Kuzu-44
  [ 47/90] ✓  Kuzu-45
  [ 48/90] ✓  Kuzu-43
  [ 49/90] ✓  Kuzu-41
  [ 50/90] ✓  Kuzu-42
  [ 51/90] ✓  Kuzu-40
  [ 52/90] ✓  Kuzu-39
  [ 53/90] ✓  Kuzu-38
  [ 54/90] ✓  Kuzu-37
  [ 55/90] ✓  Kuzu-36
  [ 56/90] ✓  Kuzu-34
  [ 57/90] ✓  Kuzu-35
  [ 58/90] ✓  Kuzu-33
  [ 59/90] ✓  Kuzu-32
  [ 60/90] ✓  Kuzu-31
  [ 61/90] ✓  Kuzu-30
  [ 62/90] ✓  Kuzu-29
  [ 63/90] ✓  Kuzu-28
  [ 64/90] ✓  Kuzu-27
  [ 65/90] ✓  Kuzu-26
  [ 66/90] ✓  Kuzu-25
  [ 67/90] ✓  Kuzu-24
  [ 68/90] ✓  Kuzu-23
  [ 69/90] ✓  Kuzu-22
  [ 70/90] ✓  Kuzu-21
  [ 71/90] ✓  Kuzu-20
  [ 72/90] ✓  Kuzu-17
  [ 73/90] ✓  Kuzu-19
  [ 74/90] ✓  Kuzu-18
  [ 75/90] ✓  Kuzu-14
  [ 76/90] ✓  Kuzu-16
  [ 77/90] ✓  Kuzu-15
  [ 78/90] ✓  Kuzu-11
  [ 79/90] ✓  Kuzu-13
  [ 80/90] ✓  Kuzu-12
  [ 81/90] ✓  Kuzu-10
  [ 82/90] ✓  Kuzu-8
  [ 83/90] ✓  Kuzu-9
  [ 84/90] ✓  Kuzu-7
  [ 85/90] ✓  Kuzu-4
  [ 86/90] ✓  Kuzu-5
  [ 87/90] ✓  Kuzu-6
  [ 88/90] ✓  Kuzu-2
  [ 89/90] ✓  Kuzu-1
  [ 90/90] ✓  Kuzu-3

============================================================
Videos found : 90
Failed/skipped: 0
First 5:
  https://cdn.save.moe/s9/GQgyFav.mp4
  https://cdn.save.moe/s11/OW9EGu.mp4
  https://cdn.save.moe/s9/21MjO2.mp4
  https://cdn.save.moe/s11/VptZCdbZ.mp4
  https://cdn.save.moe/s11/KfxHIQQ.mp4
  Merged into existing thread 'kuzu': 27 + 90 new = 117 videos
  Total videos across all threads: 42886

Saved → videos.json  +  videos-data.js
