============================================================
Album : https://anh.moe/album/Sex.Uqwx
Thread: Clip Viet
============================================================
[album page 1] https://anh.moe/album/Sex.Uqwx
  → 36 view links (36 new)
[album page 2] https://anh.moe/album/Sex.Uqwx/?page=2&seek=2026-02-24+15%3A49%3A17.7RWJcrbO
  → 36 view links (36 new)
[album page 3] https://anh.moe/album/Sex.Uqwx/?page=3&seek=2026-02-24+15%3A39%3A12.7RWcQunQ
  → 36 view links (36 new)
[album page 4] https://anh.moe/album/Sex.Uqwx/?page=4&seek=2026-01-22+12%3A29%3A34.ZCNF8X
  → 36 view links (36 new)
[album page 5] https://anh.moe/album/Sex.Uqwx/?page=5&seek=2026-01-22+12%3A25%3A57.ZCpvbQ
  → 36 view links (36 new)
[album page 6] https://anh.moe/album/Sex.Uqwx/?page=6&seek=2026-01-22+12%3A16%3A52.ZC82Bo
  → 36 view links (36 new)
[album page 7] https://anh.moe/album/Sex.Uqwx/?page=7&seek=2026-01-11+10%3A37%3A14.ZuEjs4
  → 36 view links (36 new)
[album page 8] https://anh.moe/album/Sex.Uqwx/?page=8&seek=2026-01-11+10%3A34%3A11.ZuEWmH
  → 36 view links (36 new)
[album page 9] https://anh.moe/album/Sex.Uqwx/?page=9&seek=2026-01-11+10%3A28%3A41.ZuwvRQ
  → 36 view links (36 new)
[album page 10] https://anh.moe/album/Sex.Uqwx/?page=10&seek=2025-12-24+16%3A41%3A29.ZMe0MR
  → 36 view links (36 new)
[album page 11] https://anh.moe/album/Sex.Uqwx/?page=11&seek=2025-12-24+16%3A39%3A26.ZMuD9a
  → 36 view links (36 new)
[album page 12] https://anh.moe/album/Sex.Uqwx/?page=12&seek=2025-11-13+13%3A47%3A31.DphD6F
  → 36 view links (36 new)
[album page 13] https://anh.moe/album/Sex.Uqwx/?page=13&seek=2025-10-09+00%3A08%3A53.2GTVvD
  → 36 view links (36 new)
[album page 14] https://anh.moe/album/Sex.Uqwx/?page=14&seek=2025-10-08+23%3A30%3A15.2GLeCR
  → 36 view links (36 new)
[album page 15] https://anh.moe/album/Sex.Uqwx/?page=15&seek=2025-10-08+23%3A27%3A20.2GG1qd
  → 36 view links (36 new)
[album page 16] https://anh.moe/album/Sex.Uqwx/?page=16&seek=2025-08-02+15%3A28%3A51.f5fETD
  → 36 view links (36 new)
[album page 17] https://anh.moe/album/Sex.Uqwx/?page=17&seek=2025-08-02+15%3A24%3A59.f5fbYX
  → 36 view links (36 new)
[album page 18] https://anh.moe/album/Sex.Uqwx/?page=18&seek=2025-08-02+15%3A22%3A25.f5Auso
  → 36 view links (36 new)
[album page 19] https://anh.moe/album/Sex.Uqwx/?page=19&seek=2025-08-02+15%3A18%3A54.f59Y6T
  → 36 view links (36 new)
[album page 20] https://anh.moe/album/Sex.Uqwx/?page=20&seek=2025-08-02+15%3A15%3A25.f5b6SH
  → 36 view links (36 new)
[album page 21] https://anh.moe/album/Sex.Uqwx/?page=21&seek=2025-08-02+14%3A57%3A52.f5W596
  → 36 view links (36 new)
[album page 22] https://anh.moe/album/Sex.Uqwx/?page=22&seek=2025-08-02+14%3A52%3A29.fvEfW4
  → 36 view links (36 new)
[album page 23] https://anh.moe/album/Sex.Uqwx/?page=23&seek=2025-06-25+21%3A33%3A09.AwQGN6
  → 36 view links (36 new)
[album page 24] https://anh.moe/album/Sex.Uqwx/?page=24&seek=2025-06-25+21%3A27%3A09.AwEaqo
  → 36 view links (36 new)
[album page 25] https://anh.moe/album/Sex.Uqwx/?page=25&seek=2025-06-25+21%3A21%3A14.AwEMx4
  → 36 view links (36 new)
[album page 26] https://anh.moe/album/Sex.Uqwx/?page=26&seek=2025-06-25+21%3A17%3A09.AwjEua
  → 36 view links (36 new)
[album page 27] https://anh.moe/album/Sex.Uqwx/?page=27&seek=2025-03-15+21%3A02%3A52.99eOmk
  → 36 view links (36 new)
[album page 28] https://anh.moe/album/Sex.Uqwx/?page=28&seek=2025-03-15+20%3A58%3A27.99uVhq
  → 36 view links (36 new)
[album page 29] https://anh.moe/album/Sex.Uqwx/?page=29&seek=2025-03-11+13%3A19%3A21.9JYcjH
  → 28 view links (28 new)

Total view pages to scrape: 1036

  [  1/1036] ✓  SGbb
  [  2/1036] ✓  Si%C3%AAu-ph%E1%BA%A9m-g%C3%A1i-teen-slave-H%C3%A0-N%E1
  [  3/1036] ✓  Anh-%C6%A1i-th%C3%B4i-m%C3%A0-%C4%91%E1%BB%ABng-quay-em
  [  4/1036] ✓  Hu%E1%BB%B3nh-Ph%C6%B0%C6%A1ng-Nghi-sinh-vi%C3%AAn-Kinh
  [  5/1036] ✓  Ngh%E1%BB%89-h%C3%A8-tranh-th%E1%BB%A7-qua-nh%C3%A0-%C4
  [  6/1036] ✓  public-c%E1%BB%B1c-bao-v%E1%BB%9Bi-b%C3%A9-t%C3%A2n-sin
  [  7/1036] ✓  Gymer-2k3-G%C3%B2-V%E1%BA%A5p-%C4%91%E1%BA%B3ng-c%E1%BA
  [  8/1036] ✓  Em-Ng%E1%BB%8Dc-Ch%C3%A2u-2k3-vay-app-Campuchia-call-tr
  [  9/1036] ✓  L%C6%B0%C6%A1ng-Kh%E1%BA%A3i-Nh%C6%B0-2k5-sinh-vi%C3%AA
  [ 10/1036] ✓  Thu-Huy%E1%BB%81n-2k7-Hutech-b%C3%ADm-m%C3%BAp-l%E1%BB%
  [ 11/1036] ✓  B%C3%A9-sinh-vi%C3%AAn-n%C4%83m-2-Hutech-body-si%C3%AAu
  [ 12/1036] ✓  Tr%E1%BA%A7n-Th%E1%BA%A3o-Vy-2k8-si%C3%AAu-ph%E1%BA%A9m
  [ 13/1036] ✓  %C4%90%E1%BA%B3ng-c%E1%BA%A5p-%C4%91%E1%BB%8Bt-em-m%E1%
  [ 14/1036] ✓  B%C3%A9-m%E1%BA%ABu-%E1%BA%A3nh-2k4-1m71-VAR-nh%E1%BA%A
  [ 15/1036] ✓  Tr%C6%B0%C6%A1ng-H%E1%BB%93ng-Ng%E1%BB%8Dc-2k6-sinh-vi%
  [ 16/1036] ✓  %5BHot%5D-Tr%E1%BA%A7n-Th%E1%BA%A3o-Vy-2k8-si%C3%AAu-ph
  [ 17/1036] ✓  Em-nh%C3%A2n-vi%C3%AAn-k%C3%ADnh-c%E1%BA%ADn-v%C4%83n-p
  [ 18/1036] ✓  Full-Clip-8p-HotGirl-Tr%E1%BA%A7n-Gia-M%E1%BB%B9-2k7-l%
  [ 19/1036] ✓  Ngo%CC%A3c-Anh-2k6-An-Du%CC%9Bo%CC%9Bng
  [ 20/1036] ✓  L%C6%B0u-B%C3%ADch-Tuy%E1%BB%81n-n%E1%BB%AF-sinh-c%E1%B
  [ 21/1036] ✓  Sinh-vi%C3%AAn-UEF-2k5-Ho%C3%A0ng-Nh%E1%BA%ADt-Linh-s%E
  [ 22/1036] ✓  Si%C3%AAu-ph%E1%BA%A9m-m%C3%BAi-m%C3%ADt-sinh-2k4-hoa-k
  [ 23/1036] ✓  Xin-%C4%91%C6%B0%E1%BB%A3c-zalo-b%C3%A9-2k10-Love-10
  [ 24/1036] ✓  B%E1%BA%A3o-Ng%C3%A2n-2k5-Tinder
  [ 25/1036] ✓  Hot-Girl-V%C5%A9-L%C3%AA-Ho%C3%A0ng-%C3%81nh
  [ 26/1036] ✓  Tuy%E1%BA%BFt-Linh-2k6-Sinh-vi%C3%AAn-khoa-t%E1%BB%B1-n
  [ 27/1036] ✓  M%E1%BB%B9-An-2k6-%C4%91%C6%B0%E1%BB%A3c-anh-ny-x%C4%83
  [ 28/1036] ✓  M%E1%BB%B9-An-2k6-%C4%91%C6%B0%E1%BB%A3c-anh-ny-x%C4%83
  [ 29/1036] ✓  T%C3%BA-My-2k4-%C4%90%E1%BB%93ng-Nai
  [ 30/1036] ✓  Hot-Girl-ig-Kh%E1%BA%A3-Ng%C3%A2n-gymer
  [ 31/1036] ✓  Em-Qu%E1%BB%B3nh-h%E1%BB%8Dc-sinh-l%E1%BB%9Bp-9
  [ 32/1036] ✓  V%C5%A9-Th%C6%B0-2k6-%E1%BB%9F-v%C4%A9nh-ph%C3%BAc
  [ 33/1036] ✓  %282%29-1999-Ph%C3%BA-Nhu%E1%BA%ADn-1000K-GRAPE-PH%E1%B
  [ 34/1036] ✓  1536523-IMG-8894
  [ 35/1036] ✓  xdownloader com-3085b
  [ 36/1036] ✓  1541051-IMG-8947
  [ 37/1036] ✓  Spritzen-in-Ihr-Deb%C3%BCt-Pornhub com
  [ 38/1036] ✓  Si%C3%AAu-ph%E1%BA%A9m-Chloeeeeecreamy-cuckold
  [ 39/1036] ✓  K-MIB-BFapos%3Bs-Hung-Friends-H%C3%A4mmern-Sein-M%C3%A4
  [ 40/1036] ✓  %282%29-Matxa-c%E1%BB%A1-n%C3%A0y-th%C3%AC-tip-5tr-t-c%
  [ 41/1036] ✓  Em-g%C3%A1i-Vi%E1%BB%87t-v%C3%A0-trai-t%C3%A2y-em-c%C3%
  [ 42/1036] ✓  %EC%8B%A0%EC%9E%91%EC%84%9C%EC%95%88-%EC%98%AC%EB%85%B8
  [ 43/1036] ✓  %282%29-Sex-C%C3%A1c-n%E1%BB%AF-Gymer-c%E1%BB%9Fi-Tru%E
  [ 44/1036] ✓  1825119-FullSizeRender
  [ 45/1036] ✓  1825120-FullSizeRender
  [ 46/1036] ✓  xdownloader com-d7e79
  [ 47/1036] ✓  xdownloader com-f3dac
  [ 48/1036] ✓  xdownloader com-AnkurGu58269574-5f2a3
  [ 49/1036] ✓  xdownloader com-88d6b
  [ 50/1036] ✓  Em-l%E1%BB%85-t%C3%A2n-kh%C3%A1ch-s%E1%BA%A1n-M%C6%B0%E
  [ 51/1036] ✓  Ng%E1%BB%8Dc-H%C3%A2n-2k6
  [ 52/1036] ✓  Full-clip-12p-Tr%C6%B0%C6%A1ng-Ng%E1%BB%8Dc-H%C3%A2n-2k
  [ 53/1036] ✓  Em-sinh-vi%C3%AAn-k%C3%ADnh-c%E1%BA%ADn-v%C3%A0-h%C3%A0
  [ 54/1036] ✓  1830909-IMG-1625
  [ 55/1036] ✓  1830910-IMG-1621
  [ 56/1036] ✓  Thu%E1%BB%B3-D%C6%B0%C6%A1ng-2k10-%283%29
  [ 57/1036] ✓  Thu%E1%BB%B3-D%C6%B0%C6%A1ng-2k10-%282%29
  [ 58/1036] ✓  Thu%E1%BB%B3-D%C6%B0%C6%A1ng-2k10-%281%29
  [ 59/1036] ✓  Thu%E1%BB%B3-D%C6%B0%C6%A1ng-2k10-%288%29
  [ 60/1036] ✓  Thu%E1%BB%B3-D%C6%B0%C6%A1ng-2k10-%287%29
  [ 61/1036] ✓  %282%29-Sex-1000giri-121207-yuri-beautiful-girl-Sex-Sex
  [ 62/1036] ✓  Thu%E1%BB%B3-D%C6%B0%C6%A1ng-2k10-%286%29
  [ 63/1036] ✓  Thu%E1%BB%B3-D%C6%B0%C6%A1ng-2k10-%285%29
  [ 64/1036] ✓  1832810-bj-CosplayTGyijiqwq-15
  [ 65/1036] ✓  Thu%E1%BB%B3-D%C6%B0%C6%A1ng-2k10-%284%29
  [ 66/1036] ✓  1643818-EPORNER COM-7IkskOxgKQh-INTRO-JAV-FC2-2023-1080
  [ 67/1036] ✓  %282%29-Sex-Em-ch%E1%BB%8Bu-kh%C3%B4ng-n%E1%BB%95i-%C4%
  [ 68/1036] ✓  Seoyeon-First-take-From-Shy-to-Wild-KoreanBJ club-Recor
  [ 69/1036] ✓  Seoyeon-Lust-among-friends-KoreanBJ club-Recording-Kore
  [ 70/1036] ✓  xdownloader com-341fc
  [ 71/1036] ✓  %282%29-Sex-B%E1%BA%AFn-l%C3%AAn-m%E1%BA%B7t-Sex-Sex-Rp
  [ 72/1036] ✓  %282%29-n%C3%B3ng-%28-anh-b%E1%BA%AFn-l%C3%AAn-m%E1%BA%
  [ 73/1036] ✓  %281%29-n%C3%B3ng-%28-anh-b%E1%BA%AFn-l%C3%AAn-m%E1%BA%
  [ 74/1036] ✓  %283%29-n%C3%B3ng-%28-anh-b%E1%BA%AFn-l%C3%AAn-m%E1%BA%
  [ 75/1036] ✓  %284%29-n%C3%B3ng-%28-anh-b%E1%BA%AFn-l%C3%AAn-m%E1%BA%
  [ 76/1036] ✓  %285%29-n%C3%B3ng-%28-anh-b%E1%BA%AFn-l%C3%AAn-m%E1%BA%
  [ 77/1036] ✓  Teen-m%E1%BB%9Bi-l%E1%BB%9Bn-lofi-m%E1%BA%B7t-d%C3%A2m-
  [ 78/1036] ✓  %286%29-n%C3%B3ng-%28-anh-b%E1%BA%AFn-l%C3%AAn-m%E1%BA%
  [ 79/1036] ✓  %287%29-n%C3%B3ng-%28-anh-b%E1%BA%AFn-l%C3%AAn-m%E1%BA%
  [ 80/1036] ✓  %C4%90ang-l%C3%A9n-l%C3%BAt-v%E1%BB%9Bi-em-sinh-vi%C3%A
  [ 81/1036] ✓  Anh-xu%E1%BA%A5t-tinh-s%C3%A2u-th%E1%BA%BF-th%C3%AC-sao
  [ 82/1036] ✓  Nh%E1%BA%ADt-Linh-2k6-x%C4%83m-nh%E1%BB%87n
  [ 83/1036] ✓  B%C6%B0%E1%BB%9Bm-x%E1%BB%8F-khuy%C3%AAn-em-c%C3%B2n-th
  [ 84/1036] ✓  H%E1%BB%93ng-Nguy%C3%AAn-2k4-m%E1%BA%B7t-xinh-body-c%C4
  [ 85/1036] ✓  Hot-girl-L%C3%AA-Th%E1%BB%8B-H%E1%BB%93ng-Ng%E1%BB%8Dc-
  [ 86/1036] ✓  Em-gh%E1%BB%87-m%C3%ACnh-d%C3%A2y-mang-k%C3%ADnh-ch%E1%
  [ 87/1036] ✓  Th%E1%BA%A3o-Nh%C6%B0-2k6
  [ 88/1036] ✓  %C4%90%E1%BA%BFn-nh%C3%A0-th%E1%BA%A7y-gi%C3%A1o-h%E1%B
  [ 89/1036] ✓  Hu%E1%BA%A5n-luy%E1%BB%87n-em-th%C3%A0nh-n%C3%B4-l%E1%B
  [ 90/1036] ✓  HB1yupoaoAAwMUo
  [ 91/1036] ✓  xdownloader com-2d9af
  [ 92/1036] ✓  HBItNppakAADo5C
  [ 93/1036] ✓  xdownloader com-e5daf
  [ 94/1036] ✓  xdownloader com-dd779
  [ 95/1036] ✓  HASz6ECa4AAi3Mc
  [ 96/1036] ✓  xdownloader com-05f70
  [ 97/1036] ✓  %282%29-Nh%E1%BA%ADt-K%C3%BD-M%C3%A2y-M%C6%B0a-PIC-Em-l
  [ 98/1036] ✓  xdownloader com-1e201
  [ 99/1036] ✓  %281%29-Nh%E1%BA%ADt-K%C3%BD-M%C3%A2y-M%C6%B0a-PIC-Em-l
  [100/1036] ✓  xdownloader com-b630a
  [101/1036] ✓  Sinh-Vien-Hutech-2k4-song-thu-voi-ny-%281%29
  [102/1036] ✓  Sinh-Vien-Hutech-2k4-song-thu-voi-ny-%286%29
  [103/1036] ✓  Sinh-Vien-Hutech-2k4-song-thu-voi-ny-%285%29
  [104/1036] ✓  Sinh-Vien-Hutech-2k4-song-thu-voi-ny-%284%29
  [105/1036] ✓  Sinh-Vien-Hutech-2k4-song-thu-voi-ny-%283%29
  [106/1036] ✓  Sinh-Vien-Hutech-2k4-song-thu-voi-ny-%282%29
  [107/1036] ✓  1717367-copy-A4D3BA11-D648-464B-A406-5053EABB87D9
  [108/1036] ✓  %281%29-PIC-Em-Ny-D%C3%A1ng-%C4%90%E1%BA%B9p-%2C-L%E1%B
  [109/1036] ✓  %282%29-PIC-Em-Ny-D%C3%A1ng-%C4%90%E1%BA%B9p-%2C-L%E1%B
  [110/1036] ✓  %283%29-PIC-Em-Ny-D%C3%A1ng-%C4%90%E1%BA%B9p-%2C-L%E1%B
  [111/1036] ✓  1790651-2
  [112/1036] ✓  1790652-3
  [113/1036] ✓  1790653-4
  [114/1036] ✓  1791489-1 Sieuphambucu
  [115/1036] ✓  1791490-2 Doggy-xinh
  [116/1036] ✓  %281%29-Em-Hot-Girl-L%E1%BB%99-B%C3%BA-Ch%E1%BB%8Bch-C%
  [117/1036] ✓  %282%29-Em-Hot-Girl-L%E1%BB%99-B%C3%BA-Ch%E1%BB%8Bch-C%
  [118/1036] ✓  1791493-5 Xuat-trong
  [119/1036] ✓  1791494-Hot-girl-Ho-Nam
  [120/1036] ✓  1791598-xuat-vao-mom-de-be-2k7-nuot-em-bao-bo-lam-xNhau
  [121/1036] ✓  %282%29-Sex-ST-b%C3%BA-nu%E1%BB%91t-th%C3%ADch-th%E1%BB
  [122/1036] ✓  1791666-Chinese-homemade-video-0
  [123/1036] ✓  %C4%90ang-h%E1%BB%8Dc-b%C3%A0i-th%C3%AC-b%C3%A9-n%E1%BB
  [124/1036] ✓  B%C3%A9-sinh-vi%C3%AAn-ch%C3%A2n-d%C3%A0i-v%C3%BA-to-h%
  [125/1036] ✓  %C4%90ang-ch%E1%BB%8Bch-th%C3%AC-em-%C4%91%C3%A1i-kh%C3
  [126/1036] ✓  Anh-ch%E1%BB%8Bch-l%C3%BAt-c%C3%A1n-d%E1%BA%ADp-nh%C6%B
  [127/1036] ✓  L%E1%BA%A7n-%C4%91%E1%BA%A7u-threesome-b%C3%A9-sinh-vi%
  [128/1036] ✓  B%C3%A9-sinh-vi%C3%AAn-k%C3%ADnh-c%E1%BA%ADn-ch%C6%A1i-
  [129/1036] ✓  Threesome-em-sinh-vi%C3%AAn-k%C3%ADnh-c%E1%BA%ADn-Viet6
  [130/1036] ✓  1793905-videoplayback
  [131/1036] ✓  1794105-videoplayback
  [132/1036] ✓  TuTu1998-%286%29
  [133/1036] ✓  TuTu1998-%2811%29
  [134/1036] ✓  TuTu1998-%288%29
  [135/1036] ✓  TuTu1998-%2812%29
  [136/1036] ✓  TuTu1998-%287%29
  [137/1036] ✓  azyjrckkjn-1737899291368-video
  [138/1036] ✓  47933-d0593b18708af59091d7b58c11c35906
  [139/1036] ✓  xdownloader com-d0a50
  [140/1036] ✓  xdownloader com-d8116
  [141/1036] ✓  xdownloader com-62381
  [142/1036] ✓  TuTu1998-%284%29
  [143/1036] ✓  TuTu1998-%283%29
  [144/1036] ✓  TuTu1998-%285%29
  [145/1036] ✓  TuTu1998-%282%29
  [146/1036] ✓  TuTu1998-%284%29
  [147/1036] ✓  TuTu1998-%283%29
  [148/1036] ✓  TuTu1998-%282%29
  [149/1036] ✓  TuTu1998-%281%29
  [150/1036] ✓  1782902-Untitled-Project
  [151/1036] ✓  1782966-VID-20260108-003736-360
  [152/1036] ✓  H%C3%80NH-TR%C3%8CNH-SOME-C%E1%BB%A6A-EM-TH%C6%AF-K%C3%
  [153/1036] ✓  H%C3%80NH-TR%C3%8CNH-SOME-C%E1%BB%A6A-EM-TH%C6%AF-K%C3%
  [154/1036] ✓  H%C3%80NH-TR%C3%8CNH-SOME-C%E1%BB%A6A-EM-TH%C6%AF-K%C3%
  [155/1036] ✓  H%C3%80NH-TR%C3%8CNH-SOME-C%E1%BB%A6A-EM-TH%C6%AF-K%C3%
  [156/1036] ✓  H%C3%80NH-TR%C3%8CNH-SOME-C%E1%BB%A6A-EM-TH%C6%AF-K%C3%
  [157/1036] ✓  %282%29-Sex-Ch%E1%BB%8B-ch%E1%BB%8B-em-em%2C-c%E1%BA%AD
  [158/1036] ✓  1778847-VID-20260105-215231-018
  [159/1036] ✓  1778850-VID-20260105-215225-738
  [160/1036] ✓  1732680-IMG-3532
  [161/1036] ✓  1732683-IMG-3529
  [162/1036] ✓  1775887-IMG20251220005250
  [163/1036] ✓  1775893-IMG20251220005341
  [164/1036] ✓  1775898-IMG20251219154603
  [165/1036] ✓  1775885-VID20251220010636
  [166/1036] ✓  1775896-VID20251219154538
  [167/1036] ✓  1775902-VID20251220010019
  [168/1036] ✓  %282%29-Ny-th%E1%BA%B1ng-n%C3%A0o-m%C3%A0-ngon-th%E1%BA
  [169/1036] ✓  C%E1%BB%B1c-ph%E1%BA%A9m-g%C3%A1i-xinh-v%C3%BA-b%E1%BB%
  [170/1036] ✓  Ng%E1%BB%8Dc-H%C3%A2n-v%C3%A0-si%C3%AAu-ph%E1%BA%A9m-b%
  [171/1036] ✓  %281%29-Ny-th%E1%BA%B1ng-n%C3%A0o-m%C3%A0-ngon-th%E1%BA
  [172/1036] ✓  TuTu1998-%281%29
  [173/1036] ✓  TuTu1998-%2810%29
  [174/1036] ✓  TuTu1998-%289%29
  [175/1036] ✓  TuTu1998-%285%29
  [176/1036] ✓  TuTu1998-%286%29
  [177/1036] ✓  TuTu1998-%287%29
  [178/1036] ✓  TuTu1998-%288%29
  [179/1036] ✓  Ng%E1%BB%8Dc-H%C3%A2n-v%C3%A0-m%C3%A0n-BJ-d%C3%A2m-%C4%
  [180/1036] ✓  Ng%E1%BB%8Dc-H%C3%A2n-l%C3%AAn-%C4%91%E1%BB%89nh-c%C3%B
  [181/1036] ✓  L%E1%BB%99-clip-em-sinh-vi%C3%AAn-%C4%90%E1%BA%A1i-H%E1
  [182/1036] ✓  Full-clip-sex-em-g%C3%A1i-Ng%E1%BB%8Dc-H%C3%A2n-%C4%91%
  [183/1036] ✓  L%E1%BB%85-T%C3%A2n-Spa-V%C5%A9-Ph%C6%B0%C6%A1ng-%281%2
  [184/1036] ✓  L%E1%BB%85-T%C3%A2n-Spa-V%C5%A9-Ph%C6%B0%C6%A1ng-%281%2
  [185/1036] ✓  L%E1%BB%85-T%C3%A2n-Spa-V%C5%A9-Ph%C6%B0%C6%A1ng-%282%2
  [186/1036] ✓  L%E1%BB%85-T%C3%A2n-Spa-V%C5%A9-Ph%C6%B0%C6%A1ng-%283%2
  [187/1036] ✓  L%E1%BB%85-T%C3%A2n-Spa-V%C5%A9-Ph%C6%B0%C6%A1ng-%284%2
  [188/1036] ✓  6237590577462908120
  [189/1036] ✓  Nancy%28Momoland%29
  [190/1036] ✓  %282%29-C%E1%BA%B7p-%C4%90%C3%B4i-H%C3%A0n-Qu%E1%BB%91c
  [191/1036] ✓  Janella-Ooi-Bunnyjanjan-%285%29
  [192/1036] ✓  Janella-Ooi-Bunnyjanjan-%284%29
  [193/1036] ✓  Janella-Ooi-Bunnyjanjan-%283%29
  [194/1036] ✓  Janella-Ooi-Bunnyjanjan-%282%29
  [195/1036] ✓  Janella-Ooi-Bunnyjanjan-%281%29
  [196/1036] ✓  14
  [197/1036] ✓  00021-3-no-name-tg%40rauhong-20250823-123055-1
  [198/1036] ✓  IMG-1058
  [199/1036] ✓  An-Nhi%C3%AAn%28AnNhin852755%29-%281%29
  [200/1036] ✓  An-Nhi%C3%AAn%28AnNhin852755%29-%286%29
  [201/1036] ✓  An-Nhi%C3%AAn%28AnNhin852755%29-%285%29
  [202/1036] ✓  An-Nhi%C3%AAn%28AnNhin852755%29-%284%29
  [203/1036] ✓  An-Nhi%C3%AAn%28AnNhin852755%29-%283%29
  [204/1036] ✓  An-Nhi%C3%AAn%28AnNhin852755%29-%282%29
  [205/1036] ✓  An-Nhi%C3%AAn%28AnNhin852755%29-%282%29
  [206/1036] ✓  An-Nhi%C3%AAn%28AnNhin852755%29-%281%29
  [207/1036] ✓  IMG-0325
  [208/1036] ✓  6203807271406913165
  [209/1036] ✓  LinhT%C3%A2y-%281%29
  [210/1036] ✓  LinhT%C3%A2y-%283%29
  [211/1036] ✓  LinhT%C3%A2y-%282%29
  [212/1036] ✓  LinhT%C3%A2y-%282%29
  [213/1036] ✓  LinhT%C3%A2y-%281%29
  [214/1036] ✓  IMG-1824
  [215/1036] ✓  Tao-quay-l%C3%A0m-k%E1%BB%B7-ni%E1%BB%87m-th%C3%B4i-ch%
  [216/1036] ✓  L%E1%BA%A7n-%C4%91%E1%BA%A7u-em-m%E1%BB%9F-l%C3%B2ng-v%
  [217/1036] ✓  Thanh-ni%C3%AAn-%C4%83n-h%E1%BA%A1i-%C4%91%C6%B0a-%C4%9
  [218/1036] ✓  C%C3%B4-b%E1%BA%A1n-th%C3%A2n-%C4%91ang-t%E1%BA%AFm-m%E
  [219/1036] ✓  Xin-ph%C3%A9p-m%E1%BA%B9-qua-nh%C3%A0-b%E1%BA%A1n-th%C3
  [220/1036] ✓  IMG-6950
  [221/1036] ✓  Yumi-03-%281%29
  [222/1036] ✓  Yumi-03-%285%29
  [223/1036] ✓  Yumi-03-%283%29
  [224/1036] ✓  Yumi-03-%282%29
  [225/1036] ✓  Yumi-03-%284%29
  [226/1036] ✓  8ed80623-dc70-44e2-97e8-f100c17938d8
  [227/1036] ✓  7e880508-0479-4693-8518-f9e2a64f4c79
  [228/1036] ✓  Em-g%C3%A1i-B%C3%ACnh-D%C6%B0%C6%A1ng-Ivi-Nguy%E1%BB%85
  [229/1036] ✓  yumechan-ji-1663132913674895360-20230529-173920-vid1
  [230/1036] ✓  yumechan-ji-1666875480556060672-20230609-013058-vid1
  [231/1036] ✓  yumechan-ji-1660704384697905153-20230523-004914-vid1
  [232/1036] ✓  %282%29-Sex-Kho-10-S%C6%B0u-T%E1%BA%A7m-Sex-Sex-Rphang-
  [233/1036] ✓  %281%29-Sex-Kho-10-S%C6%B0u-T%E1%BA%A7m-Sex-Sex-Rphang-
  [234/1036] ✓  %282%29-Em-g%C3%A1i-vi%E1%BB%87t-c%E1%BB%B1c-xinh-Th%E1
  [235/1036] ✓  1768383-992799083202130925
  [236/1036] ✓  1556579-Clip-sex-Tay-troc-Travelvids-chan-rau-viet-nam-
  [237/1036] ✓  6150206058081749986
  [238/1036] ✓  6150206058081749987
  [239/1036] ✓  video-2025-10-25-14-07-43
  [240/1036] ✓  6150206058081749988
  [241/1036] ✓  video-2025-10-25-14-07-45
  [242/1036] ✓  video-2025-10-25-14-07-50
  [243/1036] ✓  video-2025-10-25-14-07-48
  [244/1036] ✓  video-2025-10-25-14-07-52
  [245/1036] ✓  Em-ngon-qu%C3%A1-l%C3%A0m-anh-t%E1%BA%ADp-trung-ch%E1%B
  [246/1036] ✓  Em-m%E1%BB%9Bi-t%E1%BA%ADp-b%C3%BA-cu-m%C3%A0-anh-c%E1%
  [247/1036] ✓  Full-video-Em-khng-mun-quay-mt-m-anh-c-p-cn-mc-t-em-lc-
  [248/1036] ✓  Em-%C4%91ang-h%E1%BB%8Dc-b%C3%A0i-th%C3%AC-anh-b%E1%BA%
  [249/1036] ✓  video-2025-10-27-18-15-45
  [250/1036] ✓  B%C3%A9-n%E1%BB%AF-sinh-k%C3%ADnh-c%E1%BA%ADn-anh-ch%E1
  [251/1036] ✓  video-2025-10-29-22-13-20
  [252/1036] ✓  C%C3%B4-b%E1%BA%A1n-th%C3%A2n-n%E1%BB%AF-sinh-c%E1%BB%B
  [253/1036] ✓  B%C3%A9-sinh-vi%C3%AAn-%C4%90%E1%BA%A1i-h%E1%BB%8Dc-C%E
  [254/1036] ✓  02a0fb88-f2f0-40e2-a821-c72197bc4bc4
  [255/1036] ✓  1cd174e2-7715-4a66-9fe7-01c457bbab66
  [256/1036] ✓  Em-Ng%E1%BB%8Dc-Uy%C3%AAn-G%C3%A1i-HP-%28DanielNg%29-%2
  [257/1036] ✓  Em-Ng%E1%BB%8Dc-Uy%C3%AAn-G%C3%A1i-HP-%28DanielNg%29-%2
  [258/1036] ✓  Em-Ng%E1%BB%8Dc-Uy%C3%AAn-G%C3%A1i-HP-%28DanielNg%29-%2
  [259/1036] ✓  Em-Ng%E1%BB%8Dc-Uy%C3%AAn-G%C3%A1i-HP-%28DanielNg%29-%2
  [260/1036] ✓  C%C3%B4-b%E1%BA%A1n-th%C3%A2n-n%E1%BB%AF-sinh-non-t%C6%
  [261/1036] ✓  1780077-ToBulaer-B
  [262/1036] ✓  Y%E1%BA%BFn-Thor-%282%29
  [263/1036] ✓  Y%E1%BA%BFn-Thor-%281%29
  [264/1036] ✓  %282%29-Sex-Ch%E1%BB%8B-ch%E1%BB%8B-em-em%2C-c%E1%BA%AD
  [265/1036] ✓  Some-2-c%C3%B4-h%E1%BA%A7u-g%C3%A1i-v%E1%BB%ABa-tr%C3%B
  [266/1036] ✓  Some-2-c%C3%B4-h%E1%BA%A7u-g%C3%A1i-v%E1%BB%ABa-tr%C3%B
  [267/1036] ✓  Some-2-c%C3%B4-h%E1%BA%A7u-g%C3%A1i-v%E1%BB%ABa-tr%C3%B
  [268/1036] ✓  Some-2-c%C3%B4-h%E1%BA%A7u-g%C3%A1i-v%E1%BB%ABa-tr%C3%B
  [269/1036] ✓  Some-2-c%C3%B4-h%E1%BA%A7u-g%C3%A1i-v%E1%BB%ABa-tr%C3%B
  [270/1036] ✓  Some-2-c%C3%B4-h%E1%BA%A7u-g%C3%A1i-v%E1%BB%ABa-tr%C3%B
  [271/1036] ✓  Some-2-c%C3%B4-h%E1%BA%A7u-g%C3%A1i-v%E1%BB%ABa-tr%C3%B
  [272/1036] ✓  Duy-Ph%C6%B0%E1%BB%A3ng-%281%29
  [273/1036] ✓  Duy-Ph%C6%B0%E1%BB%A3ng-%283%29
  [274/1036] ✓  Duy-Ph%C6%B0%E1%BB%A3ng-%282%29
  [275/1036] ✓  Duy-Ph%C6%B0%E1%BB%A3ng-%287%29
  [276/1036] ✓  Duy-Ph%C6%B0%E1%BB%A3ng-%286%29
  [277/1036] ✓  Duy-Ph%C6%B0%E1%BB%A3ng-%285%29
  [278/1036] ✓  Duy-Ph%C6%B0%E1%BB%A3ng-%284%29
  [279/1036] ✓  Duy-Ph%C6%B0%E1%BB%A3ng-%283%29
  [280/1036] ✓  Duy-Ph%C6%B0%E1%BB%A3ng-%282%29
  [281/1036] ✓  Duy-Ph%C6%B0%E1%BB%A3ng-%281%29
  [282/1036] ✓  1782938-IMG-0998
  [283/1036] ✓  1782939-IMG-1003
  [284/1036] ✓  1275492-result-jenny-1-1of10
  [285/1036] ✓  sunnie
  [286/1036] ✓  6
  [287/1036] ✓  Ple3k
  [288/1036] ✓  KTV
  [289/1036] ✓  Lusfullady
  [290/1036] ✓  Nguy%E1%BB%85n-An-Trinh-2k4
  [291/1036] ✓  1782973-VID-20260108-003033-196
  [292/1036] ✓  1691577-VID-20251103-012936-251
  [293/1036] ✓  1660953-VID-20251014-103739-213
  [294/1036] ✓  1660955-VID-20251014-102502-155
  [295/1036] ✓  720p h264
  [296/1036] ✓  B%C3%ACnh-T%C3%A2n-700k-Ng%E1%BB%8Dc-Th%C6%B0-2k6
  [297/1036] ✓  1B%C3%ACnh-T%C3%A2n-700k-Ng%E1%BB%8Dc-Th%C6%B0-2k6
  [298/1036] ✓  %282%29-Sex-Xu%E1%BA%A5t-v%C3%A0o-mi%E1%BB%87ng-em-nu%E
  [299/1036] ✓  %282%29-Sex-B%E1%BA%A1n-b%C3%A8-va-nhau-Sex-Sex-Rphang-
  [300/1036] ✓  %281%29-Sex-B%E1%BA%A1n-b%C3%A8-va-nhau-Sex-Sex-Rphang-
  [301/1036] ✓  %282%29-Sex-c%C3%B3-th%E1%BB%83-n%C3%B3i-%C4%91%C3%A2y-
  [302/1036] ✓  1602431-KenhVT88-Cv1
  [303/1036] ✓  1602432-KenhVT88-Cv1-3
  [304/1036] ✓  %282%29-Sex-Si%C3%AAu-Ph%E1%BA%A9m-g%E1%BB%ADi-%C4%91%E
  [305/1036] ✓  %281%29-Sex-Si%C3%AAu-Ph%E1%BA%A9m-g%E1%BB%ADi-%C4%91%E
  [306/1036] ✓  %283%29-Sex-Si%C3%AAu-Ph%E1%BA%A9m-g%E1%BB%ADi-%C4%91%E
  [307/1036] ✓  %282%29-Sex-Huynh-%C4%91%E1%BB%87%2C-c%C3%B3-mu%E1%BB%9
  [308/1036] ✓  1729572-Screenshot-2025-11-28-194834
  [309/1036] ✓  1729573-Screenshot-2025-11-28-194950
  [310/1036] ✓  1729580-490984445-1583854752288844-6517869102440660834-
  [311/1036] ✓  1729581-VID-20250918-095042-452
  [312/1036] ✓  %282%29-Sex-FWB-ONS-FWB-2k3-h%E1%BB%8Dc-USSH-%28Tr%C6%B
  [313/1036] ✓  1729582-VID-20250920-034347-153
  [314/1036] ✓  %282%29-Nh%E1%BA%ADt-K%C3%BD-M%C3%A2y-M%C6%B0a-PIC-Ch%C
  [315/1036] ✓  %282%29-Nh%E1%BA%ADt-K%C3%BD-M%C3%A2y-M%C6%B0a-Em-g%C3%
  [316/1036] ✓  1721025-photo-2025-11-23-08-49-39-2
  [317/1036] ✓  1721026-photo-2025-11-23-08-49-39
  [318/1036] ✓  %281%29-Nh%E1%BA%ADt-K%C3%BD-M%C3%A2y-M%C6%B0a-Em-g%C3%
  [319/1036] ✓  1501586-3b7cbc6f4a7eed20b46f
  [320/1036] ✓  1501585-87ef86efe2cb45951cda
  [321/1036] ✓  1298583-Ban-than-la-con-gai-Sao-may-cu-quay-tao-360p-20
  [322/1036] ✓  1299616-IMG-0305
  [323/1036] ✓  %282%29-PIC-SGBB-Si%C3%AAu-ph%E1%BA%A9m-Em-sinh-vi%C3%A
  [324/1036] ✓  %284%29-PIC-SGBB-Si%C3%AAu-ph%E1%BA%A9m-Em-sinh-vi%C3%A
  [325/1036] ✓  %283%29-PIC-SGBB-Si%C3%AAu-ph%E1%BA%A9m-Em-sinh-vi%C3%A
  [326/1036] ✓  %282%29-Some-%5BS%C6%B0u-T%E1%BA%A7m%5D-3-chym-b%E1%BA%
  [327/1036] ✓  %282%29-Sex-s%C6%B0u-t%E1%BA%A7m-em-g%C3%A1i-m%E1%BA%B7
  [328/1036] ✓  %282%29-Sex-%5B-S%C6%AFU-T%E1%BA%A6M-%5D-%233-Th%E1%BA%
  [329/1036] ✓  %282%29-Sex-S%C6%B0u-t%E1%BA%A7m-ki%E1%BB%87t-t%C3%A1c-
  [330/1036] ✓  %282%29-Ch%E1%BB%8Bch-ch%C6%B0a-%C4%91%E1%BB%A7-anh-c%C
  [331/1036] ✓  Ti%E1%BA%BFp-vi%C3%AAn-h%C3%A0ng-kh%C3%B4ng-trung-qu%E1
  [332/1036] ✓  Ti%E1%BA%BFp-vi%C3%AAn-h%C3%A0ng-kh%C3%B4ng-trung-qu%E1
  [333/1036] ✓  Ti%E1%BA%BFp-vi%C3%AAn-h%C3%A0ng-kh%C3%B4ng-trung-qu%E1
  [334/1036] ✓  Ti%E1%BA%BFp-vi%C3%AAn-h%C3%A0ng-kh%C3%B4ng-trung-qu%E1
  [335/1036] ✓  Ti%E1%BA%BFp-vi%C3%AAn-h%C3%A0ng-kh%C3%B4ng-trung-qu%E1
  [336/1036] ✓  Ti%E1%BA%BFp-vi%C3%AAn-h%C3%A0ng-kh%C3%B4ng-trung-qu%E1
  [337/1036] ✓  Ti%E1%BA%BFp-vi%C3%AAn-h%C3%A0ng-kh%C3%B4ng-trung-qu%E1
  [338/1036] ✓  Ti%E1%BA%BFp-vi%C3%AAn-h%C3%A0ng-kh%C3%B4ng-trung-qu%E1
  [339/1036] ✓  Ti%E1%BA%BFp-vi%C3%AAn-h%C3%A0ng-kh%C3%B4ng-trung-qu%E1
  [340/1036] ✓  Ti%E1%BA%BFp-vi%C3%AAn-h%C3%A0ng-kh%C3%B4ng-trung-qu%E1
  [341/1036] ✓  Ti%E1%BA%BFp-vi%C3%AAn-h%C3%A0ng-kh%C3%B4ng-trung-qu%E1
  [342/1036] ✓  Ti%E1%BA%BFp-vi%C3%AAn-h%C3%A0ng-kh%C3%B4ng-trung-qu%E1
  [343/1036] ✓  Ti%E1%BA%BFp-vi%C3%AAn-h%C3%A0ng-kh%C3%B4ng-trung-qu%E1
  [344/1036] ✓  Ti%E1%BA%BFp-vi%C3%AAn-h%C3%A0ng-kh%C3%B4ng-trung-qu%E1
  [345/1036] ✓  Ti%E1%BA%BFp-vi%C3%AAn-h%C3%A0ng-kh%C3%B4ng-trung-qu%E1
  [346/1036] ✓  Ti%E1%BA%BFp-vi%C3%AAn-h%C3%A0ng-kh%C3%B4ng-trung-qu%E1
  [347/1036] ✓  Ti%E1%BA%BFp-vi%C3%AAn-h%C3%A0ng-kh%C3%B4ng-trung-qu%E1
  [348/1036] ✓  Ti%E1%BA%BFp-vi%C3%AAn-h%C3%A0ng-kh%C3%B4ng-trung-qu%E1
  [349/1036] ✓  Ti%E1%BA%BFp-vi%C3%AAn-h%C3%A0ng-kh%C3%B4ng-trung-qu%E1
  [350/1036] ✓  Ti%E1%BA%BFp-vi%C3%AAn-h%C3%A0ng-kh%C3%B4ng-trung-qu%E1
  [351/1036] ✓  1752468-8955148016400599780
  [352/1036] ✓  1752467-4896071182230960097
  [353/1036] ✓  1752466-7782485152431039449
  [354/1036] ✓  %282%29-Some-Em-M%E1%BA%ABu-%E1%BA%A2nh-H%C3%A0n-Qu%E1%
  [355/1036] ✓  %281%29-Some-Em-M%E1%BA%ABu-%E1%BA%A2nh-H%C3%A0n-Qu%E1%
  [356/1036] ✓  %283%29-Some-Em-M%E1%BA%ABu-%E1%BA%A2nh-H%C3%A0n-Qu%E1%
  [357/1036] ✓  %282%29-%28ST%29-Em-TQ-c%C3%B3-v1-%C4%91%C6%B0%E1%BB%A3
  [358/1036] ✓  %5BSi%C3%AAu-Ph%E1%BA%A9m%5D-Full-%C4%90%E1%BA%B7ng-T%C
  [359/1036] ✓  B%C3%A9-n%E1%BB%AF-sinh-c%C6%B0%E1%BB%A1i-ng%E1%BB%B1a-
  [360/1036] ✓  %5BSi%C3%AAu-Ph%E1%BA%A9m%5D-Full-clip-5p-Hot-Girl-H%E1
  [361/1036] ✓  %5BHot%5D-T%C3%BA-Anh-2k8-l%E1%BB%9Bp-11-body-c%E1%BB%B
  [362/1036] ✓  sinhvienvanlang-%282%29
  [363/1036] ✓  sinhvienvanlang-%281%29
  [364/1036] ✓  sinhvienvanlang-%283%29
  [365/1036] ✓  sinhvienvanlang-%282%29
  [366/1036] ✓  sinhvienvanlang-%281%29
  [367/1036] ✓  sinhvienvanlang-%288%29
  [368/1036] ✓  sinhvienvanlang-%287%29
  [369/1036] ✓  sinhvienvanlang-%286%29
  [370/1036] ✓  sinhvienvanlang-%285%29
  [371/1036] ✓  sinhvienvanlang-%284%29
  [372/1036] ✓  B%C3%A9-n%E1%BB%AF-sinh-k%C3%ADnh-c%E1%BA%ADn-anh-ch%E1
  [373/1036] ✓  L%C3%A9n-ba-m%E1%BA%B9-l%C3%A0m-t%C3%ACnh-v%E1%BB%9Bi-e
  [374/1036] ✓  %C3%81i-Linh-2k3-G%C3%B2-V%E1%BA%A5p-v%C3%BA-to-c%E1%BB
  [375/1036] ✓  Em-%C4%91%C3%A3-d%C3%A2m-c%C3%B2n-%C4%91eo-k%C3%ADnh-c%
  [376/1036] ✓  NMPdGx
  [377/1036] ✓  B%C3%A9-sinh-vi%C3%AAn-k%C3%ADnh-c%E1%BA%ADn-v%C3%A1y-%
  [378/1036] ✓  1761481-FullSizeRender
  [379/1036] ✓  1761480-FullSizeRender
  [380/1036] ✓  1761479-FullSizeRender
  [381/1036] ✓  C%E1%BA%B7p-m%C3%B4ng-c%E1%BB%B1c-ph%E1%BA%A9m-10-%C4%9
  [382/1036] ✓  1761485-IMG-7103
  [383/1036] ✓  StreamerLaiLai-%288%29
  [384/1036] ✓  StreamerLaiLai-%287%29
  [385/1036] ✓  StreamerLaiLai-%286%29
  [386/1036] ✓  StreamerLaiLai-%285%29
  [387/1036] ✓  StreamerLaiLai-%284%29
  [388/1036] ✓  StreamerLaiLai-%283%29
  [389/1036] ✓  StreamerLaiLai-%282%29
  [390/1036] ✓  StreamerLaiLai-%281%29
  [391/1036] ✓  StreamerLaiLai-%286%29
  [392/1036] ✓  StreamerLaiLai-%285%29
  [393/1036] ✓  StreamerLaiLai-%287%29
  [394/1036] ✓  StreamerLaiLai-%284%29
  [395/1036] ✓  StreamerLaiLai-%283%29
  [396/1036] ✓  StreamerLaiLai-%282%29
  [397/1036] ✓  StreamerLaiLai-%281%29
  [398/1036] ✓  jzq4y8w4
  [399/1036] ✓  IMG-6933
  [400/1036] ✓  IMG-6932
  [401/1036] ✓  IMG-6930
  [402/1036] ✓  IMG-6906
  [403/1036] ✓  IMG-6904
  [404/1036] ✓  IMG-6902
  [405/1036] ✓  IMG-6901-%281%29
  [406/1036] ✓  IMG-6903
  [407/1036] ✓  IMG-6931
  [408/1036] ✓  1697142-VID-20251105-181350-103
  [409/1036] ✓  %283%29-Sex-Hot-L%C3%AAn-v%C3%A0i-si%C3%AAu-ph%E1%BA%A9
  [410/1036] ✓  1643707-QMH-Thien-duong-giai-tri-18-4
  [411/1036] ✓  1643740-yJdd0xM
  [412/1036] ✓  Xu%E1%BA%A5t-tinh-%C4%91%E1%BA%A7y-l%E1%BB%93n-em-si%C3
  [413/1036] ✓  Cameraman-b%C3%BA-l%E1%BB%93n-em-m%E1%BA%ABu-%E1%BA%A3n
  [414/1036] ✓  Em-h%C3%A0ng-d%C3%A2m-%C4%91%C3%A3ng-phang-nhau-c%E1%BB
  [415/1036] ✓  69-b%E1%BA%AFn-tinh-%C4%91%E1%BA%A7y-m%E1%BA%B7t-em-ng%
  [416/1036] ✓  Ch%C6%A1i-l%E1%BB%97-nh%E1%BB%8B-em-Miuzxc
  [417/1036] ✓  Em-h%E1%BB%8Dc-sinh-l%E1%BB%9Bp-12-m%C3%B3c-l%E1%BB%93n
  [418/1036] ✓  Em-sinh-vi%C3%AAn-2k5-l%C3%AAn-c%C6%A1n-n%E1%BB%A9ng
  [419/1036] ✓  G%C3%A1i-xinh-th%E1%BB%95i-k%C3%A8n-%C4%91i%C3%AAu-luy%
  [420/1036] ✓  QMH-Thi%C3%AAn-%C4%91%C6%B0%E1%BB%9Dng-gi%E1%BA%A3i-tr%
  [421/1036] ✓  B%C3%A9-sinh-vi%C3%AAn-k%C3%ADnh-c%E1%BA%ADn-v%C3%A1y-%
  [422/1036] ✓  %5BSi%C3%AAu-Ph%E1%BA%A9m%5D-Full-%C4%90%E1%BA%B7ng-T%C
  [423/1036] ✓  %5BHot%5D-Full-Th%E1%BA%A3o-Ng%C3%A2n-n%E1%BB%AF-sinh-l
  [424/1036] ✓  %5BHot%5D-Full-Th%E1%BA%A3o-Ng%C3%A2n-n%E1%BB%AF-sinh-l
  [425/1036] ✓  %5BHOT%5D-Hot-Tiktoker-h%C6%A1n-300k-Fl-l%E1%BB%99-clip
  [426/1036] ✓  %5BHot%5D-Tr%E1%BA%A7n-Th%E1%BA%A3o-Nhi-sinh-vi%C3%AAn-
  [427/1036] ✓  %5BHot%5D-B%E1%BA%A3o-Tr%C3%BAc-2k5-Sinh-vi%C3%AAn-S%C6
  [428/1036] ✓  SIUPH1
  [429/1036] ✓  xdownloader com-Jean-JQK-5c842
  [430/1036] ✓  xdownloader com-sieudamduc-69c3f
  [431/1036] ✓  xdownloader com-nhomthacloan-3fa96
  [432/1036] ✓  xdownloader com-bantinsex-9e130
  [433/1036] ✓  G1Tt4hVWwAABhPP
  [434/1036] ✓  xdownloader com-e93d4
  [435/1036] ✓  xdownloader com-TuLieuTham-ff9ab
  [436/1036] ✓  xdownloader com-maybaybagia888-4ec7c
  [437/1036] ✓  xdownloader com-maybaybagia888-de005
  [438/1036] ✓  xdownloader com-maybaybagia888-340ca
  [439/1036] ✓  xdownloader com-maybaybagia888-bae55
  [440/1036] ✓  xdownloader com-bd0d4
  [441/1036] ✓  xdownloader com-9c600
  [442/1036] ✓  xdownloader com-82118
  [443/1036] ✓  xdownloader com-6333d
  [444/1036] ✓  xdownloader com-42afc
  [445/1036] ✓  xdownloader com-e772f
  [446/1036] ✓  xdownloader com-f3a4b
  [447/1036] ✓  G2uT61-bIAAjAhe
  [448/1036] ✓  G2PdPTzaIAE4C9
  [449/1036] ✓  G2PdRP5aIAIt2e7
  [450/1036] ✓  G2PdUeebYAA3NIz
  [451/1036] ✓  G2PdWQiaIAU35NQ
  [452/1036] ✓  xdownloader com-sieuphamsex-32215
  [453/1036] ✓  xdownloader com-nhomthacloan-7714d
  [454/1036] ✓  xdownloader com-videohaydinh-4cfac
  [455/1036] ✓  xdownloader com-bantinsex-a33cc
  [456/1036] ✓  xdownloader com-ddott-douglass-7bc37
  [457/1036] ✓  xdownloader com-56f53
  [458/1036] ✓  xdownloader com-sieudamduc-65e9f
  [459/1036] ✓  xdownloader com-2d3d8
  [460/1036] ✓  xdownloader com-1bc6b
  [461/1036] ✓  xdownloader com-83699
  [462/1036] ✓  xdownloader com-dd7a5
  [463/1036] ✓  G2cdqTkWsAA9TBZ
  [464/1036] ✓  G2VEcPGacAAZHM5
  [465/1036] ✓  G2TL4o3XwAAABJD
  [466/1036] ✓  G2Wpx-LbMAEw1VO
  [467/1036] ✓  xdownloader com-tnttiHillerr-a002f
  [468/1036] ✓  xdownloader com-sieudamduc-2d8a5
  [469/1036] ✓  xdownloader com-66156
  [470/1036] ✓  xdownloader com-9abd3
  [471/1036] ✓  xdownloader com-638b7
  [472/1036] ✓  xdownloader com-7067e
  [473/1036] ✓  G2YAioDWsAAmeNU
  [474/1036] ✓  G2NaG5GX0AAHcH7
  [475/1036] ✓  G2ZqB4-XEAAyPGX
  [476/1036] ✓  G15b8xlb0AMlAgh
  [477/1036] ✓  xdownloader com-93adf
  [478/1036] ✓  xdownloader com-efcc4
  [479/1036] ✓  xdownloader com-01150
  [480/1036] ✓  xdownloader com-4983b
  [481/1036] ✓  xdownloader com-Loria-ST-18-921e0
  [482/1036] ✓  xdownloader com-cc27a
  [483/1036] ✓  xdownloader com-ed82a
  [484/1036] ✓  xdownloader com-349d4
  [485/1036] ✓  xdownloader com-befd2
  [486/1036] ✓  G2TEM1jXgAAHJDE
  [487/1036] ✓  xdownloader com-videohaydinh-eee5b
  [488/1036] ✓  xdownloader com-f9194
  [489/1036] ✓  xdownloader com-nhomthacloan-ca5d5
  [490/1036] ✓  xdownloader com-hayxemsex-606f6
  [491/1036] ✓  xdownloader com-ddott-douglass-dfa53
  [492/1036] ✓  xdownloader com-55d17
  [493/1036] ✓  xdownloader com-d62cf
  [494/1036] ✓  xdownloader com-f7830
  [495/1036] ✓  xdownloader com-8a716
  [496/1036] ✓  xdownloader com-40c67
  [497/1036] ✓  xdownloader com-6e389
  [498/1036] ✓  xdownloader com-6250d
  [499/1036] ✓  xdownloader com-07add
  [500/1036] ✓  xdownloader com-10dca
  [501/1036] ✓  xdownloader com-c89de
  [502/1036] ✓  xdownloader com-3e06c
  [503/1036] ✓  xdownloader com-mealxAshlin-39b3e
  [504/1036] ✓  xdownloader com-cuckoldvodam-f0b80
  [505/1036] ✓  xdownloader com-Jean-JQK-5c842
  [506/1036] ✓  xdownloader com-abbc2
  [507/1036] ✓  xdownloader com-3f465
  [508/1036] ✓  xdownloader com-nhomthacloan-fe2ca
  [509/1036] ✓  xdownloader com-6b0ef
  [510/1036] ✓  %E7%9C%8B%E5%AE%8C%E8%A7%92%E9%A0%AD%E7%9B%B4%E6%8E%A5%
  [511/1036] ✓  Ph%E1%BB%8Bch-th%E1%BB%A7-x%E1%BB%A9-Trung-v%C3%A0-em-g
  [512/1036] ✓  B%C3%A9-SGBB-Hot-Girl-Qu%E1%BA%ADn-5-tr%E1%BA%AFng-m%C6
  [513/1036] ✓  moas-rn-1733370971-3516093007348507412-69066570536
  [514/1036] ✓  Fiw2000k-v%C3%A0-con-%C4%91%C4%A9-d%C3%A2m-c%E1%BB%A7a-
  [515/1036] ✓  Fiw2000k-v%C3%A0-con-%C4%91%C4%A9-d%C3%A2m-c%E1%BB%A7a-
  [516/1036] ✓  Fiw2000k-v%C3%A0-con-%C4%91%C4%A9-d%C3%A2m-c%E1%BB%A7a-
  [517/1036] ✓  Fiw2000k-v%C3%A0-con-%C4%91%C4%A9-d%C3%A2m-c%E1%BB%A7a-
  [518/1036] ✓  Fwb-2k6-Th%E1%BB%A7-%C4%90%E1%BB%A9c-Cosplay-b%C3%A9-m%
  [519/1036] ✓  B%E1%BA%A1n-h%E1%BB%8Dc-c%C5%A9-th%E1%BB%9Di-C3-2k4-l%C
  [520/1036] ✓  %C4%90i-kara-r%E1%BB%93i-g%E1%BB%8Di-%C4%91%C3%A0o-n%E1
  [521/1036] ✓  GwM2LiUXcAAr1yc
  [522/1036] ✓  GwM2LiUW0AACxC1
  [523/1036] ✓  GwThkQ6bEAAT8c9
  [524/1036] ✓  GwTqO1YaYAAXsNG
  [525/1036] ✓  GwTqOwvX0AEflHu
  [526/1036] ✓  ch%E1%BB%8Bch-em-sinh-vi%C3%AAn-%C4%91%C3%ADt-cong-Like
  [527/1036] ✓  %C6%A1-%C6%A1-l%C3%A0m-c%C3%A1i-g%C3%AC-v%E1%BA%ADy-b%E
  [528/1036] ✓  chn24033012 avi
  [529/1036] ✓  Cuckold-%C4%91%C6%A1n-gi%E1%BA%A3n-m%C3%A0-s%C6%B0%E1%B
  [530/1036] ✓  B%E1%BA%AFn-tinh-l%C3%AAn-m%E1%BA%B7t-em-Like-RT-nh%E1%
  [531/1036] ✓  Hot-girl-H%C3%A0-N%E1%BB%99i-c%E1%BB%B1c-xinh-body-%C4%
  [532/1036] ✓  GvmaJSdWwAAfSXS
  [533/1036] ✓  Nh%E1%BA%A5p-s%C3%A2u-v%C3%A0o-lon-c%C3%B4-gi%C3%A1o-d%
  [534/1036] ✓  GvonSqeX0AAFIW
  [535/1036] ✓  GviSU0hWUAAb9vz
  [536/1036] ✓  Th%C3%A8m-c%E1%BA%A3m-gi%C3%A1c-tinh-tr%C3%B9ng-%E1%BA%
  [537/1036] ✓  %C4%90%C6%B0%E1%BB%A3c-ngh%E1%BB%89-h%C3%A8-bi%E1%BA%BF
  [538/1036] ✓  Si%C3%AAu-Ph%E1%BA%A9m-Full-clip-b%E1%BB%8B-l%E1%BB%99-
  [539/1036] ✓  GvcJYOTWIAAv0nv
  [540/1036] ✓  App-g%C3%AC-nh%C3%ACn-quen-quen-sao-m%C3%A0-show-b%E1%B
  [541/1036] ✓  2k8-m%C3%A0-nh%C3%BAn-%C3%A1c-vcl-anh-em-%E1%BA%A1-coi-
  [542/1036] ✓  Hu%E1%BB%B3nh-Th%E1%BB%8B-Nh%C3%A3-Tr%C3%A2n-2k6-UEF-si
  [543/1036] ✓  ch%C6%A1i-2-con-cu-lu%C3%B4n-h%E1%BA%A3-ch%E1%BB%8Bu-n%
  [544/1036] ✓  1-Sex-Tr%C3%A2m-Anh-Sex-Sex-Rphang-Di%E1%BB%85n-%C4%91%
  [545/1036] ✓  B%E1%BB%91-m%E1%BA%B9-v%E1%BA%AFng-nh%C3%A0-em-gh%E1%BB
  [546/1036] ✓  1545986-Mira-asian-girl-sucky-Blowjob-Pornhub-Blowjobs-
  [547/1036] ✓  1543711-moc-lon-5-phut
  [548/1036] ✓  1542549-photo-2025-03-12-21-37-14
  [549/1036] ✓  1-Sex-Nh%E1%BB%AFng-b%C3%B4ng-hoa-d%C3%A2m-lo%E1%BA%A1n
  [550/1036] ✓  1-Sex-Nh%E1%BB%AFng-b%C3%B4ng-hoa-d%C3%A2m-lo%E1%BA%A1n
  [551/1036] ✓  1-Sex-Nh%E1%BB%AFng-b%C3%B4ng-hoa-d%C3%A2m-lo%E1%BA%A1n
  [552/1036] ✓  1542555-photo-2025-03-12-21-49-06
  [553/1036] ✓  1-Sex-Nh%E1%BB%AFng-b%C3%B4ng-hoa-d%C3%A2m-lo%E1%BA%A1n
  [554/1036] ✓  1-Sex-Nh%E1%BB%AFng-b%C3%B4ng-hoa-d%C3%A2m-lo%E1%BA%A1n
  [555/1036] ✓  1-Sex-Nh%E1%BB%AFng-b%C3%B4ng-hoa-d%C3%A2m-lo%E1%BA%A1n
  [556/1036] ✓  1542565-photo-2025-02-25-18-59-56-2
  [557/1036] ✓  1-Sex-Nh%E1%BB%AFng-b%C3%B4ng-hoa-d%C3%A2m-lo%E1%BA%A1n
  [558/1036] ✓  1-Sex-Nh%E1%BB%AFng-b%C3%B4ng-hoa-d%C3%A2m-lo%E1%BA%A1n
  [559/1036] ✓  1-Sex-Nh%E1%BB%AFng-b%C3%B4ng-hoa-d%C3%A2m-d%E1%BB%A5c-
  [560/1036] ✓  1-Sex-Nh%E1%BB%AFng-b%C3%B4ng-hoa-d%C3%A2m-lo%E1%BA%A1n
  [561/1036] ✓  1-Sex-Trao-th%C3%A2n-nh%E1%BA%A7m-cho-k%E1%BA%BB-b%E1%B
  [562/1036] ✓  1-Sex-Trao-th%C3%A2n-nh%E1%BA%A7m-cho-k%E1%BA%BB-b%E1%B
  [563/1036] ✓  1-Sex-Trao-th%C3%A2n-nh%E1%BA%A7m-cho-k%E1%BA%BB-b%E1%B
  [564/1036] ✓  1-Sex-Trao-th%C3%A2n-nh%E1%BA%A7m-cho-k%E1%BA%BB-b%E1%B
  [565/1036] ✓  1536099-photo-2025-05-17-00-55-05-2
  [566/1036] ✓  1536100-photo-2025-05-17-00-55-06
  [567/1036] ✓  1536101-photo-2025-05-17-00-55-05
  [568/1036] ✓  1536102-photo-2025-05-17-00-55-06-2
  [569/1036] ✓  1-PIC-%C4%82n-bao-nhi%C3%AAu-nu%C3%B4i-v%C3%BA-h%E1%BA%
  [570/1036] ✓  1-PIC-%C4%82n-bao-nhi%C3%AAu-nu%C3%B4i-v%C3%BA-h%E1%BA%
  [571/1036] ✓  4-Sex-%C4%90%E1%BB%8Bt-tung-l%E1%BB%93n-em-fashionista-
  [572/1036] ✓  1-PIC-%C4%82n-bao-nhi%C3%AAu-nu%C3%B4i-v%C3%BA-h%E1%BA%
  [573/1036] ✓  1-Sex-%C4%90%E1%BB%8Bt-tung-l%E1%BB%93n-em-fashionista-
  [574/1036] ✓  2-Sex-%C4%90%E1%BB%8Bt-tung-l%E1%BB%93n-em-fashionista-
  [575/1036] ✓  3-Sex-%C4%90%E1%BB%8Bt-tung-l%E1%BB%93n-em-fashionista-
  [576/1036] ✓  5-Sex-%C4%90%E1%BB%8Bt-tung-l%E1%BB%93n-em-fashionista-
  [577/1036] ✓  6-Sex-%C4%90%E1%BB%8Bt-tung-l%E1%BB%93n-em-fashionista-
  [578/1036] ✓  1531927-photo-2025-03-21-13-46-49-2
  [579/1036] ✓  1531928-photo-2025-03-21-13-46-49-3
  [580/1036] ✓  1531930-photo-2025-03-21-13-46-50-2
  [581/1036] ✓  1-Sex-Ng%E1%BA%A7u-l%C3%B2i-b%E1%BB%8B-n%E1%BA%AFc-l%C3
  [582/1036] ✓  1-Sex-Ng%E1%BA%A7u-l%C3%B2i-b%E1%BB%8B-n%E1%BA%AFc-l%C3
  [583/1036] ✓  1-Sex-Ng%E1%BA%A7u-l%C3%B2i-b%E1%BB%8B-n%E1%BA%AFc-l%C3
  [584/1036] ✓  1-Sex-Ng%E1%BA%A7u-l%C3%B2i-b%E1%BB%8B-n%E1%BA%AFc-l%C3
  [585/1036] ✓  1526956-photo-2023-12-16-08-15-45
  [586/1036] ✓  1-Sex-C%E1%BB%B1c-ph%E1%BA%A9m-l%C3%A0-%C4%91%C3%A2y-ch
  [587/1036] ✓  1-Sex-C%E1%BB%B1c-ph%E1%BA%A9m-l%C3%A0-%C4%91%C3%A2y-ch
  [588/1036] ✓  1-Sex-C%E1%BB%B1c-ph%E1%BA%A9m-l%C3%A0-%C4%91%C3%A2y-ch
  [589/1036] ✓  1526960-photo-2023-12-15-09-08-43
  [590/1036] ✓  1526961-photo-2023-12-15-09-08-44-2
  [591/1036] ✓  1-Sex-C%E1%BB%B1c-ph%E1%BA%A9m-l%C3%A0-%C4%91%C3%A2y-ch
  [592/1036] ✓  1-Sex-C%E1%BB%B1c-ph%E1%BA%A9m-l%C3%A0-%C4%91%C3%A2y-ch
  [593/1036] ✓  1-Sex-C%E1%BB%B1c-ph%E1%BA%A9m-l%C3%A0-%C4%91%C3%A2y-ch
  [594/1036] ✓  1-Sex-C%E1%BB%B1c-ph%E1%BA%A9m-l%C3%A0-%C4%91%C3%A2y-ch
  [595/1036] ✓  1-Sex-C%E1%BB%B1c-ph%E1%BA%A9m-l%C3%A0-%C4%91%C3%A2y-ch
  [596/1036] ✓  1508350-OFTtJAaa
  [597/1036] ✓  1508347-photo-2025-03-03-07-27-54
  [598/1036] ✓  1508348-photo-2025-03-03-07-27-55
  [599/1036] ✓  1508349-photo-2025-03-03-07-27-56
  [600/1036] ✓  1508351-OFTtJAab
  [601/1036] ✓  1508353-OFTtJAba
  [602/1036] ✓  Video-1770614
  [603/1036] ✓  1491687-photo-2025-04-26-14-24-02
  [604/1036] ✓  1491689-photo-2025-04-26-14-26-36
  [605/1036] ✓  1-Sex-Mu%E1%BB%91n-n%E1%BB%95-con-c%E1%BA%B7c-v%E1%BB%9
  [606/1036] ✓  1-Sex-Mu%E1%BB%91n-n%E1%BB%95-con-c%E1%BA%B7c-v%E1%BB%9
  [607/1036] ✓  1-Sex-Mu%E1%BB%91n-n%E1%BB%95-con-c%E1%BA%B7c-v%E1%BB%9
  [608/1036] ✓  1-Sex-Em-barber-b%C3%AAn-T%C3%A2n-Ph%C3%BA-Sex-Sex-Rpha
  [609/1036] ✓  1481239-photo-2025-05-20-12-32-56
  [610/1036] ✓  1481241-photo-2025-05-20-12-32-42
  [611/1036] ✓  1481242-photo-2025-05-20-12-32-28
  [612/1036] ✓  1481244-photo-2025-05-20-12-32-10
  [613/1036] ✓  1-Sex-Hotgirl-m%E1%BB%9Bi-l%E1%BB%9Bn-g%E1%BA%B7p-ph%E1
  [614/1036] ✓  1-Sex-Hotgirl-m%E1%BB%9Bi-l%E1%BB%9Bn-g%E1%BA%B7p-ph%E1
  [615/1036] ✓  1479670-photo-2023-08-17-16-15-54
  [616/1036] ✓  1479673-photo-2023-08-17-16-15-56
  [617/1036] ✓  1-Sex-Nghe-%C4%91%E1%BB%93n-l%C3%A0-ti%E1%BA%BFp-vi%C3%
  [618/1036] ✓  1-Sex-Nghe-%C4%91%E1%BB%93n-l%C3%A0-ti%E1%BA%BFp-vi%C3%
  [619/1036] ✓  1-Sex-Nh%E1%BB%AFng-em-g%C3%A1i-d%C3%A2m-d%E1%BB%A5c-Se
  [620/1036] ✓  1471692-photo-2024-07-03-22-09-35
  [621/1036] ✓  1-Sex-Em-loli-Nh%E1%BA%ADt-H%E1%BA%A1-th%C3%ADch-b%E1%B
  [622/1036] ✓  1-Sex-%C4%91i-r%E1%BB%93i-n%E1%BB%A9ng-Sex-Sex-Rphang-D
  [623/1036] ✓  1-Sex-Em-loli-Nh%E1%BA%ADt-H%E1%BA%A1-th%C3%ADch-b%E1%B
  [624/1036] ✓  1-Sex-G%C3%B3i-g%E1%BB%8Dn-trong-1-t%E1%BB%AB-TUY%E1%BB
  [625/1036] ✓  1-Sex-%C4%91i-r%E1%BB%93i-n%E1%BB%A9ng-Sex-Sex-Rphang-D
  [626/1036] ✓  1-Sex-G%C3%B3i-g%E1%BB%8Dn-trong-1-t%E1%BB%AB-TUY%E1%BB
  [627/1036] ✓  1-Sex-G%C3%B3i-g%E1%BB%8Dn-trong-1-t%E1%BB%AB-TUY%E1%BB
  [628/1036] ✓  1-Sex-G%C3%B3i-g%E1%BB%8Dn-trong-1-t%E1%BB%AB-TUY%E1%BB
  [629/1036] ✓  1-Sex-G%C3%B3i-g%E1%BB%8Dn-trong-1-t%E1%BB%AB-TUY%E1%BB
  [630/1036] ✓  1-Sex-G%C3%B3i-g%E1%BB%8Dn-trong-1-t%E1%BB%AB-TUY%E1%BB
  [631/1036] ✓  1-Sex-G%C3%B3i-g%E1%BB%8Dn-trong-1-t%E1%BB%AB-TUY%E1%BB
  [632/1036] ✓  1-Sex-G%C3%B3i-g%E1%BB%8Dn-trong-1-t%E1%BB%AB-TUY%E1%BB
  [633/1036] ✓  1-Sex-Em-GenZ-b%E1%BB%8B-b%E1%BA%A1n-trai-tung-Sex-Sex-
  [634/1036] ✓  1400896-photo-2023-09-09-19-01-04-2
  [635/1036] ✓  1400898-photo-2023-09-09-19-01-05
  [636/1036] ✓  1400899-photo-2023-09-09-19-01-06
  [637/1036] ✓  1-Sex-Em-GenZ-b%E1%BB%8B-b%E1%BA%A1n-trai-tung-Sex-Sex-
  [638/1036] ✓  1-Sex-Em-GenZ-b%E1%BB%8B-b%E1%BA%A1n-trai-tung-Sex-Sex-
  [639/1036] ✓  1-Sex-Em-GenZ-b%E1%BB%8B-b%E1%BA%A1n-trai-tung-Sex-Sex-
  [640/1036] ✓  1-Sex-Em-GenZ-b%E1%BB%8B-b%E1%BA%A1n-trai-tung-Sex-Sex-
  [641/1036] ✓  %C4%90%C6%B0%E1%BB%A3c-%C4%91%E1%BB%A9a-e-ng-d%C3%A2n-t
  [642/1036] ✓  1%C4%90%C6%B0%E1%BB%A3c-%C4%91%E1%BB%A9a-e-ng-d%C3%A2n-
  [643/1036] ✓  2%C4%90%C6%B0%E1%BB%A3c-%C4%91%E1%BB%A9a-e-ng-d%C3%A2n-
  [644/1036] ✓  3%C4%90%C6%B0%E1%BB%A3c-%C4%91%E1%BB%A9a-e-ng-d%C3%A2n-
  [645/1036] ✓  Loan-luan-anh-em-anh-trai-b%E1%BA%AFt-em-g%C3%A1i-b
  [646/1036] ✓  some-em-g%C3%A1i-d%C3%A2m-ph%C3%AA-v%C3%A3i-Like-RT-nh%
  [647/1036] ✓  GuGOpUkWIAAJZ5v
  [648/1036] ✓  GuGOpUoWgAAdTqN
  [649/1036] ✓  B%C3%A9-%C4%91%C6%B0%E1%BB%9Dng-v%C3%A0-b%E1%BB%91-%C4%
  [650/1036] ✓  1B%C3%A9-%C4%91%C6%B0%E1%BB%9Dng-v%C3%A0-b%E1%BB%91-%C4
  [651/1036] ✓  %C4%90%E1%BB%ABng-%C4%91%C3%A1nh-gi%C3%A1-con-g%C3%A1i-
  [652/1036] ✓  GuGJlHcbwAAxnhe
  [653/1036] ✓  G%C3%A1i-Trung-damdang-ko-b%C3%A0n-c%C3%A3i-M%E1%BB%9Bi
  [654/1036] ✓  GuF7FB4WMAAYbit
  [655/1036] ✓  1-Th%E1%BA%A3o-lu%E1%BA%ADn-Genz-ch%E1%BB%8Bch-nhau-up-
  [656/1036] ✓  GuF7FCEXMAAxSvd
  [657/1036] ✓  GuF7FBXbwAA7Nbp
  [658/1036] ✓  1-PIC-Tiktoker-T%E1%BA%A1-Thanh-Nhi-Th%E1%BA%ADp-C%E1%B
  [659/1036] ✓  1238779-405408375-2089264344760907-109845637491193957-n
  [660/1036] ✓  1-PIC-Hot-tiktoker-d%C3%A2m-ch%C3%BAa-body-m%C3%BAp-m%C
  [661/1036] ✓  1-PIC-Hot-tiktoker-d%C3%A2m-ch%C3%BAa-body-m%C3%BAp-m%C
  [662/1036] ✓  1524140-1290x1720-a99043e5cda8ec5c2906b97cff9712d8
  [663/1036] ✓  1524150-3-Co-video-Ta-Thanh-Nhi-Ai-roi-cung-phai-show-t
  [664/1036] ✓  1524153-3-Co-video-Ta-Thanh-Nhi-Ai-roi-cung-phai-show-t
  [665/1036] ✓  1524157-3-Co-video-Ta-Thanh-Nhi-Ai-roi-cung-phai-show-t
  [666/1036] ✓  1524152-3-Co-video-Ta-Thanh-Nhi-Ai-roi-cung-phai-show-t
  [667/1036] ✓  1524154-2160x2880-388a656de7ffbc69b942bec8a2b3d8fd
  [668/1036] ✓  1-PIC-Dynie-m%C3%BAi-m%C3%ADt-2k8-d%C3%A2m-d%E1%BB%A5c-
  [669/1036] ✓  1524161-2160x2880-bf6d9418e5fc955e93fd60bab730e358
  [670/1036] ✓  1-PIC-Dynie-m%C3%BAi-m%C3%ADt-2k8-d%C3%A2m-d%E1%BB%A5c-
  [671/1036] ✓  1-PIC-Dynie-m%C3%BAi-m%C3%ADt-2k8-d%C3%A2m-d%E1%BB%A5c-
  [672/1036] ✓  1-PIC-Dynie-m%C3%BAi-m%C3%ADt-2k8-d%C3%A2m-d%E1%BB%A5c-
  [673/1036] ✓  1-PIC-Dynie-m%C3%BAi-m%C3%ADt-2k8-d%C3%A2m-d%E1%BB%A5c-
  [674/1036] ✓  1-PIC-Dynie-m%C3%BAi-m%C3%ADt-2k8-d%C3%A2m-d%E1%BB%A5c-
  [675/1036] ✓  1546330-i-Hue-3-Dau-Not-Ruoi-Son-Ben-Bau-Nguc-Ben-Phai-
  [676/1036] ✓  1-PIC-Dynie-m%C3%BAi-m%C3%ADt-2k8-d%C3%A2m-d%E1%BB%A5c-
  [677/1036] ✓  1-PIC-Dynie-m%C3%BAi-m%C3%ADt-2k8-d%C3%A2m-d%E1%BB%A5c-
  [678/1036] ✓  Em-n%C3%A0y-m%C3%A0-c%C3%B3-%E1%BB%9F-vi%E1%BB%87t-nam-
  [679/1036] ✓  Chamchubby201-1949662806128668891-01
  [680/1036] ✓  Em-n%C3%A0y-m%C3%A0-c%C3%B3-%E1%BB%9F-vi%E1%BB%87t-nam-
  [681/1036] ✓  Em-n%C3%A0y-m%C3%A0-c%C3%B3-%E1%BB%9F-vi%E1%BB%87t-nam-
  [682/1036] ✓  Em-n%C3%A0y-m%C3%A0-c%C3%B3-%E1%BB%9F-vi%E1%BB%87t-nam-
  [683/1036] ✓  Si%C3%AAu-ph%E1%BA%A9m-b%C3%A9-m%E1%BA%ABu-b%C3%A1n-chu
  [684/1036] ✓  1-EM-N%E1%BB%AE-SINH-SI%C3%8AU-PH%E1%BA%A8M-BODY-C%E1%B
  [685/1036] ✓  1-Teen-asean-full-b%C3%A9-xinh-x%E1%BA%AFn-show-m%C3%B3
  [686/1036] ✓  1-Teen-asean-full-b%C3%A9-xinh-x%E1%BA%AFn-show-m%C3%B3
  [687/1036] ✓  1-Anh-th%E1%BB%A3-ch%E1%BB%A5p-h%C3%ACnh-n%E1%BB%A9ng-q
  [688/1036] ✓  1-Teen-asean-full-b%C3%A9-xinh-x%E1%BA%AFn-show-m%C3%B3
  [689/1036] ✓  1457964-11
  [690/1036] ✓  1457937-3
  [691/1036] ✓  1457938-1
  [692/1036] ✓  1457969-13
  [693/1036] ✓  1457925-phan2
  [694/1036] ✓  1457933-Phan3
  [695/1036] ✓  Nh%C6%B0-Qu%E1%BB%B3nh-2k6-Hot-Girl-h%E1%BB%8Dc-vi%E1%B
  [696/1036] ✓  1541528-Peachyy-babipeachyy-OnlyFans-Leak-Photos-Videos
  [697/1036] ✓  1541482-Peachyy-babipeachyy-OnlyFans-Leak-Photos-Videos
  [698/1036] ✓  1541480-Peachyy-babipeachyy-OnlyFans-Leak-Photos-Videos
  [699/1036] ✓  1541483-Peachyy-babipeachyy-OnlyFans-Leak-Photos-Videos
  [700/1036] ✓  1-Sex-st-em-g%C3%A1i-h%E1%BB%8Dc-sinh-b%E1%BB%8B-%C4%91
  [701/1036] ✓  1-Sex-st-em-g%C3%A1i-h%E1%BB%8Dc-sinh-b%E1%BB%8B-%C4%91
  [702/1036] ✓  1-Sex-st-em-g%C3%A1i-h%E1%BB%8Dc-sinh-b%E1%BB%8B-%C4%91
  [703/1036] ✓  1534261-Aryminh-Minhie1
  [704/1036] ✓  1-Si%C3%AAu-Ph%E1%BA%A9m-T%E1%BB%95ng-H%E1%BB%A3p-Non-T
  [705/1036] ✓  1-Si%C3%AAu-Ph%E1%BA%A9m-T%E1%BB%95ng-H%E1%BB%A3p-Non-T
  [706/1036] ✓  1-Si%C3%AAu-Ph%E1%BA%A9m-T%E1%BB%95ng-H%E1%BB%A3p-Non-T
  [707/1036] ✓  1-Si%C3%AAu-Ph%E1%BA%A9m-T%E1%BB%95ng-H%E1%BB%A3p-Non-T
  [708/1036] ✓  1-Si%C3%AAu-Ph%E1%BA%A9m-T%E1%BB%95ng-H%E1%BB%A3p-Non-T
  [709/1036] ✓  1-FWB-ONS-RAU-Khoe-c%E1%BA%B7p-ng%E1%BB%B1c-10-10-c%E1%
  [710/1036] ✓  Leak-Only-Club-1951304927483142149-01
  [711/1036] ✓  1-Sex-2-Thanh-ni%C3%AAn-ch%C6%A1i-Some-em-%C4%91%E1%BB%
  [712/1036] ✓  1-M%E1%BA%B7t-xinh-d%C3%A1ng-m%C3%BAp-ch%E1%BB%89-bi%E1
  [713/1036] ✓  1-M%E1%BA%B7t-xinh-d%C3%A1ng-m%C3%BAp-ch%E1%BB%89-bi%E1
  [714/1036] ✓  1-Tao-th%E1%BA%A5y-th%C3%AC-anh-em-c%C5%A9ng-ph%E1%BA%A
  [715/1036] ✓  1527379-IMG-8209
  [716/1036] ✓  1527378-IMG-8208
  [717/1036] ✓  1-Nh%E1%BA%ADt-K%C3%BD-M%C3%A2y-M%C6%B0a-PIC-SI%C3%8AU-
  [718/1036] ✓  1-Nh%E1%BA%ADt-K%C3%BD-M%C3%A2y-M%C6%B0a-PIC-SI%C3%8AU-
  [719/1036] ✓  1526805-brdsfc mov
  [720/1036] ✓  L%C3%AAn-ti%E1%BA%BFp-cho-anh-em-%C4%91%C3%A2y-3-c%C3%B
  [721/1036] ✓  T%C6%B0-li%E1%BB%87u-s%C6%B0u-t%E1%BA%A7m-idol-1-th%E1%
  [722/1036] ✓  T%C6%B0-li%E1%BB%87u-s%C6%B0u-t%E1%BA%A7m-idol-1-th%E1%
  [723/1036] ✓  T%C6%B0-li%E1%BB%87u-s%C6%B0u-t%E1%BA%A7m-idol-1-th%E1%
  [724/1036] ✓  Album-L%C3%A2m-V%C4%A9nh-T%C3%BAc-Ch%E1%BB%8Bch-some-G%
  [725/1036] ✓  Demo-Tuy%E1%BB%87t-ph%E1%BA%A9m-nh%C3%A2n-gian-Hot-IG-T
  [726/1036] ✓  1-Sex-HOT-M%E1%BB%99t-b%E1%BB%99-ALBUM-SI%C3%8AU-PH%E1%
  [727/1036] ✓  1549042-T meTleak19-t22-2
  [728/1036] ✓  1-Sex-HOT-M%E1%BB%99t-b%E1%BB%99-ALBUM-SI%C3%8AU-PH%E1%
  [729/1036] ✓  1-Sex-HOT-M%E1%BB%99t-b%E1%BB%99-ALBUM-SI%C3%8AU-PH%E1%
  [730/1036] ✓  1-Sex-HOT-M%E1%BB%99t-b%E1%BB%99-ALBUM-SI%C3%8AU-PH%E1%
  [731/1036] ✓  1-Sex-HOT-M%E1%BB%99t-b%E1%BB%99-ALBUM-SI%C3%8AU-PH%E1%
  [732/1036] ✓  1-Sex-HOT-M%E1%BB%99t-b%E1%BB%99-ALBUM-SI%C3%8AU-PH%E1%
  [733/1036] ✓  1-Sex-HOT-M%E1%BB%99t-b%E1%BB%99-ALBUM-SI%C3%8AU-PH%E1%
  [734/1036] ✓  1-PIC-Th%E1%BA%A3o-lu%E1%BA%ADn-Some-%C6%AF%E1%BB%9AC-M
  [735/1036] ✓  1-PIC-Th%E1%BA%A3o-lu%E1%BA%ADn-Some-%C6%AF%E1%BB%9AC-M
  [736/1036] ✓  1366396-IMG-2446
  [737/1036] ✓  1366402-IMG-2451
  [738/1036] ✓  1366423-IMG-2462
  [739/1036] ✓  1366458-IMG-2800
  [740/1036] ✓  1366425-IMG-2468
  [741/1036] ✓  1366435-IMG-2793
  [742/1036] ✓  1366439-IMG-2795
  [743/1036] ✓  1-PIC-Th%E1%BA%A3o-lu%E1%BA%ADn-Some-%C6%AF%E1%BB%9AC-M
  [744/1036] ✓  1366456-IMG-2794
  [745/1036] ✓  1-PIC-Th%E1%BA%A3o-lu%E1%BA%ADn-Some-%C6%AF%E1%BB%9AC-M
  [746/1036] ✓  1-Up-l%E1%BA%A1i-t%C3%ACm-infor-b%C3%A9-n%C3%A0y-v%E1%B
  [747/1036] ✓  1-PIC-Th%E1%BA%A3o-lu%E1%BA%ADn-Some-%C6%AF%E1%BB%9AC-M
  [748/1036] ✓  1-PIC-Th%E1%BA%A3o-lu%E1%BA%ADn-Some-%C6%AF%E1%BB%9AC-M
  [749/1036] ✓  1366471-IMG-2484
  [750/1036] ✓  1366428-IMG-2469
  [751/1036] ✓  1553266-IMG-7098
  [752/1036] ✓  1553267-IMG-7824-3
  [753/1036] ✓  1529762-Nha-Van-Hoa-tren-X-Be-huyen-2k6-ae-share-manh-e
  [754/1036] ✓  1523108-T meTleak19-21th6-2
  [755/1036] ✓  1-Sex-HOT-Si%C3%AAu-ph%E1%BA%A9m-hot-IG-Nguy%E1%BB%85n-
  [756/1036] ✓  1-Sex-HOT-Si%C3%AAu-ph%E1%BA%A9m-hot-IG-Nguy%E1%BB%85n-
  [757/1036] ✓  1-Sex-HOT-Si%C3%AAu-ph%E1%BA%A9m-hot-IG-Nguy%E1%BB%85n-
  [758/1036] ✓  1-Sex-HOT-Si%C3%AAu-ph%E1%BA%A9m-hot-IG-Nguy%E1%BB%85n-
  [759/1036] ✓  1-Sex-HOT-Si%C3%AAu-ph%E1%BA%A9m-hot-IG-Nguy%E1%BB%85n-
  [760/1036] ✓  1-Sex-HOT-Si%C3%AAu-ph%E1%BA%A9m-hot-IG-Nguy%E1%BB%85n-
  [761/1036] ✓  1-Sex-HOT-Si%C3%AAu-ph%E1%BA%A9m-hot-IG-Nguy%E1%BB%85n-
  [762/1036] ✓  1-Sex-HOT-Si%C3%AAu-ph%E1%BA%A9m-hot-IG-Nguy%E1%BB%85n-
  [763/1036] ✓  Vkcklananh-Vietnamese-Slut-Seduce-Stranger-Shipper-xNha
  [764/1036] ✓  Full-clip-th%E1%BB%A7-d%C3%A2m-tr%C3%AAn-xe-%C4%91ang-h
  [765/1036] ✓  Video-1637184
  [766/1036] ✓  Image-1637183
  [767/1036] ✓  Lanh-Nguyen-43-QuatvnClub
  [768/1036] ✓  %C4%90%E1%BB%8Bt-tr%E1%BB%99m-th%C3%ADm-khi-ch%C3%BA-%C
  [769/1036] ✓  1-Sex-Th%E1%BA%A3o-lu%E1%BA%ADn-Top-1-v%C3%A0-2-Sever-v
  [770/1036] ✓  Video-1637179
  [771/1036] ✓  %C4%90i-h%E1%BB%8Dc-qu%C3%A2n-s%E1%BB%B1-n%E1%BB%A9ng-q
  [772/1036] ✓  Video-1637177
  [773/1036] ✓  Swing-some-cuckold-d%C3%A0nh-cho-newbie-2-c
  [774/1036] ✓  Video-1637175
  [775/1036] ✓  Video-1637174
  [776/1036] ✓  Video-1637173
  [777/1036] ✓  Demo-Emb%C3%A9%C4%90%C3%A0o-Babipeachyy-embedao-%C4%91%
  [778/1036] ✓  Demo-1Emb%C3%A9%C4%90%C3%A0o-Babipeachyy-embedao-%C4%91
  [779/1036] ✓  L%E1%BA%A7n-th%E1%BB%A9-2-xem-tr%E1%BB%B1c-ti%E1%BA%BFp
  [780/1036] ✓  Video-1637169
  [781/1036] ✓  Video-1637168
  [782/1036] ✓  Video-1637167
  [783/1036] ✓  Image-1637166
  [784/1036] ✓  CuckoldCheating-1934459965227643238-02
  [785/1036] ✓  Video-1637164
  [786/1036] ✓  Gs7Ee-5bEAAxDOm
  [787/1036] ✓  Video-1637162
  [788/1036] ✓  1490189-Dong-Thi-My-Linh-em-gai-mien-Tay-thich-lam-no-l
  [789/1036] ✓  Video-1637160
  [790/1036] ✓  Video-1637159
  [791/1036] ✓  Video-1637158
  [792/1036] ✓  Video-1637157
  [793/1036] ✓  Video-1637156
  [794/1036] ✓  Chudai
  [795/1036] ✓  Gtz-8HWMAEr1DC
  [796/1036] ✓  Image-1637153
  [797/1036] ✓  Image-1637152
  [798/1036] ✓  Chudai-SexytoBaby-SexytoLady-S
  [799/1036] ✓  B%E1%BB%91-m%E1%BA%B9-v%E1%BA%AFng-nh%C3%A0-em-gh%E1%BB
  [800/1036] ✓  Image-1637149
  [801/1036] ✓  Image-1637148
  [802/1036] ✓  %E4%B8%8D%E8%A6%81   -%E4%B8%80%E7%9B%B4%E8%BF%99%E6%A0
  [803/1036] ✓  Image-1637146
  [804/1036] ✓  Trong-c%E1%BA%B7p-ch%E1%BB%8B-em-%C4%91i-ch%E1%BB%A5p-%
  [805/1036] ✓  Image-1637144
  [806/1036] ✓  %E5%AE%BE%E5%88%A9%E5%8A%9B%E6%8E%A8-%E5%B9%B3%E6%97%B6
  [807/1036] ✓  B%C3%A9-%C4%91%C6%B0%E1%BB%9Dng-v%C3%A0-b%E1%BB%91-%C4%
  [808/1036] ✓  1B%C3%A9-%C4%91%C6%B0%E1%BB%9Dng-v%C3%A0-b%E1%BB%91-%C4
  [809/1036] ✓  Image-1637140
  [810/1036] ✓  Image-1637139
  [811/1036] ✓  %C4%90%E1%BB%ABng-%C4%91%C3%A1nh-gi%C3%A1-con-g%C3%A1i-
  [812/1036] ✓  Ae-ai-bi%E1%BA%BFt-info-b%C3%A9-n%C3%A0y-k-B%C3%AAn-Tru
  [813/1036] ✓  Image-1637136
  [814/1036] ✓  Image-1637135
  [815/1036] ✓  Video-1637134
  [816/1036] ✓  Video-1637133
  [817/1036] ✓  Image-1637132
  [818/1036] ✓  Image-1637131
  [819/1036] ✓  jan-kurfurst-1936019183411794365-01
  [820/1036] ✓  Video-1637128
  [821/1036] ✓  Video-1637127
  [822/1036] ✓  N%E1%BB%AF-ti%E1%BA%BFp-vi%C3%AAn-h%C3%A0ng-ko-d%C4%83m
  [823/1036] ✓  Th%C3%AC-ra-m%E1%BA%A5y-em-g%C3%A1i-d%C4%83m-l%C3%AAn-c
  [824/1036] ✓  Ko-g%C3%AC-s%C6%B0%E1%BB%9Bng-b%E1%BA%B1ng-chich-g%C3%A
  [825/1036] ✓  Boss-slave-Trung-Hoa-A-zai-n%C3%A0y-%C4%91%E1%BA%B3ng-c
  [826/1036] ✓  Video-1637120
  [827/1036] ✓  Video-1637119
  [828/1036] ✓  Video-1637118
  [829/1036] ✓  Video-1637117
  [830/1036] ✓  Video-1637115
  [831/1036] ✓  Video-1637113
  [832/1036] ✓  Cuckoldmaidinh-1902232394515804566-02
  [833/1036] ✓  Cuckoldmaidinh-1902232394515804566-01
  [834/1036] ✓  Video-1637110
  [835/1036] ✓  Video-1637109
  [836/1036] ✓  LangCam3333-1888111998006940009-02
  [837/1036] ✓  LangCam3333-1888111998006940009-03
  [838/1036] ✓  Image-1637106
  [839/1036] ✓  Image-1637105
  [840/1036] ✓  Image-1637104
  [841/1036] ✓  kitty2002102-1867544404803957246-01
  [842/1036] ✓  Video-1637102
  [843/1036] ✓  Video-1637101
  [844/1036] ✓  leakidolVN-1865646903029109080-01
  [845/1036] ✓  Video-1637099
  [846/1036] ✓  Watch-hsx120
  [847/1036] ✓  1-Sex-B%C3%A9-th%C6%B0-k%C3%BD-n%C3%A0y-d%C3%A2m-l%E1%B
  [848/1036] ✓  1-Sex-Em-barber-b%C3%AAn-T%C3%A2n-Ph%C3%BA-Sex-Sex-Rpha
  [849/1036] ✓  1483244-photo-2024-08-31-14-51-54
  [850/1036] ✓  1-Sex-Ke-th%E1%BB%A7-Cao-Th%E1%BB%8B-Huy%E1%BB%81n-Sex-
  [851/1036] ✓  2-Sex-Ke-th%E1%BB%A7-Cao-Th%E1%BB%8B-Huy%E1%BB%81n-Sex-
  [852/1036] ✓  3-Sex-Ke-th%E1%BB%A7-Cao-Th%E1%BB%8B-Huy%E1%BB%81n-Sex-
  [853/1036] ✓  1-Sex-Ph%E1%BA%A7n-1-H%C6%B0%E1%BB%9Bng-d%E1%BA%ABn-l%E
  [854/1036] ✓  1-Sex-St-c%E1%BB%B1c-Ph%E1%BA%A9m-China-Sex-Sex-Rphang-
  [855/1036] ✓  Video-1637089
  [856/1036] ✓  1-Sex-St-%C4%91%E1%BA%A1i-gia-china-ch%C6%A1i-g%C3%A1i-
  [857/1036] ✓  2Sex-St-%C4%91%E1%BA%A1i-gia-china-ch%C6%A1i-g%C3%A1i-k
  [858/1036] ✓  1-Sex-St-tr%E1%BB%8Dn-b%E1%BB%99-%C3%A1o-d%C3%A0i-kh%C3
  [859/1036] ✓  2-Sex-St-tr%E1%BB%8Dn-b%E1%BB%99-%C3%A1o-d%C3%A0i-kh%C3
  [860/1036] ✓  3-Sex-St-tr%E1%BB%8Dn-b%E1%BB%99-%C3%A1o-d%C3%A0i-kh%C3
  [861/1036] ✓  Video-1637083
  [862/1036] ✓  1486224-Phim-cua-ban-5
  [863/1036] ✓  Video-1637081
  [864/1036] ✓  1492950-IMG-20250619-222400-514
  [865/1036] ✓  1-C%C3%B2n-tr%E1%BA%BB-kh%E1%BB%8Fe-n%C3%AAn-c%E1%BB%A9
  [866/1036] ✓  1046399-1 Chich-tren-vong
  [867/1036] ✓  2-C%C3%B2n-tr%E1%BA%BB-kh%E1%BB%8Fe-n%C3%AAn-c%E1%BB%A9
  [868/1036] ✓  3-C%C3%B2n-tr%E1%BA%BB-kh%E1%BB%8Fe-n%C3%AAn-c%E1%BB%A9
  [869/1036] ✓  1046396-4 Public-Xuat-len-mat
  [870/1036] ✓  1477247-Making-Love-on-our-Ship-while-Sailing-through-A
  [871/1036] ✓  1046680-5 TruyenThong
  [872/1036] ✓  1046392-6 Xuat-len-mat
  [873/1036] ✓  Image-1637039
  [874/1036] ✓  Image-1637036
  [875/1036] ✓  Image-1637033
  [876/1036] ✓  1-PIC-G%C3%A1i-xinh-Nguy%E1%BB%85n-Trang-Uy%C3%AAn-l%E1
  [877/1036] ✓  2-PIC-G%C3%A1i-xinh-Nguy%E1%BB%85n-Trang-Uy%C3%AAn-l%E1
  [878/1036] ✓  3-PIC-G%C3%A1i-xinh-Nguy%E1%BB%85n-Trang-Uy%C3%AAn-l%E1
  [879/1036] ✓  Image-1637020
  [880/1036] ✓  2-Sex-T%C3%B3c-h%E1%BB%93ng-l%C3%A0-kh%C3%B4ng-l%C3%B2n
  [881/1036] ✓  1-Sex-T%C3%B3c-h%E1%BB%93ng-l%C3%A0-kh%C3%B4ng-l%C3%B2n
  [882/1036] ✓  Image-1637004
  [883/1036] ✓  Image-1637002
  [884/1036] ✓  Image-1636999
  [885/1036] ✓  1255989-JeanneLupi1
  [886/1036] ✓  Image-1636995
  [887/1036] ✓  1255992-JeanneLupi4
  [888/1036] ✓  702758-17 Em-hs-dam
  [889/1036] ✓  702784-42 Ao-Dai-Kinh-Can
  [890/1036] ✓  591635-tho
  [891/1036] ✓  663544-phuongtram-1
  [892/1036] ✓  663545-phuongtram-2
  [893/1036] ✓  663546-phuongtram-3
  [894/1036] ✓  663547-phuongtram4
  [895/1036] ✓  663548-phuongtram5
  [896/1036] ✓  663599-phuongtram7
  [897/1036] ✓  663601-phuongtram8
  [898/1036] ✓  663606-phuongtram6
  [899/1036] ✓  Image-1636934
  [900/1036] ✓  892467-14
  [901/1036] ✓  892468-15
  [902/1036] ✓  1-PIC-Full-Ph%C6%B0%C6%A1ng-Anh-%C4%90H-Ngo%E1%BA%A1i-T
  [903/1036] ✓  2-PIC-Full-Ph%C6%B0%C6%A1ng-Anh-%C4%90H-Ngo%E1%BA%A1i-T
  [904/1036] ✓  892453-3 ShowBuom
  [905/1036] ✓  892455-5 Dem-khuya-nung
  [906/1036] ✓  892454-4 Show
  [907/1036] ✓  892457-7 Bucu
  [908/1036] ✓  892459-8 Truyen-thong
  [909/1036] ✓  892461-9 Tuyen-thong2
  [910/1036] ✓  1-PIC-B%C3%B9i-%C3%81nh-D%C6%B0%C6%A1ng-m%C3%B4ng-to-co
  [911/1036] ✓  892463-10
  [912/1036] ✓  892464-11 Fullface
  [913/1036] ✓  829461-7
  [914/1036] ✓  829463-9
  [915/1036] ✓  829464-10
  [916/1036] ✓  829471-17
  [917/1036] ✓  829459-5
  [918/1036] ✓  829460-6
  [919/1036] ✓  1-Sex-hu%C3%A2n-nhi-douyin-Sex-Sex-Rphang-Di%E1%BB%85n-
  [920/1036] ✓  1394641-Video-khiem-nha-cua-nguoi-noi-tieng-tren-Intern
  [921/1036] ✓  1394643-Video-khiem-nha-cua-nguoi-noi-tieng-tren-Intern
  [922/1036] ✓  1394645-Video-khiem-nha-cua-nguoi-noi-tieng-tren-Intern
  [923/1036] ✓  1-Sex-hu%C3%A2n-nhi-douyin-Sex-Sex-Rphang-Di%E1%BB%85n-
  [924/1036] ✓  Image-1636818
  [925/1036] ✓  Image-1636817
  [926/1036] ✓  1221368-Picsart-24-11-25-18-42-42-356
  [927/1036] ✓  1-Nh%E1%BA%ADt-K%C3%BD-M%C3%A2y-M%C6%B0a-Em-th%E1%BB%B1
  [928/1036] ✓  2-Nh%E1%BA%ADt-K%C3%BD-M%C3%A2y-M%C6%B0a-Em-th%E1%BB%B1
  [929/1036] ✓  2-Sex-%C4%90%E1%BB%8Bt-em-ny-2005-l%C3%AAn-%C4%91%E1%BB
  [930/1036] ✓  1-Sex-%C4%90%E1%BB%8Bt-em-ny-2005-l%C3%AAn-%C4%91%E1%BB
  [931/1036] ✓  874975-19 Mat-Em-do-hoe
  [932/1036] ✓  874974-18
  [933/1036] ✓  si%C3%AAu-ph%E1%BA%A9m-n%E1%BB%A9ng-n%E1%BB%ABng-n%C6%B
  [934/1036] ✓  si%C3%AAu-ph%E1%BA%A9m-n%E1%BB%A9ng-n%E1%BB%ABng-n%C6%B
  [935/1036] ✓  T%C3%A2m-Slave-8
  [936/1036] ✓  T%C3%A2m-Slave-7
  [937/1036] ✓  T%C3%A2m-Slave-6
  [938/1036] ✓  T%C3%A2m-Slave-5
  [939/1036] ✓  T%C3%A2m-Slave-4
  [940/1036] ✓  T%C3%A2m-Slave-9
  [941/1036] ✓  T%C3%A2m-Slave-3
  [942/1036] ✓  T%C3%A2m-Slave-2
  [943/1036] ✓  T%C3%A2m-Slave-1
  [944/1036] ✓  T%C3%A2m-Slave-8
  [945/1036] ✓  T%C3%A2m-Slave-7
  [946/1036] ✓  T%C3%A2m-Slave-6
  [947/1036] ✓  T%C3%A2m-Slave-5
  [948/1036] ✓  T%C3%A2m-Slave-4
  [949/1036] ✓  T%C3%A2m-Slave-3
  [950/1036] ✓  T%C3%A2m-Slave-2
  [951/1036] ✓  T%C3%A2m-Slave-1
  [952/1036] ✓  DevilNeverNot-5
  [953/1036] ✓  DevilNeverNot-4
  [954/1036] ✓  DevilNeverNot-3
  [955/1036] ✓  DevilNeverNot-2
  [956/1036] ✓  DevilNeverNot-1
  [957/1036] ✓  DevilNeverNot-5
  [958/1036] ✓  DevilNeverNot-6
  [959/1036] ✓  DevilNeverNot-4
  [960/1036] ✓  DevilNeverNot-3
  [961/1036] ✓  DevilNeverNot-2
  [962/1036] ✓  DevilNeverNot-1
  [963/1036] ✓  TikToker-Mlinh-11
  [964/1036] ✓  TikToker-Mlinh-8
  [965/1036] ✓  TikToker-Mlinh-10
  [966/1036] ✓  TikToker-Mlinh-9
  [967/1036] ✓  TikToker-Mlinh-7
  [968/1036] ✓  TikToker-Mlinh-6
  [969/1036] ✓  TikToker-Mlinh-5
  [970/1036] ✓  TikToker-Mlinh-4
  [971/1036] ✓  TikToker-Mlinh-3
  [972/1036] ✓  TikToker-Mlinh-1
  [973/1036] ✓  TikToker-Mlinh-2
  [974/1036] ✓  Video-1295788
  [975/1036] ✓  Video-1295785
  [976/1036] ✓  tweeload-dfnhx731
  [977/1036] ✓  GiCsOJBawAAs-js
  [978/1036] ✓  Image-1295782
  [979/1036] ✓  Video-1295781
  [980/1036] ✓  Image-1295780
  [981/1036] ✓  Video-1295779
  [982/1036] ✓  Video-1295778
  [983/1036] ✓  Video-1295772
  [984/1036] ✓  Image-1295748
  [985/1036] ✓  Video-1295726
  [986/1036] ✓  Video-1295724
  [987/1036] ✓  Image-1295723
  [988/1036] ✓  Video-1295719
  [989/1036] ✓  Image-1295718
  [990/1036] ✓  Video-1295717
  [991/1036] ✓  tweeload-0osmh3am
  [992/1036] ✓  Video-1295715
  [993/1036] ✓  tweeload-cvl31bzc
  [994/1036] ✓  Video-1295713
  [995/1036] ✓  Video-1295712
  [996/1036] ✓  Video-1295711
  [997/1036] ✓  Video-1295710
  [998/1036] ✓  Video-1295709
  [999/1036] ✓  Video-1295708
  [1000/1036] ✓  Video-1295707
  [1001/1036] ✓  danchoigai-1881248168530383071-01
  [1002/1036] ✓  Bbi-MThu-1873717278967263303-01
  [1003/1036] ✓  Video-1295704
  [1004/1036] ✓  Video-1295703
  [1005/1036] ✓  Video-1295701
  [1006/1036] ✓  Video-1295700
  [1007/1036] ✓  Video-1295699
  [1008/1036] ✓  Video-1295698
  [1009/1036] ✓  Video-1295697
  [1010/1036] ✓  Video-1295696
  [1011/1036] ✓  Video-1295695
  [1012/1036] ✓  Video-1295694
  [1013/1036] ✓  Video-1295693
  [1014/1036] ✓  Video-1295692
  [1015/1036] ✓  Video-1295691
  [1016/1036] ✓  mukbangvoban69-1854402567331287299-01
  [1017/1036] ✓  Video-1295689
  [1018/1036] ✓  Video-1295688
  [1019/1036] ✓  Video-1295687
  [1020/1036] ✓  Image-1295686
  [1021/1036] ✓  Video-1295685
  [1022/1036] ✓  Video-1295684
  [1023/1036] ✓  Video-1295683
  [1024/1036] ✓  Video-1295681
  [1025/1036] ✓  Video-1295680
  [1026/1036] ✓  tulieutham69-1841714265302220987-01
  [1027/1036] ✓  tulieutham69-1841714265302220987-02
  [1028/1036] ✓  seika-tamukai-1832345978843906318-01
  [1029/1036] ✓  Video-1295669
  [1030/1036] ✓  Video-1295668
  [1031/1036] ✓  Video-1295667
  [1032/1036] ✓  Video-1295666
  [1033/1036] ✓  FukboizMr-1822860581361324204-03
  [1034/1036] ✓  FukboizMr-1822860581361324204-02
  [1035/1036] ✓  Video-1295659
  [1036/1036] ✓  Image-1295658

============================================================
Videos found : 1036
Failed/skipped: 0
First 5:
  https://cdn.save.moe/s3/cZeCG.mp4 | SGbb
  https://cdn.save.moe/s3/fMbJ7WR.mp4 | Si%C3%AAu-ph%E1%BA%A9m-g%C3%A1i-teen-slave-H%C3%A0-N%E1%BB%99i-2k6-d%C3%A1ng-l%C3%B3-l%E1%BB%B3-th%C3%ADch-ch%C6%A1i-sextoy-%C4%91eo-%C4%91u%C3%B4i-c%C3%A1o-b%E1%BB%8B-%C4%91%E1%BB%8Bt-m%E1%BA%A1nh-b%E1%BA%A1o-r%C3%AAn-la
  https://cdn.save.moe/s3/0lfRCs.mp4 | Anh-%C6%A1i-th%C3%B4i-m%C3%A0-%C4%91%E1%BB%ABng-quay-em-m%C3%A0-m   -Em-s%C6%B0%E1%BB%9Bng-anh-%C6%A1i-gi%E1%BB%8Dng-em-g%C3%A1i-ng%E1%BB%8Dt-l%E1%BB%8Bm
  https://cdn.save.moe/s3/ptLc9E.mp4 | Hu%E1%BB%B3nh-Ph%C6%B0%C6%A1ng-Nghi-sinh-vi%C3%AAn-Kinh-T%E1%BA%BF-Lu%E1%BA%ADt-2k5-body-c%E1%BB%B1c-ph%E1%BA%A9m-m%C3%B4ng-to-v%C3%BA-c%C4%83ng-van-xin-th%E1%BA%A3m-thi%E1%BA%BFt
  https://cdn.save.moe/s3/TjnbTSz.mp4 | Ngh%E1%BB%89-h%C3%A8-tranh-th%E1%BB%A7-qua-nh%C3%A0-%C4%91%E1%BB%8Bt-tr%E1%BB%99m-con-em-h%E1%BB%8D-l%E1%BB%9Bp-12-l%C3%BAc-b%E1%BB%91-m%E1%BA%B9-n%C3%B3-v%E1%BA%AFng-nh%C3%A0
  Inserted new thread 'Clip Viet' at top with 1036 videos
  Total videos across all threads: 44230

Saved → videos.json  +  videos-data.js
