============================================================
Album : https://anh.moe/search/images/?q=%22QMH%22
Thread: QMH
============================================================
[album page 1] https://anh.moe/search/images/?q=%22QMH%22
  → 36 view links (36 new)
[album page 2] https://anh.moe/search/images/?q=%22QMH%22&page=2&seek=2026-02-04+08%3A37%3A36.ZKUTLp
  → 36 view links (36 new)
[album page 3] https://anh.moe/search/images/?q=%22QMH%22&page=3&seek=2025-12-16+03%3A13%3A12.Dj00Px
  → 36 view links (36 new)
[album page 4] https://anh.moe/search/images/?q=%22QMH%22&page=4&seek=2025-11-12+07%3A26%3A05.DOQebd
  → 36 view links (36 new)
[album page 5] https://anh.moe/search/images/?q=%22QMH%22&page=5&seek=2025-10-22+10%3A53%3A37.2j4INa
  [warn] 429 Client Error: Too Many Requests for url: https://anh.moe/search/images/?q=%22QMH%22&page=5&seek=2025-10-22+10%3A53%3A37.2j4INa (attempt 1/3)
  → 36 view links (36 new)
[album page 6] https://anh.moe/search/images/?q=%22QMH%22&page=6&seek=2025-10-04+17%3A17%3A03.2vKDXD
  [warn] 429 Client Error: Too Many Requests for url: https://anh.moe/search/images/?q=%22QMH%22&page=6&seek=2025-10-04+17%3A17%3A03.2vKDXD (attempt 1/3)
  → 36 view links (36 new)
[album page 7] https://anh.moe/search/images/?q=%22QMH%22&page=7&seek=2025-09-02+15%3A13%3A49.23c4Wq
  → 36 view links (36 new)
[album page 8] https://anh.moe/search/images/?q=%22QMH%22&page=8&seek=2025-08-10+07%3A51%3A53.xSyHJn
  [warn] 429 Client Error: Too Many Requests for url: https://anh.moe/search/images/?q=%22QMH%22&page=8&seek=2025-08-10+07%3A51%3A53.xSyHJn (attempt 1/3)
  → 36 view links (36 new)
[album page 9] https://anh.moe/search/images/?q=%22QMH%22&page=9&seek=2025-04-30+03%3A06%3A26.9FK0uH
  [warn] 429 Client Error: Too Many Requests for url: https://anh.moe/search/images/?q=%22QMH%22&page=9&seek=2025-04-30+03%3A06%3A26.9FK0uH (attempt 1/3)
  → 36 view links (36 new)
[album page 10] https://anh.moe/search/images/?q=%22QMH%22&page=10&seek=2024-10-03+17%3A30%3A48.MbQhAO
  [warn] 429 Client Error: Too Many Requests for url: https://anh.moe/search/images/?q=%22QMH%22&page=10&seek=2024-10-03+17%3A30%3A48.MbQhAO (attempt 1/3)
  → 2 view links (2 new)

Total view pages to scrape: 326

  [  1/326] ✓  QMH-Thi%C3%AAn-%C4%91%C6%B0%E1%BB%9Dng-gi%E1%BA%A3i-tr%
  [  2/326] ✓  QMH-Thi%C3%AAn-%C4%91%C6%B0%E1%BB%9Dng-gi%E1%BA%A3i-tr%
  [  3/326] ✓  QMH-Thi%C3%AAn-%C4%91%C6%B0%E1%BB%9Dng-gi%E1%BA%A3i-tr%
  [  4/326] ✓  QMH-Thi%C3%AAn-%C4%91%C6%B0%E1%BB%9Dng-gi%E1%BA%A3i-tr%
  [  5/326] ✓  QMH-Thi%C3%AAn-%C4%91%C6%B0%E1%BB%9Dng-gi%E1%BA%A3i-tr%
  [  6/326] ✓  QMH-Thi%C3%AAn-%C4%91%C6%B0%E1%BB%9Dng-gi%E1%BA%A3i-tr%
  [  7/326] ✓  QMH-Thi%C3%AAn-%C4%91%C6%B0%E1%BB%9Dng-gi%E1%BA%A3i-tr%
  [  8/326] ✓  QMH-Thi%C3%AAn-%C4%91%C6%B0%E1%BB%9Dng-gi%E1%BA%A3i-tr%
  [  9/326] ✓  QMH-Thi%C3%AAn-%C4%91%C6%B0%E1%BB%9Dng-gi%E1%BA%A3i-tr%
  [ 10/326] ✓  QMH-Thi%C3%AAn-%C4%91%C6%B0%E1%BB%9Dng-gi%E1%BA%A3i-tr%
  [ 11/326] ✓  QMH-Thi%C3%AAn-%C4%91%C6%B0%E1%BB%9Dng-gi%E1%BA%A3i-tr%
  [ 12/326] ✓  QMH-Thi%C3%AAn-%C4%91%C6%B0%E1%BB%9Dng-gi%E1%BA%A3i-tr%
  [ 13/326] ✓  QMH-Thi%C3%AAn-%C4%91%C6%B0%E1%BB%9Dng-gi%E1%BA%A3i-tr%
  [ 14/326] ✓  QMH-Thi%C3%AAn-%C4%91%C6%B0%E1%BB%9Dng-gi%E1%BA%A3i-tr%
  [ 15/326] ✓  QMH-Thi%C3%AAn-%C4%91%C6%B0%E1%BB%9Dng-gi%E1%BA%A3i-tr%
  [ 16/326] ✓  QMH-Thi%C3%AAn-%C4%91%C6%B0%E1%BB%9Dng-gi%E1%BA%A3i-tr%
  [ 17/326] ✓  QMH-Thi%C3%AAn-%C4%91%C6%B0%E1%BB%9Dng-gi%E1%BA%A3i-tr%
  [ 18/326] ✓  QMH-Thi%C3%AAn-%C4%91%C6%B0%E1%BB%9Dng-gi%E1%BA%A3i-tr%
  [ 19/326] ✓  QMH-Thi%C3%AAn-%C4%91%C6%B0%E1%BB%9Dng-gi%E1%BA%A3i-tr%
  [ 20/326] ✓  QMH-Thi%C3%AAn-%C4%91%C6%B0%E1%BB%9Dng-gi%E1%BA%A3i-tr%
  [ 21/326] ✓  QMH-Thi%C3%AAn-%C4%91%C6%B0%E1%BB%9Dng-gi%E1%BA%A3i-tr%
  [ 22/326] ✓  QMH-Thi%C3%AAn-%C4%91%C6%B0%E1%BB%9Dng-gi%E1%BA%A3i-tr%
  [ 23/326] ✓  QMH-Thi%C3%AAn-%C4%91%C6%B0%E1%BB%9Dng-gi%E1%BA%A3i-tr%
  [ 24/326] ✓  QMH-Thi%C3%AAn-%C4%91%C6%B0%E1%BB%9Dng-gi%E1%BA%A3i-tr%
  [ 25/326] ✓  QMH-Thi%C3%AAn-%C4%91%C6%B0%E1%BB%9Dng-gi%E1%BA%A3i-tr%
  [ 26/326] ✓  QMH-Thi%C3%AAn-%C4%91%C6%B0%E1%BB%9Dng-gi%E1%BA%A3i-tr%
  [ 27/326] ✓  QMH-Thi%C3%AAn-%C4%91%C6%B0%E1%BB%9Dng-gi%E1%BA%A3i-tr%
  [ 28/326] ✓  QMH-Thi%C3%AAn-%C4%91%C6%B0%E1%BB%9Dng-gi%E1%BA%A3i-tr%
  [ 29/326] ✓  QMH-Thi%C3%AAn-%C4%91%C6%B0%E1%BB%9Dng-gi%E1%BA%A3i-tr%
  [ 30/326] ✓  QMH-Thi%C3%AAn-%C4%91%C6%B0%E1%BB%9Dng-gi%E1%BA%A3i-tr%
  [ 31/326] ✓  QMH-Thi%C3%AAn-%C4%91%C6%B0%E1%BB%9Dng-gi%E1%BA%A3i-tr%
  [ 32/326] ✓  QMH-Thi%C3%AAn-%C4%91%C6%B0%E1%BB%9Dng-gi%E1%BA%A3i-tr%
  [ 33/326] ✓  QMH-Thi%C3%AAn-%C4%91%C6%B0%E1%BB%9Dng-gi%E1%BA%A3i-tr%
  [ 34/326] ✓  QMH-Thi%C3%AAn-%C4%91%C6%B0%E1%BB%9Dng-gi%E1%BA%A3i-tr%
  [ 35/326] ✓  QMH-Thi%C3%AAn-%C4%91%C6%B0%E1%BB%9Dng-gi%E1%BA%A3i-tr%
  [ 36/326] ✓  QMH-Thi%C3%AAn-%C4%91%C6%B0%E1%BB%9Dng-gi%E1%BA%A3i-tr%
  [ 37/326] ✓  QMH-Thi%C3%AAn-%C4%91%C6%B0%E1%BB%9Dng-gi%E1%BA%A3i-tr%
  [ 38/326] ✓  QMH-Thi%C3%AAn-%C4%91%C6%B0%E1%BB%9Dng-gi%E1%BA%A3i-tr%
  [ 39/326] ✓  QMH-SEX
  [ 40/326] ✓  QMH-Thi%C3%AAn-%C4%91%C6%B0%E1%BB%9Dng-gi%E1%BA%A3i-tr%
  [ 41/326] ✓  QMH-Thi%C3%AAn-%C4%91%C6%B0%E1%BB%9Dng-gi%E1%BA%A3i-tr%
  [ 42/326] ✓  QMH-Thi%C3%AAn-%C4%91%C6%B0%E1%BB%9Dng-gi%E1%BA%A3i-tr%
  [ 43/326] ✓  QMH-Thi%C3%AAn-%C4%91%C6%B0%E1%BB%9Dng-gi%E1%BA%A3i-tr%
  [ 44/326] ✓  QMH-Thi%C3%AAn-%C4%91%C6%B0%E1%BB%9Dng-gi%E1%BA%A3i-tr%
  [ 45/326] ✓  QMH-Thi%C3%AAn-%C4%91%C6%B0%E1%BB%9Dng-gi%E1%BA%A3i-tr%
  [ 46/326] ✓  QMH-Thi%C3%AAn-%C4%91%C6%B0%E1%BB%9Dng-gi%E1%BA%A3i-tr%
  [ 47/326] ✓  QMH-Thi%C3%AAn-%C4%91%C6%B0%E1%BB%9Dng-gi%E1%BA%A3i-tr%
  [ 48/326] ✓  QMH-Thi%C3%AAn-%C4%91%C6%B0%E1%BB%9Dng-gi%E1%BA%A3i-tr%
  [ 49/326] ✓  QMH-Thi%C3%AAn-%C4%91%C6%B0%E1%BB%9Dng-gi%E1%BA%A3i-tr%
  [ 50/326] ✓  QMH-Thi%C3%AAn-%C4%91%C6%B0%E1%BB%9Dng-gi%E1%BA%A3i-tr%
  [ 51/326] ✓  QMH-Thi%C3%AAn-%C4%91%C6%B0%E1%BB%9Dng-gi%E1%BA%A3i-tr%
  [ 52/326] ✓  QMH-Thi%C3%AAn-%C4%91%C6%B0%E1%BB%9Dng-gi%E1%BA%A3i-tr%
  [ 53/326] ✓  QMH-Thi%C3%AAn-%C4%91%C6%B0%E1%BB%9Dng-gi%E1%BA%A3i-tr%
  [ 54/326] ✓  QMH-Thi%C3%AAn-%C4%91%C6%B0%E1%BB%9Dng-gi%E1%BA%A3i-tr%
  [ 55/326] ✓  QMH-Thi%C3%AAn-%C4%91%C6%B0%E1%BB%9Dng-gi%E1%BA%A3i-tr%
  [ 56/326] ✓  QMH-Thi%C3%AAn-%C4%91%C6%B0%E1%BB%9Dng-gi%E1%BA%A3i-tr%
  [ 57/326] ✓  QMH-Thi%C3%AAn-%C4%91%C6%B0%E1%BB%9Dng-gi%E1%BA%A3i-tr%
  [ 58/326] ✓  QMH-Thi%C3%AAn-%C4%91%C6%B0%E1%BB%9Dng-gi%E1%BA%A3i-tr%
  [ 59/326] ✓  QMH-Thi%C3%AAn-%C4%91%C6%B0%E1%BB%9Dng-gi%E1%BA%A3i-tr%
  [ 60/326] ✓  QMH-Thi%C3%AAn-%C4%91%C6%B0%E1%BB%9Dng-gi%E1%BA%A3i-tr%
  [ 61/326] ✓  QMH-Thi%C3%AAn-%C4%91%C6%B0%E1%BB%9Dng-gi%E1%BA%A3i-tr%
  [ 62/326] ✓  QMH-Thi%C3%AAn-%C4%91%C6%B0%E1%BB%9Dng-gi%E1%BA%A3i-tr%
  [ 63/326] ✓  QMH-Thi%C3%AAn-%C4%91%C6%B0%E1%BB%9Dng-gi%E1%BA%A3i-tr%
  [ 64/326] ✓  QMH-Thi%C3%AAn-%C4%91%C6%B0%E1%BB%9Dng-gi%E1%BA%A3i-tr%
  [ 65/326] ✓  QMH-Thi%C3%AAn-%C4%91%C6%B0%E1%BB%9Dng-gi%E1%BA%A3i-tr%
  [ 66/326] ✓  QMH-Thi%C3%AAn-%C4%91%C6%B0%E1%BB%9Dng-gi%E1%BA%A3i-tr%
  [ 67/326] ✓  QMH-Thi%C3%AAn-%C4%91%C6%B0%E1%BB%9Dng-gi%E1%BA%A3i-tr%
  [ 68/326] ✓  QMH-Thi%C3%AAn-%C4%91%C6%B0%E1%BB%9Dng-gi%E1%BA%A3i-tr%
  [ 69/326] ✓  QMH-Thi%C3%AAn-%C4%91%C6%B0%E1%BB%9Dng-gi%E1%BA%A3i-tr%
  [ 70/326] ✓  QMH-Thi%C3%AAn-%C4%91%C6%B0%E1%BB%9Dng-gi%E1%BA%A3i-tr%
  [ 71/326] ✓  QMH-Thi%C3%AAn-%C4%91%C6%B0%E1%BB%9Dng-gi%E1%BA%A3i-tr%
  [ 72/326] ✓  QMH-Thi%C3%AAn-%C4%91%C6%B0%E1%BB%9Dng-gi%E1%BA%A3i-tr%
  [ 73/326] ✓  QMH-Thi%C3%AAn-%C4%91%C6%B0%E1%BB%9Dng-gi%E1%BA%A3i-tr%
  [ 74/326] ✓  QMH-Thi%C3%AAn-%C4%91%C6%B0%E1%BB%9Dng-gi%E1%BA%A3i-tr%
  [ 75/326] ✓  QMH-Thi%C3%AAn-%C4%91%C6%B0%E1%BB%9Dng-gi%E1%BA%A3i-tr%
  [ 76/326] ✓  QMH-Thi%C3%AAn-%C4%91%C6%B0%E1%BB%9Dng-gi%E1%BA%A3i-tr%
  [ 77/326] ✓  QMH-Thi%C3%AAn-%C4%91%C6%B0%E1%BB%9Dng-gi%E1%BA%A3i-tr%
  [ 78/326] ✓  QMH-Thi%C3%AAn-%C4%91%C6%B0%E1%BB%9Dng-gi%E1%BA%A3i-tr%
  [ 79/326] ✓  QMH-Thi%C3%AAn-%C4%91%C6%B0%E1%BB%9Dng-gi%E1%BA%A3i-tr%
  [ 80/326] ✓  QMH-Thi%C3%AAn-%C4%91%C6%B0%E1%BB%9Dng-gi%E1%BA%A3i-tr%
  [ 81/326] ✓  QMH-Thi%C3%AAn-%C4%91%C6%B0%E1%BB%9Dng-gi%E1%BA%A3i-tr%
  [ 82/326] ✓  QMH-Thi%C3%AAn-%C4%91%C6%B0%E1%BB%9Dng-gi%E1%BA%A3i-tr%
  [ 83/326] ✓  QMH-Thi%C3%AAn-%C4%91%C6%B0%E1%BB%9Dng-gi%E1%BA%A3i-tr%
  [ 84/326] ✓  QMH-Thi%C3%AAn-%C4%91%C6%B0%E1%BB%9Dng-gi%E1%BA%A3i-tr%
  [ 85/326] ✓  QMH-Thi%C3%AAn-%C4%91%C6%B0%E1%BB%9Dng-gi%E1%BA%A3i-tr%
  [ 86/326] ✓  QMH-Thi%C3%AAn-%C4%91%C6%B0%E1%BB%9Dng-gi%E1%BA%A3i-tr%
  [ 87/326] ✓  QMH-Thi%C3%AAn-%C4%91%C6%B0%E1%BB%9Dng-gi%E1%BA%A3i-tr%
  [ 88/326] ✓  QMH-Thi%C3%AAn-%C4%91%C6%B0%E1%BB%9Dng-gi%E1%BA%A3i-tr%
  [ 89/326] ✓  QMH-Thi%C3%AAn-%C4%91%C6%B0%E1%BB%9Dng-gi%E1%BA%A3i-tr%
  [ 90/326] ✓  QMH-Thi%C3%AAn-%C4%91%C6%B0%E1%BB%9Dng-gi%E1%BA%A3i-tr%
  [ 91/326] ✓  QMH-Thi%C3%AAn-%C4%91%C6%B0%E1%BB%9Dng-gi%E1%BA%A3i-tr%
  [ 92/326] ✓  QMH-Thi%C3%AAn-%C4%91%C6%B0%E1%BB%9Dng-gi%E1%BA%A3i-tr%
  [ 93/326] ✓  QMH-Thi%C3%AAn-%C4%91%C6%B0%E1%BB%9Dng-gi%E1%BA%A3i-tr%
  [ 94/326] ✓  QMH-Thi%C3%AAn-%C4%91%C6%B0%E1%BB%9Dng-gi%E1%BA%A3i-tr%
  [ 95/326] ✓  QMH-Thi%C3%AAn-%C4%91%C6%B0%E1%BB%9Dng-gi%E1%BA%A3i-tr%
  [ 96/326] ✓  QMH-Thi%C3%AAn-%C4%91%C6%B0%E1%BB%9Dng-gi%E1%BA%A3i-tr%
  [ 97/326] ✓  QMH-Thi%C3%AAn-%C4%91%C6%B0%E1%BB%9Dng-gi%E1%BA%A3i-tr%
  [ 98/326] ✓  QMH-Thi%C3%AAn-%C4%91%C6%B0%E1%BB%9Dng-gi%E1%BA%A3i-tr%
  [ 99/326] ✓  QMH-Thi%C3%AAn-%C4%91%C6%B0%E1%BB%9Dng-gi%E1%BA%A3i-tr%
  [100/326] ✓  QMH-Thi%C3%AAn-%C4%91%C6%B0%E1%BB%9Dng-gi%E1%BA%A3i-tr%
  [101/326] ✓  QMH-Thi%C3%AAn-%C4%91%C6%B0%E1%BB%9Dng-gi%E1%BA%A3i-tr%
  [102/326] ✓  QMH-Thi%C3%AAn-%C4%91%C6%B0%E1%BB%9Dng-gi%E1%BA%A3i-tr%
  [103/326] ✓  QMH-Thi%C3%AAn-%C4%91%C6%B0%E1%BB%9Dng-gi%E1%BA%A3i-tr%
  [104/326] ✓  QMH-Thi%C3%AAn-%C4%91%C6%B0%E1%BB%9Dng-gi%E1%BA%A3i-tr%
  [105/326] ✓  QMH-Thi%C3%AAn-%C4%91%C6%B0%E1%BB%9Dng-gi%E1%BA%A3i-tr%
  [106/326] ✓  1643707-QMH-Thien-duong-giai-tri-18-4
  [107/326] ✓  QMH-Thi%C3%AAn-%C4%91%C6%B0%E1%BB%9Dng-gi%E1%BA%A3i-tr%
  [108/326] ✓  QMH-Thi%C3%AAn-%C4%91%C6%B0%E1%BB%9Dng-gi%E1%BA%A3i-tr%
  [109/326] ✓  QMH-Thi%C3%AAn-%C4%91%C6%B0%E1%BB%9Dng-gi%E1%BA%A3i-tr%
  [110/326] ✓  QMH-Thi%C3%AAn-%C4%91%C6%B0%E1%BB%9Dng-gi%E1%BA%A3i-tr%
  [111/326] ✓  QMH-Thi%C3%AAn-%C4%91%C6%B0%E1%BB%9Dng-gi%E1%BA%A3i-tr%
  [112/326] ✓  QMH-Thi%C3%AAn-%C4%91%C6%B0%E1%BB%9Dng-gi%E1%BA%A3i-tr%
  [113/326] ✓  QMH-Thi%C3%AAn-%C4%91%C6%B0%E1%BB%9Dng-gi%E1%BA%A3i-tr%
  [114/326] ✓  QMH-Thi%C3%AAn-%C4%91%C6%B0%E1%BB%9Dng-gi%E1%BA%A3i-tr%
  [115/326] ✓  QMH-Thi%C3%AAn-%C4%91%C6%B0%E1%BB%9Dng-gi%E1%BA%A3i-tr%
  [116/326] ✓  QMH-Thi%C3%AAn-%C4%91%C6%B0%E1%BB%9Dng-gi%E1%BA%A3i-tr%
  [117/326] ✓  QMH-Thi%C3%AAn-%C4%91%C6%B0%E1%BB%9Dng-gi%E1%BA%A3i-tr%
  [118/326] ✓  QMH-Thi%C3%AAn-%C4%91%C6%B0%E1%BB%9Dng-gi%E1%BA%A3i-tr%
  [119/326] ✓  QMH-Thi%C3%AAn-%C4%91%C6%B0%E1%BB%9Dng-gi%E1%BA%A3i-tr%
  [120/326] ✓  QMH-Thi%C3%AAn-%C4%91%C6%B0%E1%BB%9Dng-gi%E1%BA%A3i-tr%
  [121/326] ✓  QMH-Thi%C3%AAn-%C4%91%C6%B0%E1%BB%9Dng-gi%E1%BA%A3i-tr%
  [122/326] ✓  QMH-Thi%C3%AAn-%C4%91%C6%B0%E1%BB%9Dng-gi%E1%BA%A3i-tr%
  [123/326] ✓  QMH-Thi%C3%AAn-%C4%91%C6%B0%E1%BB%9Dng-gi%E1%BA%A3i-tr%
  [124/326] ✓  QMH-Thi%C3%AAn-%C4%91%C6%B0%E1%BB%9Dng-gi%E1%BA%A3i-tr%
  [125/326] ✓  QMH-Thi%C3%AAn-%C4%91%C6%B0%E1%BB%9Dng-gi%E1%BA%A3i-tr%
  [126/326] ✓  QMH-Thi%C3%AAn-%C4%91%C6%B0%E1%BB%9Dng-gi%E1%BA%A3i-tr%
  [127/326] ✓  QMH-Thi%C3%AAn-%C4%91%C6%B0%E1%BB%9Dng-gi%E1%BA%A3i-tr%
  [128/326] ✓  QMH-Thi%C3%AAn-%C4%91%C6%B0%E1%BB%9Dng-gi%E1%BA%A3i-tr%
  [129/326] ✓  QMH-Thi%C3%AAn-%C4%91%C6%B0%E1%BB%9Dng-gi%E1%BA%A3i-tr%
  [130/326] ✓  QMH-Thi%C3%AAn-%C4%91%C6%B0%E1%BB%9Dng-gi%E1%BA%A3i-tr%
  [131/326] ✓  QMH-Thi%C3%AAn-%C4%91%C6%B0%E1%BB%9Dng-gi%E1%BA%A3i-tr%
  [132/326] ✓  QMH-Thi%C3%AAn-%C4%91%C6%B0%E1%BB%9Dng-gi%E1%BA%A3i-tr%
  [133/326] ✓  QMH-Thi%C3%AAn-%C4%91%C6%B0%E1%BB%9Dng-gi%E1%BA%A3i-tr%
  [134/326] ✓  QMH-Thi%C3%AAn-%C4%91%C6%B0%E1%BB%9Dng-gi%E1%BA%A3i-tr%
  [135/326] ✓  QMH-Thi%C3%AAn-%C4%91%C6%B0%E1%BB%9Dng-gi%E1%BA%A3i-tr%
  [136/326] ✓  QMH-Thi%C3%AAn-%C4%91%C6%B0%E1%BB%9Dng-gi%E1%BA%A3i-tr%
  [137/326] ✓  QMH-Thi%C3%AAn-%C4%91%C6%B0%E1%BB%9Dng-gi%E1%BA%A3i-tr%
  [138/326] ✓  QMH-Thi%C3%AAn-%C4%91%C6%B0%E1%BB%9Dng-gi%E1%BA%A3i-tr%
  [139/326] ✓  QMH-Thi%C3%AAn-%C4%91%C6%B0%E1%BB%9Dng-gi%E1%BA%A3i-tr%
  [140/326] ✓  QMH-Thi%C3%AAn-%C4%91%C6%B0%E1%BB%9Dng-gi%E1%BA%A3i-tr%
  [141/326] ✓  QMH-Thi%C3%AAn-%C4%91%C6%B0%E1%BB%9Dng-gi%E1%BA%A3i-tr%
  [142/326] ✓  QMH-Thi%C3%AAn-%C4%91%C6%B0%E1%BB%9Dng-gi%E1%BA%A3i-tr%
  [143/326] ✓  QMH-Thi%C3%AAn-%C4%91%C6%B0%E1%BB%9Dng-gi%E1%BA%A3i-tr%
  [144/326] ✓  QMH-Thi%C3%AAn-%C4%91%C6%B0%E1%BB%9Dng-gi%E1%BA%A3i-tr%
  [145/326] ✓  QMH-Thi%C3%AAn-%C4%91%C6%B0%E1%BB%9Dng-gi%E1%BA%A3i-tr%
  [146/326] ✓  QMH-Thi%C3%AAn-%C4%91%C6%B0%E1%BB%9Dng-gi%E1%BA%A3i-tr%
  [147/326] ✓  QMH-Thi%C3%AAn-%C4%91%C6%B0%E1%BB%9Dng-gi%E1%BA%A3i-tr%
  [148/326] ✓  QMH-Thi%C3%AAn-%C4%91%C6%B0%E1%BB%9Dng-gi%E1%BA%A3i-tr%
  [149/326] ✓  QMH-Thi%C3%AAn-%C4%91%C6%B0%E1%BB%9Dng-gi%E1%BA%A3i-tr%
  [150/326] ✓  QMH-Thi%C3%AAn-%C4%91%C6%B0%E1%BB%9Dng-gi%E1%BA%A3i-tr%
  [151/326] ✓  QMH-Thi%C3%AAn-%C4%91%C6%B0%E1%BB%9Dng-gi%E1%BA%A3i-trd
  [152/326] ✓  QMH-Thi%C3%AAn-%C4%91%C6%B0%E1%BB%9Dng-gi%E1%BA%A3i-tr%
  [153/326] ✓  QMH-Thi%C3%AAn-%C4%91%C6%B0%E1%BB%9Dng-gi%E1%BA%A3i-tr%
  [154/326] ✓  QMH-Thi%C3%AAn-%C4%91%C6%B0%E1%BB%9Dng-gi%E1%BA%A3i-tr%
  [155/326] ✓  QMH-Thi%C3%AAn-%C4%91%C6%B0%E1%BB%9Dng-gi%E1%BA%A3i-tr%
  [156/326] ✓  QMH-Thi%C3%AAn-%C4%91%C6%B0%E1%BB%9Dng-gi%E1%BA%A3i-tr%
  [157/326] ✓  QMH-Thi%C3%AAn-%C4%91%C6%B0%E1%BB%9Dng-gi%E1%BA%A3i-tr%
  [158/326] ✓  QMH-Thi%C3%AAn-%C4%91%C6%B0%E1%BB%9Dng-gi%E1%BA%A3i-tr%
  [159/326] ✓  QMH-Thi%C3%AAn-%C4%91%C6%B0%E1%BB%9Dng-gi%E1%BA%A3i-tr%
  [160/326] ✓  QMH-Thi%C3%AAn-%C4%91%C6%B0%E1%BB%9Dng-gi%E1%BA%A3i-tr%
  [161/326] ✓  QMH-Thi%C3%AAn-%C4%91%C6%B0%E1%BB%9Dng-gi%E1%BA%A3i-tr%
  [162/326] ✓  QMH-Thi%C3%AAn-%C4%91%C6%B0%E1%BB%9Dng-gi%E1%BA%A3i-tr%
  [163/326] ✓  QMH-Thi%C3%AAn-%C4%91%C6%B0%E1%BB%9Dng-gi%E1%BA%A3i-tr%
  [164/326] ✓  QMH-Thi%C3%AAn-%C4%91%C6%B0%E1%BB%9Dng-gi%E1%BA%A3i-tr%
  [165/326] ✓  QMH-Thi%C3%AAn-%C4%91%C6%B0%E1%BB%9Dng-gi%E1%BA%A3i-tr%
  [166/326] ✓  QMH-Thi%C3%AAn-%C4%91%C6%B0%E1%BB%9Dng-gi%E1%BA%A3i-tr%
  [167/326] ✓  QMH-Thi%C3%AAn-%C4%91%C6%B0%E1%BB%9Dng-gi%E1%BA%A3i-tr%
  [168/326] ✓  QMH-Thi%C3%AAn-%C4%91%C6%B0%E1%BB%9Dng-gi%E1%BA%A3i-tr%
  [169/326] ✓  QMH-Thi%C3%AAn-%C4%91%C6%B0%E1%BB%9Dng-gi%E1%BA%A3i-tr%
  [170/326] ✓  QMH-Thi%C3%AAn-%C4%91%C6%B0%E1%BB%9Dng-gi%E1%BA%A3i-tr%
  [171/326] ✓  QMH-Thi%C3%AAn-%C4%91%C6%B0%E1%BB%9Dng-gi%E1%BA%A3i-tr%
  [172/326] ✓  QMH-Thi%C3%AAn-%C4%91%C6%B0%E1%BB%9Dng-gi%E1%BA%A3i-tr%
  [173/326] ✓  QMH-Thi%C3%AAn-%C4%91%C6%B0%E1%BB%9Dng-gi%E1%BA%A3i-tr%
  [174/326] ✓  QMH-Thi%C3%AAn-%C4%91%C6%B0%E1%BB%9Dng-gi%E1%BA%A3i-tr%
  [175/326] ✓  QMH-Thi%C3%AAn-%C4%91%C6%B0%E1%BB%9Dng-gi%E1%BA%A3i-tr%
  [176/326] ✓  QMH-Thi%C3%AAn-%C4%91%C6%B0%E1%BB%9Dng-gi%E1%BA%A3i-tr%
  [177/326] ✓  QMH-Thi%C3%AAn-%C4%91%C6%B0%E1%BB%9Dng-gi%E1%BA%A3i-tr%
  [178/326] ✓  QMH-Thi%C3%AAn-%C4%91%C6%B0%E1%BB%9Dng-gi%E1%BA%A3i-tr%
  [179/326] ✓  QMH-Thi%C3%AAn-%C4%91%C6%B0%E1%BB%9Dng-gi%E1%BA%A3i-tr%
  [180/326] ✓  QMH-Thi%C3%AAn-%C4%91%C6%B0%E1%BB%9Dng-gi%E1%BA%A3i-tr%
  [181/326] ✓  QMH-Thi%C3%AAn-%C4%91%C6%B0%E1%BB%9Dng-gi%E1%BA%A3i-tr%
  [182/326] ✓  QMH-Thi%C3%AAn-%C4%91%C6%B0%E1%BB%9Dng-gi%E1%BA%A3i-tr%
  [183/326] ✓  QMH-Thi%C3%AAn-%C4%91%C6%B0%E1%BB%9Dng-gi%E1%BA%A3i-tr%
  [184/326] ✓  QMH-Thi%C3%AAn-%C4%91%C6%B0%E1%BB%9Dng-gi%E1%BA%A3i-tr%
  [185/326] ✓  QMH-Thi%C3%AAn-%C4%91%C6%B0%E1%BB%9Dng-gi%E1%BA%A3i-tr%
  [186/326] ✓  QMH-Thi%C3%AAn-%C4%91%C6%B0%E1%BB%9Dng-gi%E1%BA%A3i-tr%
  [187/326] ✓  QMH-Thi%C3%AAn-%C4%91%C6%B0%E1%BB%9Dng-gi%E1%BA%A3i-tr%
  [188/326] ✓  QMH-Thi%C3%AAn-%C4%91%C6%B0%E1%BB%9Dng-gi%E1%BA%A3i-tr%
  [189/326] ✓  QMH-Thi%C3%AAn-%C4%91%C6%B0%E1%BB%9Dng-gi%E1%BA%A3i-tr%
  [190/326] ✓  QMH-Thi%C3%AAn-%C4%91%C6%B0%E1%BB%9Dng-gi%E1%BA%A3i-tr%
  [191/326] ✓  QMH-Thi%C3%AAn-%C4%91%C6%B0%E1%BB%9Dng-gi%E1%BA%A3i-tr%
  [192/326] ✓  QMH-Thi%C3%AAn-%C4%91%C6%B0%E1%BB%9Dng-gi%E1%BA%A3i-tr%
  [193/326] ✓  QMH-Thi%C3%AAn-%C4%91%C6%B0%E1%BB%9Dng-gi%E1%BA%A3i-tr%
  [194/326] ✓  QMH-Thi%C3%AAn-%C4%91%C6%B0%E1%BB%9Dng-gi%E1%BA%A3i-tr%
  [195/326] ✓  QMH-Thi%C3%AAn-%C4%91%C6%B0%E1%BB%9Dng-gi%E1%BA%A3i-tr%
  [196/326] ✓  QMH-Thi%C3%AAn-%C4%91%C6%B0%E1%BB%9Dng-gi%E1%BA%A3i-tr%
  [197/326] ✓  QMH-Thi%C3%AAn-%C4%91%C6%B0%E1%BB%9Dng-gi%E1%BA%A3i-tr%
  [198/326] ✓  QMH-Thi%C3%AAn-%C4%91%C6%B0%E1%BB%9Dng-gi%E1%BA%A3i-tr%
  [199/326] ✓  QMH-Thi%C3%AAn-%C4%91%C6%B0%E1%BB%9Dng-gi%E1%BA%A3i-tr%
  [200/326] ✓  QMH-Thi%C3%AAn-%C4%91%C6%B0%E1%BB%9Dng-gi%E1%BA%A3i-tr%
  [201/326] ✓  QMH-Thi%C3%AAn-%C4%91%C6%B0%E1%BB%9Dng-gi%E1%BA%A3i-tr%
  [202/326] ✓  QMH-Thi%C3%AAn-%C4%91%C6%B0%E1%BB%9Dng-gi%E1%BA%A3i-tr%
  [203/326] ✓  QMH-Thi%C3%AAn-%C4%91%C6%B0%E1%BB%9Dng-gi%E1%BA%A3i-tr%
  [204/326] ✓  QMH-Thi%C3%AAn-%C4%91%C6%B0%E1%BB%9Dng-gi%E1%BA%A3i-tr%
  [205/326] ✓  QMH-Thi%C3%AAn-%C4%91%C6%B0%E1%BB%9Dng-gi%E1%BA%A3i-tr%
  [206/326] ✓  QMH-Thi%C3%AAn-%C4%91%C6%B0%E1%BB%9Dng-gi%E1%BA%A3i-tr%
  [207/326] ✓  QMH-Thi%C3%AAn-%C4%91%C6%B0%E1%BB%9Dng-gi%E1%BA%A3i-tr%
  [208/326] ✓  QMH-Thi%C3%AAn-%C4%91%C6%B0%E1%BB%9Dng-gi%E1%BA%A3i-tr%
  [209/326] ✓  QMH-Thi%C3%AAn-%C4%91%C6%B0%E1%BB%9Dng-gi%E1%BA%A3i-tr%
  [210/326] ✓  QMH-Thi%C3%AAn-%C4%91%C6%B0%E1%BB%9Dng-gi%E1%BA%A3i-tr%
  [211/326] ✓  QMH-Thi%C3%AAn-%C4%91%C6%B0%E1%BB%9Dng-gi%E1%BA%A3i-tr%
  [212/326] ✓  QMH-Thi%C3%AAn-%C4%91%C6%B0%E1%BB%9Dng-gi%E1%BA%A3i-tr%
  [213/326] ✓  QMH-Thi%C3%AAn-%C4%91%C6%B0%E1%BB%9Dng-gi%E1%BA%A3i-tr%
  [214/326] ✓  QMH-Thi%C3%AAn-%C4%91%C6%B0%E1%BB%9Dng-gi%E1%BA%A3i-tr%
  [215/326] ✓  QMH-Thi%C3%AAn-%C4%91%C6%B0%E1%BB%9Dng-gi%E1%BA%A3i-tr%
  [216/326] ✓  QMH-Thi%C3%AAn-%C4%91%C6%B0%E1%BB%9Dng-gi%E1%BA%A3i-tr%
  [217/326] ✓  QMH-Thi%C3%AAn-%C4%91%C6%B0%E1%BB%9Dng-gi%E1%BA%A3i-tr%
  [218/326] ✓  QMH-Thi%C3%AAn-%C4%91%C6%B0%E1%BB%9Dng-gi%E1%BA%A3i-tr%
  [219/326] ✓  QMH-Thi%C3%AAn-%C4%91%C6%B0%E1%BB%9Dng-gi%E1%BA%A3i-tr%
  [220/326] ✓  QMH-Thi%C3%AAn-%C4%91%C6%B0%E1%BB%9Dng-gi%E1%BA%A3i-tr%
  [221/326] ✓  QMH-Thi%C3%AAn-%C4%91%C6%B0%E1%BB%9Dng-gi%E1%BA%A3i-tr%
  [222/326] ✓  QMH-Thi%C3%AAn-%C4%91%C6%B0%E1%BB%9Dng-gi%E1%BA%A3i-tr%
  [223/326] ✓  QMH-Thi%C3%AAn-%C4%91%C6%B0%E1%BB%9Dng-gi%E1%BA%A3i-tr%
  [224/326] ✓  QMH-Thi%C3%AAn-%C4%91%C6%B0%E1%BB%9Dng-gi%E1%BA%A3i-tr%
  [225/326] ✓  QMH-Thi%C3%AAn-%C4%91%C6%B0%E1%BB%9Dng-gi%E1%BA%A3i-tr%
  [226/326] ✓  QMH-Thi%C3%AAn-%C4%91%C6%B0%E1%BB%9Dng-gi%E1%BA%A3i-tr%
  [227/326] ✓  QMH-Thi%C3%AAn-%C4%91%C6%B0%E1%BB%9Dng-gi%E1%BA%A3i-tr%
  [228/326] ✓  QMH-Thi%C3%AAn-%C4%91%C6%B0%E1%BB%9Dng-gi%E1%BA%A3i-tr%
  [229/326] ✓  QMH-Thi%C3%AAn-%C4%91%C6%B0%E1%BB%9Dng-gi%E1%BA%A3i-tr%
  [230/326] ✓  QMH-Thi%C3%AAn-%C4%91%C6%B0%E1%BB%9Dng-gi%E1%BA%A3i-tr%
  [231/326] ✓  QMH-Thi%C3%AAn-%C4%91%C6%B0%E1%BB%9Dng-gi%E1%BA%A3i-tr%
  [232/326] ✓  QMH-Thi%C3%AAn-%C4%91%C6%B0%E1%BB%9Dng-gi%E1%BA%A3i-tr%
  [233/326] ✓  QMH-Thi%C3%AAn-%C4%91%C6%B0%E1%BB%9Dng-gi%E1%BA%A3i-tr%
  [234/326] ✓  QMH-Thi%C3%AAn-%C4%91%C6%B0%E1%BB%9Dng-gi%E1%BA%A3i-tr%
  [235/326] ✓  QMH-Thi%C3%AAn-%C4%91%C6%B0%E1%BB%9Dng-gi%E1%BA%A3i-tr%
  [236/326] ✓  QMH-Thi%C3%AAn-%C4%91%C6%B0%E1%BB%9Dng-gi%E1%BA%A3i-tr%
  [237/326] ✓  QMH-Thi%C3%AAn-%C4%91%C6%B0%E1%BB%9Dng-gi%E1%BA%A3i-tr%
  [238/326] ✓  QMH-Thi%C3%AAn-%C4%91%C6%B0%E1%BB%9Dng-gi%E1%BA%A3i-tr%
  [239/326] ✓  QMH-Thi%C3%AAn-%C4%91%C6%B0%E1%BB%9Dng-gi%E1%BA%A3i-tr%
  [240/326] ✓  QMH-Thi%C3%AAn-%C4%91%C6%B0%E1%BB%9Dng-gi%E1%BA%A3i-tr%
  [241/326] ✓  QMH-Thi%C3%AAn-%C4%91%C6%B0%E1%BB%9Dng-gi%E1%BA%A3i-tr%
  [242/326] ✓  QMH-Thi%C3%AAn-%C4%91%C6%B0%E1%BB%9Dng-gi%E1%BA%A3i-tr%
  [243/326] ✓  QMH-Thi%C3%AAn-%C4%91%C6%B0%E1%BB%9Dng-gi%E1%BA%A3i-tr%
  [244/326] ✓  QMH-Thi%C3%AAn-%C4%91%C6%B0%E1%BB%9Dng-gi%E1%BA%A3i-tr%
  [245/326] ✓  QMH-Thi%C3%AAn-%C4%91%C6%B0%E1%BB%9Dng-gi%E1%BA%A3i-tr%
  [246/326] ✓  QMH-Thi%C3%AAn-%C4%91%C6%B0%E1%BB%9Dng-gi%E1%BA%A3i-tr%
  [247/326] ✓  QMH-Thi%C3%AAn-%C4%91%C6%B0%E1%BB%9Dng-gi%E1%BA%A3i-tr%
  [248/326] ✓  QMH-Thi%C3%AAn-%C4%91%C6%B0%E1%BB%9Dng-gi%E1%BA%A3i-tr%
  [249/326] ✓  QMH-Thi%C3%AAn-%C4%91%C6%B0%E1%BB%9Dng-gi%E1%BA%A3i-tr%
  [250/326] ✓  QMH-Thi%C3%AAn-%C4%91%C6%B0%E1%BB%9Dng-gi%E1%BA%A3i-tr%
  [251/326] ✓  QMH-Thi%C3%AAn-%C4%91%C6%B0%E1%BB%9Dng-gi%E1%BA%A3i-tr%
  [252/326] ✓  QMH-Thi%C3%AAn-%C4%91%C6%B0%E1%BB%9Dng-gi%E1%BA%A3i-tr%
  [253/326] ✓  QMH-Thi%C3%AAn-%C4%91%C6%B0%E1%BB%9Dng-gi%E1%BA%A3i-tr%
  [254/326] ✓  QMH-Thi%C3%AAn-%C4%91%C6%B0%E1%BB%9Dng-gi%E1%BA%A3i-tr%
  [255/326] ✓  QMH-Thi%C3%AAn-%C4%91%C6%B0%E1%BB%9Dng-gi%E1%BA%A3i-tr%
  [256/326] ✓  QMH-Thi%C3%AAn-%C4%91%C6%B0%E1%BB%9Dng-gi%E1%BA%A3i-tr%
  [257/326] ✗  videoanhmoe-BApV6g
  [258/326] ✓  QMH-SEX-360p-15
  [259/326] ✓  QMH-SEX-360p
  [260/326] ✓  QMH-SEX-360p-1
  [261/326] ✓  QMH-SEX-360p-9
  [262/326] ✓  QMH-SEX-360p-8
  [263/326] ✓  QMH-SEX-360p-14
  [264/326] ✓  QMH-SEX-360p-12
  [265/326] ✓  Video-1697731
  [266/326] ✓  Video-1697730
  [267/326] ✗  videoanhmoe-IaOSOw
  [268/326] ✓  QMH-T%C3%8CNH-D%E1%BB%A4C-1
  [269/326] ✓  QMH-T%C3%8CNH-D%E1%BB%A4C
  [270/326] ✓  QMH-T%C3%8CNH-D%E1%BB%A4C-3
  [271/326] ✓  QMH-T%C3%8CNH-D%E1%BB%A4C-4
  [272/326] ✓  QMH-T%C3%8CNH-D%E1%BB%A4C-7
  [273/326] ✓  QMH-T%C3%8CNH-D%E1%BB%A4C-6
  [274/326] ✓  QMH-SEX
  [275/326] ✓  QMH-SEX-1
  [276/326] ✓  QMH-T%C3%8CNH-D%E1%BB%A4C-5
  [277/326] ✓  QMH-T%C3%8CNH-D%E1%BB%A4C-8
  [278/326] ✓  QMH-SEX-2
  [279/326] ✓  QMH-T%C3%8CNH-D%E1%BB%A4C-9
  [280/326] ✓  QMH-T%C3%8CNH-D%E1%BB%A4C-10
  [281/326] ✗  videoanhmoe-lu5hpP
  [282/326] ✗  videoanhmoe-ClYIuDX
  [283/326] ✓  QMH-SEX
  [284/326] ✓  QMH-SEX-4
  [285/326] ✓  QMH-SEX-3
  [286/326] ✓  QMH-SEX-2
  [287/326] ✓  QMH-SEX-1
  [288/326] ✓  QMH-SEX
  [289/326] ✓  QMH-SEX
  [290/326] ✓  QMH-SEX
  [291/326] ✓  QMH-SEX-2
  [292/326] ✓  QMH-SEX-1
  [293/326] ✓  QMH-SEX
  [294/326] ✗  videoanhmoe-1xjtIF
  [295/326] ✗  videoanhmoe-LYnOcSd
  [296/326] ✓  QMH-SEX-608x1080-6-1
  [297/326] ✓  QMH-SEX-608x1080-7
  [298/326] ✗  videoanhmoe-F2MOX87I
  [299/326] ✗  videoanhmoe-SY1tVpm
  [300/326] ✗  videoanhmoe-kWTtJY
  [301/326] ✓  QMH-T%C3%8CNH-D%E1%BB%A4C
  [302/326] ✗  videoanhmoe-3Caoqdac
  [303/326] ✗  videoanhmoe-N2aIf5cD
  [304/326] ✗  videoanhmoe-nKXMeWv
  [305/326] ✗  videoanhmoe-hkgfR2I5
  [306/326] ✓  QMH-SEX17
  [307/326] ✓  QMH-SEX13
  [308/326] ✓  QMH-SEX31
  [309/326] ✓  QMH-SEX29
  [310/326] ✓  QMH-SEX30
  [311/326] ✓  QMH-SEX27
  [312/326] ✓  QMH-SEX
  [313/326] ✓  vi%E1%BB%87tnam-public
  [314/326] ✗  videoanhmoe-D6oJNsz
  [315/326] ✓  QMH-SEX
  [316/326] ✗  videoanhmoe-i9Kb6U
  [317/326] ✓  QMH
  [318/326] ✗  videoanhmoe-wtAyet
  [319/326] ✗  videoanhmoe-6QaFbe
  [320/326] ✗  videoanhmoe-GEObrNM
  [321/326] ✓  QMH-SEX-2
  [322/326] ✓  QMH-SEX
  [323/326] ✓  QMH-SEX-1
  [324/326] ✓  QMH-SEX
  [325/326] ✓  KH%E1%BA%A8U-d%C3%A2m
  [326/326] ✓  3-some

============================================================
Videos found : 308
Failed/skipped: 18
First 5:
  https://cdn.save.moe/s3/NhPO4.mp4
  https://cdn.save.moe/s3/0S6tvSX.mp4
  https://cdn.save.moe/s3/IvakjV4.mp4
  https://cdn.save.moe/s3/Sd4vBv7.mp4
  https://cdn.save.moe/s3/Gz24u.mp4
  Inserted new thread 'QMH' at top with 308 videos
  Total videos across all threads: 43194

Saved → videos.json  +  videos-data.js
